Change Component Designator: Old Designator=C2 New Designator=C6
Change Component Designator: Old Designator=C3 New Designator=C12
Change Component Designator: Old Designator=C4 New Designator=C13
Change Component Designator: Old Designator=C5 New Designator=C8
Change Component Designator: Old Designator=C6 New Designator=C11
Change Component Designator: Old Designator=C11 New Designator=C14
Change Component Designator: Old Designator=C26 New Designator=C3
Change Component Designator: Old Designator=C27 New Designator=C2
Change Component Designator: Old Designator=C28 New Designator=C5
Change Component Designator: Old Designator=C29 New Designator=C4
Change Component Designator: Old Designator=D0 New Designator=D1
Change Component Designator: Old Designator=D1 New Designator=D2
Change Component Designator: Old Designator=D2 New Designator=D3
Change Component Designator: Old Designator=J1 New Designator=J3
Change Component Designator: Old Designator=J3 New Designator=J4
Change Component Designator: Old Designator=J6 New Designator=J1
Change Component Designator: Old Designator=J7 New Designator=J2
Change Component Designator: Old Designator=KEY0 New Designator=KEY1
Change Component Designator: Old Designator=KEY1 New Designator=KEY2
Change Component Designator: Old Designator=R1 New Designator=R3
Change Component Designator: Old Designator=R3 New Designator=R1
Change Component Designator: Old Designator=R4 New Designator=R9
Change Component Designator: Old Designator=R11 New Designator=R4
Change Component Designator: Old Designator=R12 New Designator=R5
Change Component Designator: Old Designator=R18 New Designator=R10
Change Component Designator: Old Designator=R19 New Designator=R11
Change Component Designator: Old Designator=R20 New Designator=R12
Change Component Designator: Old Designator=R21 New Designator=R6
Change Component Designator: Old Designator=R22 New Designator=R7
Change Component Designator: Old Designator=R23 New Designator=R8
Change Component Designator: Old Designator=REST New Designator=REST1
Change Component Designator: Old Designator=WK_UP New Designator=WK_UP1
Change Component Designator: Old Designator=Y1 New Designator=Y2
Change Component Designator: Old Designator=Y2 New Designator=Y1
