Change Net Name : Old Net Name=A0 New Net Name=WK_UP
Change Net Name : Old Net Name=A1 New Net Name=NetU1_15
Change Net Name : Old Net Name=A2 New Net Name=NetU1_16
Change Net Name : Old Net Name=A3 New Net Name=NetU1_17
Change Net Name : Old Net Name=A4 New Net Name=NetU1_20
Change Net Name : Old Net Name=A5 New Net Name=NetU1_21
Change Net Name : Old Net Name=A6 New Net Name=NetU1_22
Change Net Name : Old Net Name=A7 New Net Name=NetU1_23
Change Net Name : Old Net Name=A8 New Net Name=NetLED1_2
Change Net Name : Old Net Name=A9 New Net Name=NetC1_4
Change Net Name : Old Net Name=A10 New Net Name=NetC1_3
Change Net Name : Old Net Name=A11 New Net Name=USB D-
Change Net Name : Old Net Name=A12 New Net Name=USB D+
Change Net Name : Old Net Name=A13 New Net Name=DIO
Change Net Name : Old Net Name=A14 New Net Name=CLK
Change Net Name : Old Net Name=A15 New Net Name=NetU1_50
Change Net Name : Old Net Name=B0 New Net Name=NetU1_26
Change Net Name : Old Net Name=B1 New Net Name=NetU1_28
Change Net Name : Old Net Name=B2 New Net Name=NetU1_27
Change Net Name : Old Net Name=B3 New Net Name=NetU1_55
Change Net Name : Old Net Name=B4 New Net Name=NetU1_56
Change Net Name : Old Net Name=B5 New Net Name=NetU1_57
Change Net Name : Old Net Name=B6 New Net Name=NetU1_58
Change Net Name : Old Net Name=B7 New Net Name=NetU1_59
Change Net Name : Old Net Name=B8 New Net Name=NetU1_61
Change Net Name : Old Net Name=B9 New Net Name=NetU1_62
Change Net Name : Old Net Name=B10 New Net Name=NetU1_29
Change Net Name : Old Net Name=B11 New Net Name=NetU1_30
Change Net Name : Old Net Name=B12 New Net Name=NetU1_33
Change Net Name : Old Net Name=B13 New Net Name=NetU1_34
Change Net Name : Old Net Name=B14 New Net Name=NetU1_35
Change Net Name : Old Net Name=B15 New Net Name=NetU1_36
