Change Net Name : Old Net Name=CLK New Net Name=A14
Change Net Name : Old Net Name=DIO New Net Name=A13
Change Net Name : Old Net Name=NetC1_3 New Net Name=A10
Change Net Name : Old Net Name=NetC1_4 New Net Name=A9
Change Net Name : Old Net Name=NetLED1_2 New Net Name=A8
Change Net Name : Old Net Name=NetU1_15 New Net Name=A1
Change Net Name : Old Net Name=NetU1_16 New Net Name=A2
Change Net Name : Old Net Name=NetU1_17 New Net Name=A3
Change Net Name : Old Net Name=NetU1_20 New Net Name=A4
Change Net Name : Old Net Name=NetU1_21 New Net Name=A5
Change Net Name : Old Net Name=NetU1_22 New Net Name=A6
Change Net Name : Old Net Name=NetU1_23 New Net Name=A7
Change Net Name : Old Net Name=NetU1_26 New Net Name=B0
Change Net Name : Old Net Name=NetU1_27 New Net Name=B2
Change Net Name : Old Net Name=NetU1_28 New Net Name=B1
Change Net Name : Old Net Name=NetU1_29 New Net Name=B10
Change Net Name : Old Net Name=NetU1_30 New Net Name=B11
Change Net Name : Old Net Name=NetU1_33 New Net Name=B12
Change Net Name : Old Net Name=NetU1_34 New Net Name=B13
Change Net Name : Old Net Name=NetU1_35 New Net Name=B14
Change Net Name : Old Net Name=NetU1_36 New Net Name=B15
Change Net Name : Old Net Name=NetU1_50 New Net Name=A15
Change Net Name : Old Net Name=NetU1_55 New Net Name=B3
Change Net Name : Old Net Name=NetU1_56 New Net Name=B4
Change Net Name : Old Net Name=NetU1_57 New Net Name=B5
Change Net Name : Old Net Name=NetU1_58 New Net Name=B6
Change Net Name : Old Net Name=NetU1_59 New Net Name=B7
Change Net Name : Old Net Name=NetU1_61 New Net Name=B8
Change Net Name : Old Net Name=NetU1_62 New Net Name=B9
Change Net Name : Old Net Name=USB D+ New Net Name=A12
Change Net Name : Old Net Name=USB D- New Net Name=A11
