Added Component: Designator=J2(IDC20)
Add component. Clean all parameters for all variants
Add component (AddParameter): Name = "LatestRevisionDate"; Value = "17-Jul-2002"; VariantName = "[No Variations]"
Add component (AddParameter): Name = "LatestRevisionNote"; Value = "Re-released for DXP Platform."; VariantName = "[No Variations]"
Add component (AddParameter): Name = "Publisher"; Value = "Altium Limited"; VariantName = "[No Variations]"
Added Component: Designator=J3(HDR1X4)
Add component. Clean all parameters for all variants
Add component (AddParameter): Name = "LatestRevisionDate"; Value = "17-Jul-2002"; VariantName = "[No Variations]"
Add component (AddParameter): Name = "LatestRevisionNote"; Value = "Re-released for DXP Platform."; VariantName = "[No Variations]"
Add component (AddParameter): Name = "Publisher"; Value = "Altium Limited"; VariantName = "[No Variations]"
Added Component: Designator=J4(HDR2X4)
Add component. Clean all parameters for all variants
Added Component: Designator=J5(HDR1X8)
Add component. Clean all parameters for all variants
Added Component: Designator=U1(SOT223)
Add component. Clean all parameters for all variants
Added Pin To Net: NetName=A0 Pin=J5-7
Added Net: Name=A0
Added Net: Name=BOOT0
Added Net: Name=BOOT1
Added Pin To Net: NetName=CS Pin=J5-5
Added Net: Name=CS
Added Net: Name=F_CS
Added Pin To Net: NetName=GND Pin=J2-4
Added Pin To Net: NetName=GND Pin=J2-6
Added Pin To Net: NetName=GND Pin=J2-8
Added Pin To Net: NetName=GND Pin=J2-10
Added Pin To Net: NetName=GND Pin=J2-12
Added Pin To Net: NetName=GND Pin=J2-14
Added Pin To Net: NetName=GND Pin=J2-16
Added Pin To Net: NetName=GND Pin=J2-18
Added Pin To Net: NetName=GND Pin=J2-20
Added Pin To Net: NetName=GND Pin=J3-2
Added Pin To Net: NetName=GND Pin=J4-1
Added Pin To Net: NetName=GND Pin=J5-2
Added Pin To Net: NetName=GND Pin=U1-1
Added Net: Name=GND
Added Pin To Net: NetName=JTCK/SWCLK Pin=J2-9
Added Net: Name=JTCK/SWCLK
Added Pin To Net: NetName=JTDI/PA15 Pin=J2-5
Added Net: Name=JTDI/PA15
Added Pin To Net: NetName=JTDO/PB3 Pin=J2-13
Added Net: Name=JTDO/PB3
Added Pin To Net: NetName=JTMS/SWDIO Pin=J2-7
Added Net: Name=JTMS/SWDIO
Added Pin To Net: NetName=JTRST/PB4 Pin=J2-3
Added Net: Name=JTRST/PB4
Added Net: Name=KEY0
Added Net: Name=KEY1
Added Net: Name=LED0
Added Net: Name=LED1
Added Net: Name=NetD0_1
Added Net: Name=NetD1_1
Added Net: Name=NetD2_1
Added Net: Name=NetF1_2
Added Net: Name=NetJ1_2
Added Net: Name=NetJ1_3
Added Net: Name=NetJ6_27
Added Net: Name=NetJ6_28
Added Pin To Net: NetName=NRF_CE Pin=J4-3
Added Net: Name=NRF_CE
Added Pin To Net: NetName=NRF_CS Pin=J4-4
Added Net: Name=NRF_CS
Added Pin To Net: NetName=NRF_IRQ Pin=J4-8
Added Net: Name=NRF_IRQ
Added Net: Name=OSC_IN1
Added Net: Name=OSC_IN2
Added Net: Name=OSC_OUT1
Added Net: Name=OSC_OUT2
Added Net: Name=PA0
Added Net: Name=PA1
Added Net: Name=PA3
Added Pin To Net: NetName=PA5 Pin=J4-5
Added Net: Name=PA5
Added Pin To Net: NetName=PA6 Pin=J4-7
Added Net: Name=PA6
Added Pin To Net: NetName=PA7 Pin=J4-6
Added Net: Name=PA7
Added Pin To Net: NetName=PA9 Pin=J3-4
Added Net: Name=PA9
Added Pin To Net: NetName=PA10 Pin=J3-3
Added Net: Name=PA10
Added Net: Name=PA11
Added Net: Name=PA12
Added Net: Name=PB0
Added Net: Name=PB1
Added Net: Name=PB5
Added Net: Name=PB6
Added Net: Name=PB7
Added Net: Name=PB8
Added Net: Name=PB9
Added Net: Name=PB10
Added Net: Name=PB11
Added Pin To Net: NetName=PB13 Pin=J5-4
Added Net: Name=PB13
Added Net: Name=PB14
Added Pin To Net: NetName=PB15 Pin=J5-3
Added Net: Name=PB15
Added Net: Name=PC0
Added Net: Name=PC2
Added Net: Name=PC3
Added Net: Name=PC7
Added Net: Name=PC8
Added Net: Name=PC9
Added Net: Name=PC10
Added Net: Name=PC11
Added Net: Name=PC12
Added Pin To Net: NetName=RESET Pin=J2-15
Added Pin To Net: NetName=RESET Pin=J5-6
Added Net: Name=RESET
Added Pin To Net: NetName=VCC3.3 Pin=J2-1
Added Pin To Net: NetName=VCC3.3 Pin=J2-2
Added Pin To Net: NetName=VCC3.3 Pin=J4-2
Added Pin To Net: NetName=VCC3.3 Pin=J5-1
Added Pin To Net: NetName=VCC3.3 Pin=U1-2
Added Net: Name=VCC3.3
Added Pin To Net: NetName=VCC5 Pin=J3-1
Added Pin To Net: NetName=VCC5 Pin=U1-3
Added Net: Name=VCC5
Added Class: Name=MINI-STM32
Added Room: Name=MINI-STM32
