Added Component: Designator=C15(HDR4)
Add component. Clean all parameters for all variants
Add component (AddParameter): Name = "ComponentLink1 Description"; Value = "Manufacturer"; VariantName = "[No Variations]"
Add component (AddParameter): Name = "ComponentLink1URL"; Value = "http://www.we-online.com"; VariantName = "[No Variations]"
Add component (AddParameter): Name = "ComponentLink2 Description"; Value = "Datasheet"; VariantName = "[No Variations]"
Add component (AddParameter): Name = "ComponentLink2URL"; Value = "http://katalog.we-online.de/em/datasheet/6130xx143121.pdf"; VariantName = "[No Variations]"
Add component (AddParameter): Name = "Created by"; Value = "Karrer Zheng"; VariantName = "[No Variations]"
Add component (AddParameter): Name = "Created Date"; Value = "29 March 2013"; VariantName = "[No Variations]"
Add component (AddParameter): Name = "Manufacturer"; Value = "W¨¹rth Elektronik eiSos GmbH"; VariantName = "[No Variations]"
Add component (AddParameter): Name = "NoPins"; Value = "02"; VariantName = "[No Variations]"
Add component (AddParameter): Name = "partNo"; Value = "613002143121"; VariantName = "[No Variations]"
Added Component: Designator=C16(SM-CAP-0805)
Add component. Clean all parameters for all variants
Add component (AddParameter): Name = "Designed by"; Value = "VanDungEvn"; VariantName = "[No Variations]"
Add component (AddParameter): Name = "Value"; Value = "0,1uF/300V"; VariantName = "[No Variations]"
Added Component: Designator=C17(SM-CAP-0805)
Add component. Clean all parameters for all variants
Add component (AddParameter): Name = "Designed by"; Value = "VanDungEvn"; VariantName = "[No Variations]"
Add component (AddParameter): Name = "Value"; Value = "0,1uF/300V"; VariantName = "[No Variations]"
Added Component: Designator=C18(SM-CAP-0805)
Add component. Clean all parameters for all variants
Add component (AddParameter): Name = "Designed by"; Value = "VanDungEvn"; VariantName = "[No Variations]"
Add component (AddParameter): Name = "Value"; Value = "0,1uF/300V"; VariantName = "[No Variations]"
Added Component: Designator=C19(SM-CAP-0805)
Add component. Clean all parameters for all variants
Add component (AddParameter): Name = "Designed by"; Value = "VanDungEvn"; VariantName = "[No Variations]"
Add component (AddParameter): Name = "Value"; Value = "0,1uF/300V"; VariantName = "[No Variations]"
Added Component: Designator=C20(SM-CAP-0805)
Add component. Clean all parameters for all variants
Add component (AddParameter): Name = "Designed by"; Value = "VanDungEvn"; VariantName = "[No Variations]"
Add component (AddParameter): Name = "Value"; Value = "0,1uF/300V"; VariantName = "[No Variations]"
Added Component: Designator=C21(SM-CAP-0805)
Add component. Clean all parameters for all variants
Add component (AddParameter): Name = "Designed by"; Value = "VanDungEvn"; VariantName = "[No Variations]"
Add component (AddParameter): Name = "Value"; Value = "0,1uF/300V"; VariantName = "[No Variations]"
Added Component: Designator=C22(SM-CAP-0805)
Add component. Clean all parameters for all variants
Add component (AddParameter): Name = "Designed by"; Value = "VanDungEvn"; VariantName = "[No Variations]"
Add component (AddParameter): Name = "Value"; Value = "0,1uF/300V"; VariantName = "[No Variations]"
Added Component: Designator=C23(SM-CAP-0805)
Add component. Clean all parameters for all variants
Add component (AddParameter): Name = "Designed by"; Value = "VanDungEvn"; VariantName = "[No Variations]"
Add component (AddParameter): Name = "Value"; Value = "0,1uF/300V"; VariantName = "[No Variations]"
Added Component: Designator=C24(SM-CAP-0805)
Add component. Clean all parameters for all variants
Add component (AddParameter): Name = "Designed by"; Value = "VanDungEvn"; VariantName = "[No Variations]"
Add component (AddParameter): Name = "Value"; Value = "0,1uF/300V"; VariantName = "[No Variations]"
Added Component: Designator=C25(SM-CAP-0805)
Add component. Clean all parameters for all variants
Add component (AddParameter): Name = "Designed by"; Value = "VanDungEvn"; VariantName = "[No Variations]"
Add component (AddParameter): Name = "Value"; Value = "0,1uF/300V"; VariantName = "[No Variations]"
Added Component: Designator=C26(SM-CAP-0805)
Add component. Clean all parameters for all variants
Add component (AddParameter): Name = "Designed by"; Value = "VanDungEvn"; VariantName = "[No Variations]"
Add component (AddParameter): Name = "Value"; Value = "0,1uF/300V"; VariantName = "[No Variations]"
Added Component: Designator=C27(SM-CAP-0805)
Add component. Clean all parameters for all variants
Add component (AddParameter): Name = "Designed by"; Value = "VanDungEvn"; VariantName = "[No Variations]"
Add component (AddParameter): Name = "Value"; Value = "0,1uF/300V"; VariantName = "[No Variations]"
Added Component: Designator=C28(SM-CAP-0805)
Add component. Clean all parameters for all variants
Add component (AddParameter): Name = "Designed by"; Value = "VanDungEvn"; VariantName = "[No Variations]"
Add component (AddParameter): Name = "Value"; Value = "0,1uF/300V"; VariantName = "[No Variations]"
Added Component: Designator=C29(SM-CAP-0805)
Add component. Clean all parameters for all variants
Add component (AddParameter): Name = "Designed by"; Value = "VanDungEvn"; VariantName = "[No Variations]"
Add component (AddParameter): Name = "Value"; Value = "0,1uF/300V"; VariantName = "[No Variations]"
Added Component: Designator=FUSE1(RES-SMD-0805)
Add component. Clean all parameters for all variants
Add component (AddParameter): Name = "Class"; Value = "Passive"; VariantName = "[No Variations]"
Add component (AddParameter): Name = "Manufacturer"; Value = "Generic Components"; VariantName = "[No Variations]"
Add component (AddParameter): Name = "Published"; Value = "08/06/2000"; VariantName = "[No Variations]"
Add component (AddParameter): Name = "Publisher"; Value = "Altium Hobart Technology Centre"; VariantName = "[No Variations]"
Added Component: Designator=J5(USB-M1)
Add component. Clean all parameters for all variants
Add component (AddParameter): Name = ".Checked PCB"; Value = "RF"; VariantName = "[No Variations]"
Add component (AddParameter): Name = ".Checked SCH"; Value = "MM"; VariantName = "[No Variations]"
Add component (AddParameter): Name = ".Creator"; Value = "MM"; VariantName = "[No Variations]"
Add component (AddParameter): Name = "Category"; Value = "Connectors, Interconnects"; VariantName = "[No Variations]"
Add component (AddParameter): Name = "ComponentLink1Description"; Value = "http://portal.fciconnect.com/Comergent//fci/drawing/10118193.pdf"; VariantName = "[No Variations]"
Add component (AddParameter): Name = "ComponentLink1URL"; Value = "http://portal.fciconnect.com/Comergent//fci/drawing/10118193.pdf"; VariantName = "[No Variations]"
Add component (AddParameter): Name = "Connector Type"; Value = "USB - micro B"; VariantName = "[No Variations]"
Add component (AddParameter): Name = "Features"; Value = "Shielded, Solder Retention"; VariantName = "[No Variations]"
Add component (AddParameter): Name = "Gender"; Value = "Receptacle"; VariantName = "[No Variations]"
Add component (AddParameter): Name = "Ingress Protection"; Value = "-"; VariantName = "[No Variations]"
Add component (AddParameter): Name = "Manufacturer"; Value = "FCI"; VariantName = "[No Variations]"
Add component (AddParameter): Name = "Manufacturer Part Number"; Value = "10118193-0001LF"; VariantName = "[No Variations]"
Add component (AddParameter): Name = "Mounting Type"; Value = "Surface Mount, Right Angle, Horizontal"; VariantName = "[No Variations]"
Add component (AddParameter): Name = "Number of Contacts"; Value = "5"; VariantName = "[No Variations]"
Add component (AddParameter): Name = "Packaging"; Value = "Cut Tape (CT)"; VariantName = "[No Variations]"
Add component (AddParameter): Name = "Pricing 1"; Value = "1=0.46, 10=0.433, 25=0.3712, 50=0.3156, 100=0.3032, 250=0.27224, 500=0.25988 (USD)"; VariantName = "[No Variations]"
Add component (AddParameter): Name = "RoHS"; Value = "RoHS Compliant"; VariantName = "[No Variations]"
Add component (AddParameter): Name = "Specifications"; Value = "USB 2.0"; VariantName = "[No Variations]"
Add component (AddParameter): Name = "Stock 1"; Value = "28642"; VariantName = "[No Variations]"
Add component (AddParameter): Name = "Supplier 1"; Value = "Digi-Key"; VariantName = "[No Variations]"
Add component (AddParameter): Name = "Supplier Part Number 1"; Value = "609-4616-1-ND"; VariantName = "[No Variations]"
Added Component: Designator=LED1(LED-0805-Blue)
Add component. Clean all parameters for all variants
Add component (AddParameter): Name = "Value"; Value = "LED 3 - 5 ly 2 Colour"; VariantName = "[No Variations]"
Added Component: Designator=LED2(LED-0805-Blue)
Add component. Clean all parameters for all variants
Add component (AddParameter): Name = "Value"; Value = "LED 3 - 5 ly 2 Colour"; VariantName = "[No Variations]"
Added Component: Designator=LED3(LED-0805-Blue)
Add component. Clean all parameters for all variants
Add component (AddParameter): Name = "Value"; Value = "LED 3 - 5 ly 2 Colour"; VariantName = "[No Variations]"
Added Component: Designator=R13(RES-SMD-0805)
Add component. Clean all parameters for all variants
Add component (AddParameter): Name = "Class"; Value = "Passive"; VariantName = "[No Variations]"
Add component (AddParameter): Name = "Manufacturer"; Value = "Generic Components"; VariantName = "[No Variations]"
Add component (AddParameter): Name = "Published"; Value = "08/06/2000"; VariantName = "[No Variations]"
Add component (AddParameter): Name = "Publisher"; Value = "Altium Hobart Technology Centre"; VariantName = "[No Variations]"
Added Component: Designator=R14(RES-SMD-0805)
Add component. Clean all parameters for all variants
Add component (AddParameter): Name = "Class"; Value = "Passive"; VariantName = "[No Variations]"
Add component (AddParameter): Name = "Manufacturer"; Value = "Generic Components"; VariantName = "[No Variations]"
Add component (AddParameter): Name = "Published"; Value = "08/06/2000"; VariantName = "[No Variations]"
Add component (AddParameter): Name = "Publisher"; Value = "Altium Hobart Technology Centre"; VariantName = "[No Variations]"
Added Component: Designator=R15(RES-SMD-0805)
Add component. Clean all parameters for all variants
Add component (AddParameter): Name = "Class"; Value = "Passive"; VariantName = "[No Variations]"
Add component (AddParameter): Name = "Manufacturer"; Value = "Generic Components"; VariantName = "[No Variations]"
Add component (AddParameter): Name = "Published"; Value = "08/06/2000"; VariantName = "[No Variations]"
Add component (AddParameter): Name = "Publisher"; Value = "Altium Hobart Technology Centre"; VariantName = "[No Variations]"
Added Component: Designator=R16(RES-SMD-0805)
Add component. Clean all parameters for all variants
Add component (AddParameter): Name = "Class"; Value = "Passive"; VariantName = "[No Variations]"
Add component (AddParameter): Name = "Manufacturer"; Value = "Generic Components"; VariantName = "[No Variations]"
Add component (AddParameter): Name = "Published"; Value = "08/06/2000"; VariantName = "[No Variations]"
Add component (AddParameter): Name = "Publisher"; Value = "Altium Hobart Technology Centre"; VariantName = "[No Variations]"
Added Component: Designator=R17(RES-SMD-0805)
Add component. Clean all parameters for all variants
Add component (AddParameter): Name = "Class"; Value = "Passive"; VariantName = "[No Variations]"
Add component (AddParameter): Name = "Manufacturer"; Value = "Generic Components"; VariantName = "[No Variations]"
Add component (AddParameter): Name = "Published"; Value = "08/06/2000"; VariantName = "[No Variations]"
Add component (AddParameter): Name = "Publisher"; Value = "Altium Hobart Technology Centre"; VariantName = "[No Variations]"
Added Component: Designator=R18(RES-SMD-0805)
Add component. Clean all parameters for all variants
Add component (AddParameter): Name = "Class"; Value = "Passive"; VariantName = "[No Variations]"
Add component (AddParameter): Name = "Manufacturer"; Value = "Generic Components"; VariantName = "[No Variations]"
Add component (AddParameter): Name = "Published"; Value = "08/06/2000"; VariantName = "[No Variations]"
Add component (AddParameter): Name = "Publisher"; Value = "Altium Hobart Technology Centre"; VariantName = "[No Variations]"
Added Component: Designator=R19(RES-SMD-0805)
Add component. Clean all parameters for all variants
Add component (AddParameter): Name = "Class"; Value = "Passive"; VariantName = "[No Variations]"
Add component (AddParameter): Name = "Manufacturer"; Value = "Generic Components"; VariantName = "[No Variations]"
Add component (AddParameter): Name = "Published"; Value = "08/06/2000"; VariantName = "[No Variations]"
Add component (AddParameter): Name = "Publisher"; Value = "Altium Hobart Technology Centre"; VariantName = "[No Variations]"
Added Component: Designator=R20(RES-SMD-0805)
Add component. Clean all parameters for all variants
Add component (AddParameter): Name = "Class"; Value = "Passive"; VariantName = "[No Variations]"
Add component (AddParameter): Name = "Manufacturer"; Value = "Generic Components"; VariantName = "[No Variations]"
Add component (AddParameter): Name = "Published"; Value = "08/06/2000"; VariantName = "[No Variations]"
Add component (AddParameter): Name = "Publisher"; Value = "Altium Hobart Technology Centre"; VariantName = "[No Variations]"
Added Component: Designator=SW1(SW1-SMD)
Add component. Clean all parameters for all variants
Add component (AddParameter): Name = "Value"; Value = "SW chip 2 pin"; VariantName = "[No Variations]"
Added Component: Designator=SW2(SW1-SMD)
Add component. Clean all parameters for all variants
Add component (AddParameter): Name = "Value"; Value = "SW chip 2 pin"; VariantName = "[No Variations]"
Added Component: Designator=SW3(SW1-SMD)
Add component. Clean all parameters for all variants
Add component (AddParameter): Name = "Value"; Value = "SW chip 2 pin"; VariantName = "[No Variations]"
Added Component: Designator=SW4(SW1-SMD)
Add component. Clean all parameters for all variants
Add component (AddParameter): Name = "Value"; Value = "SW chip 2 pin"; VariantName = "[No Variations]"
Added Component: Designator=U3(QFP50P1200X1200X160-64N)
Add component. Clean all parameters for all variants
Add component (AddParameter): Name = "Availability"; Value = "Unavailable"; VariantName = "[No Variations]"
Add component (AddParameter): Name = "MF"; Value = "STMicroelectronics"; VariantName = "[No Variations]"
Add component (AddParameter): Name = "MP"; Value = "STM32F103RCT6"; VariantName = "[No Variations]"
Add component (AddParameter): Name = "Package"; Value = "LQFP-64 STMicroelectronics"; VariantName = "[No Variations]"
Add component (AddParameter): Name = "Price"; Value = "None"; VariantName = "[No Variations]"
Add component (AddParameter): Name = "SnapEDA_Link"; Value = "https://www.snapeda.com/parts/STM32F103RCT6/STMicroelectronics/view-part/44152/?ref=snap"; VariantName = "[No Variations]"
Add component (AddParameter): Name = "Value"; Value = ""; VariantName = "[No Variations]"
Added Component: Designator=U4(*SOT229P700X180-4N)
Add component. Clean all parameters for all variants
Add component (AddParameter): Name = "Availability"; Value = "Unavailable"; VariantName = "[No Variations]"
Add component (AddParameter): Name = "MF"; Value = "Advanced Monolithic Systems"; VariantName = "[No Variations]"
Add component (AddParameter): Name = "MP"; Value = "AMS1117-3.3"; VariantName = "[No Variations]"
Add component (AddParameter): Name = "Package"; Value = "None"; VariantName = "[No Variations]"
Add component (AddParameter): Name = "Price"; Value = "None"; VariantName = "[No Variations]"
Add component (AddParameter): Name = "SnapEDA_Link"; Value = "https://www.snapeda.com/parts/AMS1117-3.3/Advanced%20Monolithic%20Systems/view-part/53450/?ref=snap"; VariantName = "[No Variations]"
Add component (AddParameter): Name = "Value"; Value = ""; VariantName = "[No Variations]"
Added Component: Designator=X1(XT2)
Add component. Clean all parameters for all variants
Add component (AddParameter): Name = "Value"; Value = "4Mhz"; VariantName = "[No Variations]"
Added Component: Designator=X2(XT32k)
Add component. Clean all parameters for all variants
Add component (AddParameter): Name = "Value"; Value = "32,768khz"; VariantName = "[No Variations]"
Added Pin To Net: NetName=VCC5 Pin=C15-1
Added Pin To Net: NetName=GND Pin=C15-2
Added Pin To Net: NetName=GND Pin=C16-1
Added Pin To Net: NetName=VCC3.3 Pin=C16-2
Added Pin To Net: NetName=GND Pin=C17-1
Added Pin To Net: NetName=VCC3.3 Pin=C17-2
Added Pin To Net: NetName=GND Pin=C18-1
Added Pin To Net: NetName=VCC3.3 Pin=C18-2
Added Pin To Net: NetName=GND Pin=C19-1
Added Pin To Net: NetName=VCC3.3 Pin=C19-2
Added Pin To Net: NetName=GND Pin=C20-1
Added Pin To Net: NetName=VCC3.3 Pin=C20-2
Added Pin To Net: NetName=GND Pin=C21-1
Added Pin To Net: NetName=GND Pin=C22-1
Added Pin To Net: NetName=GND Pin=C23-1
Added Pin To Net: NetName=VCC5 Pin=C23-2
Added Pin To Net: NetName=GND Pin=C24-1
Added Pin To Net: NetName=VCC5 Pin=C24-2
Added Pin To Net: NetName=GND Pin=C25-1
Added Pin To Net: NetName=VCC3.3 Pin=C25-2
Added Pin To Net: NetName=GND Pin=C26-1
Added Pin To Net: NetName=VCC3.3 Pin=C26-2
Added Pin To Net: NetName=GND Pin=C27-1
Added Pin To Net: NetName=GND Pin=C28-1
Added Pin To Net: NetName=GND Pin=C29-1
Added Pin To Net: NetName=VCC5 Pin=FUSE1-1
Added Pin To Net: NetName=GND Pin=J5-5
Added Pin To Net: NetName=GND Pin=J5-5
Added Pin To Net: NetName=GND Pin=J5-5
Added Pin To Net: NetName=GND Pin=LED3-2
Added Pin To Net: NetName=VCC3.3 Pin=R13-2
Added Pin To Net: NetName=VCC3.3 Pin=R16-1
Added Pin To Net: NetName=VCC3.3 Pin=R18-1
Added Pin To Net: NetName=VCC3.3 Pin=R19-1
Added Pin To Net: NetName=VCC3.3 Pin=R20-1
Added Pin To Net: NetName=GND Pin=SW1-2
Added Pin To Net: NetName=VCC3.3 Pin=SW2-1
Added Pin To Net: NetName=GND Pin=SW3-1
Added Pin To Net: NetName=GND Pin=SW4-1
Added Pin To Net: NetName=VCC3.3 Pin=U3-1
Added Pin To Net: NetName=GND Pin=U3-12
Added Pin To Net: NetName=VCC3.3 Pin=U3-13
Added Pin To Net: NetName=GND Pin=U3-18
Added Pin To Net: NetName=VCC3.3 Pin=U3-19
Added Pin To Net: NetName=GND Pin=U3-31
Added Pin To Net: NetName=VCC3.3 Pin=U3-32
Added Pin To Net: NetName=GND Pin=U3-47
Added Pin To Net: NetName=VCC3.3 Pin=U3-48
Added Pin To Net: NetName=GND Pin=U3-63
Added Pin To Net: NetName=VCC3.3 Pin=U3-64
Added Pin To Net: NetName=GND Pin=U4-1
Added Pin To Net: NetName=VCC3.3 Pin=U4-2
Added Pin To Net: NetName=VCC5 Pin=U4-3
Added Pin To Net: NetName=NetC15_3 Pin=C15-3
Added Pin To Net: NetName=NetC15_3 Pin=U3-43
Added Net: Name=NetC15_3
Added Pin To Net: NetName=NetC15_4 Pin=C15-4
Added Pin To Net: NetName=NetC15_4 Pin=U3-42
Added Net: Name=NetC15_4
Added Pin To Net: NetName=NetC21_2 Pin=C21-2
Added Pin To Net: NetName=NetC21_2 Pin=R13-1
Added Pin To Net: NetName=NetC21_2 Pin=SW1-1
Added Pin To Net: NetName=NetC21_2 Pin=U3-7
Added Net: Name=NetC21_2
Added Pin To Net: NetName=NetC22_2 Pin=C22-2
Added Pin To Net: NetName=NetC22_2 Pin=R17-1
Added Pin To Net: NetName=NetC22_2 Pin=U3-5
Added Pin To Net: NetName=NetC22_2 Pin=X1-1
Added Net: Name=NetC22_2
Added Pin To Net: NetName=NetC27_2 Pin=C27-2
Added Pin To Net: NetName=NetC27_2 Pin=R17-2
Added Pin To Net: NetName=NetC27_2 Pin=U3-6
Added Pin To Net: NetName=NetC27_2 Pin=X1-2
Added Net: Name=NetC27_2
Added Pin To Net: NetName=NetC28_2 Pin=C28-2
Added Pin To Net: NetName=NetC28_2 Pin=U3-3
Added Pin To Net: NetName=NetC28_2 Pin=X2-2
Added Net: Name=NetC28_2
Added Pin To Net: NetName=NetC29_2 Pin=C29-2
Added Pin To Net: NetName=NetC29_2 Pin=U3-4
Added Pin To Net: NetName=NetC29_2 Pin=X2-1
Added Net: Name=NetC29_2
Added Pin To Net: NetName=NetFUSE1_2 Pin=FUSE1-2
Added Pin To Net: NetName=NetFUSE1_2 Pin=J5-1
Added Net: Name=NetFUSE1_2
Added Pin To Net: NetName=NetJ5_2 Pin=J5-2
Added Pin To Net: NetName=NetJ5_2 Pin=R14-2
Added Net: Name=NetJ5_2
Added Pin To Net: NetName=NetJ5_3 Pin=J5-3
Added Pin To Net: NetName=NetJ5_3 Pin=R15-2
Added Pin To Net: NetName=NetJ5_3 Pin=R16-2
Added Net: Name=NetJ5_3
Added Pin To Net: NetName=NetLED1_1 Pin=LED1-1
Added Pin To Net: NetName=NetLED1_1 Pin=R18-2
Added Net: Name=NetLED1_1
Added Pin To Net: NetName=NetLED1_2 Pin=LED1-2
Added Pin To Net: NetName=NetLED1_2 Pin=U3-41
Added Net: Name=NetLED1_2
Added Pin To Net: NetName=NetLED2_1 Pin=LED2-1
Added Pin To Net: NetName=NetLED2_1 Pin=R19-2
Added Net: Name=NetLED2_1
Added Pin To Net: NetName=NetLED2_2 Pin=LED2-2
Added Pin To Net: NetName=NetLED2_2 Pin=U3-54
Added Net: Name=NetLED2_2
Added Pin To Net: NetName=NetLED3_1 Pin=LED3-1
Added Pin To Net: NetName=NetLED3_1 Pin=R20-2
Added Net: Name=NetLED3_1
Added Pin To Net: NetName=NetR14_1 Pin=R14-1
Added Pin To Net: NetName=NetR14_1 Pin=U3-44
Added Net: Name=NetR14_1
Added Pin To Net: NetName=NetR15_1 Pin=R15-1
Added Pin To Net: NetName=NetR15_1 Pin=U3-45
Added Net: Name=NetR15_1
Added Pin To Net: NetName=NetSW2_2 Pin=SW2-2
Added Pin To Net: NetName=NetSW2_2 Pin=U3-14
Added Net: Name=NetSW2_2
Added Pin To Net: NetName=NetSW3_2 Pin=SW3-2
Added Pin To Net: NetName=NetSW3_2 Pin=U3-9
Added Net: Name=NetSW3_2
Added Pin To Net: NetName=NetSW4_2 Pin=SW4-2
Added Pin To Net: NetName=NetSW4_2 Pin=U3-2
Added Net: Name=NetSW4_2
Added Pin To Net: NetName=NetU3_8 Pin=U3-8
Added Net: Name=NetU3_8
Added Pin To Net: NetName=NetU3_10 Pin=U3-10
Added Net: Name=NetU3_10
Added Pin To Net: NetName=NetU3_11 Pin=U3-11
Added Net: Name=NetU3_11
Added Pin To Net: NetName=NetU3_15 Pin=U3-15
Added Net: Name=NetU3_15
Added Pin To Net: NetName=NetU3_16 Pin=U3-16
Added Net: Name=NetU3_16
Added Pin To Net: NetName=NetU3_17 Pin=U3-17
Added Net: Name=NetU3_17
Added Pin To Net: NetName=NetU3_20 Pin=U3-20
Added Net: Name=NetU3_20
Added Pin To Net: NetName=NetU3_21 Pin=U3-21
Added Net: Name=NetU3_21
Added Pin To Net: NetName=NetU3_22 Pin=U3-22
Added Net: Name=NetU3_22
Added Pin To Net: NetName=NetU3_23 Pin=U3-23
Added Net: Name=NetU3_23
Added Pin To Net: NetName=NetU3_24 Pin=U3-24
Added Net: Name=NetU3_24
Added Pin To Net: NetName=NetU3_25 Pin=U3-25
Added Net: Name=NetU3_25
Added Pin To Net: NetName=NetU3_26 Pin=U3-26
Added Net: Name=NetU3_26
Added Pin To Net: NetName=NetU3_27 Pin=U3-27
Added Net: Name=NetU3_27
Added Pin To Net: NetName=NetU3_28 Pin=U3-28
Added Net: Name=NetU3_28
Added Pin To Net: NetName=NetU3_29 Pin=U3-29
Added Net: Name=NetU3_29
Added Pin To Net: NetName=NetU3_30 Pin=U3-30
Added Net: Name=NetU3_30
Added Pin To Net: NetName=NetU3_33 Pin=U3-33
Added Net: Name=NetU3_33
Added Pin To Net: NetName=NetU3_34 Pin=U3-34
Added Net: Name=NetU3_34
Added Pin To Net: NetName=NetU3_35 Pin=U3-35
Added Net: Name=NetU3_35
Added Pin To Net: NetName=NetU3_36 Pin=U3-36
Added Net: Name=NetU3_36
Added Pin To Net: NetName=NetU3_37 Pin=U3-37
Added Net: Name=NetU3_37
Added Pin To Net: NetName=NetU3_38 Pin=U3-38
Added Net: Name=NetU3_38
Added Pin To Net: NetName=NetU3_39 Pin=U3-39
Added Net: Name=NetU3_39
Added Pin To Net: NetName=NetU3_40 Pin=U3-40
Added Net: Name=NetU3_40
Added Pin To Net: NetName=NetU3_46 Pin=U3-46
Added Net: Name=NetU3_46
Added Pin To Net: NetName=NetU3_49 Pin=U3-49
Added Net: Name=NetU3_49
Added Pin To Net: NetName=NetU3_50 Pin=U3-50
Added Net: Name=NetU3_50
Added Pin To Net: NetName=NetU3_51 Pin=U3-51
Added Net: Name=NetU3_51
Added Pin To Net: NetName=NetU3_52 Pin=U3-52
Added Net: Name=NetU3_52
Added Pin To Net: NetName=NetU3_53 Pin=U3-53
Added Net: Name=NetU3_53
Added Pin To Net: NetName=NetU3_55 Pin=U3-55
Added Net: Name=NetU3_55
Added Pin To Net: NetName=NetU3_56 Pin=U3-56
Added Net: Name=NetU3_56
Added Pin To Net: NetName=NetU3_57 Pin=U3-57
Added Net: Name=NetU3_57
Added Pin To Net: NetName=NetU3_58 Pin=U3-58
Added Net: Name=NetU3_58
Added Pin To Net: NetName=NetU3_59 Pin=U3-59
Added Net: Name=NetU3_59
Added Pin To Net: NetName=NetU3_60 Pin=U3-60
Added Net: Name=NetU3_60
Added Pin To Net: NetName=NetU3_61 Pin=U3-61
Added Net: Name=NetU3_61
Added Pin To Net: NetName=NetU3_62 Pin=U3-62
Added Net: Name=NetU3_62
Change Class Name : Old Net Name=MINI-STM32 New Net Name=Sheet1
Added Member To Class: ClassName=Sheet1 Member=Component C15 Header4
Added Member To Class: ClassName=Sheet1 Member=Component C16 104
Added Member To Class: ClassName=Sheet1 Member=Component C17 104
Added Member To Class: ClassName=Sheet1 Member=Component C18 104
Added Member To Class: ClassName=Sheet1 Member=Component C19 104
Added Member To Class: ClassName=Sheet1 Member=Component C20 104
Added Member To Class: ClassName=Sheet1 Member=Component C21 104
Added Member To Class: ClassName=Sheet1 Member=Component C22 20pF
Added Member To Class: ClassName=Sheet1 Member=Component C23 106
Added Member To Class: ClassName=Sheet1 Member=Component C24 104
Added Member To Class: ClassName=Sheet1 Member=Component C25 104
Added Member To Class: ClassName=Sheet1 Member=Component C26 106
Added Member To Class: ClassName=Sheet1 Member=Component C27 20pF
Added Member To Class: ClassName=Sheet1 Member=Component C28 12pF
Added Member To Class: ClassName=Sheet1 Member=Component C29 12pF
Added Member To Class: ClassName=Sheet1 Member=Component FUSE1 500mA
Added Member To Class: ClassName=Sheet1 Member=Component J5 USB-5
Added Member To Class: ClassName=Sheet1 Member=Component LED1 DS0
Added Member To Class: ClassName=Sheet1 Member=Component LED2 DS1
Added Member To Class: ClassName=Sheet1 Member=Component LED3 PWR
Added Member To Class: ClassName=Sheet1 Member=Component R13 10k
Added Member To Class: ClassName=Sheet1 Member=Component R14 22
Added Member To Class: ClassName=Sheet1 Member=Component R15 22
Added Member To Class: ClassName=Sheet1 Member=Component R16 1k5
Added Member To Class: ClassName=Sheet1 Member=Component R17 1M
Added Member To Class: ClassName=Sheet1 Member=Component R18 330
Added Member To Class: ClassName=Sheet1 Member=Component R19 330
Added Member To Class: ClassName=Sheet1 Member=Component R20 330
Added Member To Class: ClassName=Sheet1 Member=Component SW1 RS'
Added Member To Class: ClassName=Sheet1 Member=Component SW2 WK_UP
Added Member To Class: ClassName=Sheet1 Member=Component SW3 KEY0
Added Member To Class: ClassName=Sheet1 Member=Component SW4 KEY1
Added Member To Class: ClassName=Sheet1 Member=Component U3 STM32F103RCT6
Added Member To Class: ClassName=Sheet1 Member=Component U4 AMS1117-3.3
Added Member To Class: ClassName=Sheet1 Member=Component X1 8Mhz
Added Member To Class: ClassName=Sheet1 Member=Component X2 32,768 Khz
Added Room: Name=Sheet1
