Change Component Comment : Designator=X2 Old Comment=32,768 Khz New Comment=32.768kHZ
Change Component Designator: OldDesignator=C15 NewDesignator=C1
Change Component Designator: OldDesignator=C16 NewDesignator=C2
Change Component Designator: OldDesignator=C17 NewDesignator=C3
Change Component Designator: OldDesignator=C18 NewDesignator=C4
Change Component Designator: OldDesignator=C19 NewDesignator=C5
Change Component Designator: OldDesignator=C20 NewDesignator=C6
Change Component Designator: OldDesignator=C21 NewDesignator=C7
Change Component Designator: OldDesignator=C22 NewDesignator=C8
Change Component Designator: OldDesignator=C23 NewDesignator=C9
Change Component Designator: OldDesignator=C24 NewDesignator=C10
Change Component Designator: OldDesignator=C25 NewDesignator=C11
Change Component Designator: OldDesignator=C26 NewDesignator=C12
Change Component Designator: OldDesignator=C27 NewDesignator=C13
Change Component Designator: OldDesignator=C28 NewDesignator=C14
Change Component Designator: OldDesignator=C29 NewDesignator=C15
Change Component Designator: OldDesignator=J5 NewDesignator=J1
Change Component Designator: OldDesignator=R13 NewDesignator=R1
Change Component Designator: OldDesignator=R14 NewDesignator=R2
Change Component Designator: OldDesignator=R15 NewDesignator=R3
Change Component Designator: OldDesignator=R16 NewDesignator=R4
Change Component Designator: OldDesignator=R17 NewDesignator=R5
Change Component Designator: OldDesignator=R18 NewDesignator=R6
Change Component Designator: OldDesignator=R19 NewDesignator=R7
Change Component Designator: OldDesignator=R20 NewDesignator=R8
Change Component Designator: OldDesignator=U3 NewDesignator=U1
Change Component Designator: OldDesignator=U4 NewDesignator=U2
Change component parameters: Designator = "X2"; Footprint = "XT32k"; UniqueID = "\NGSGFAQY"
Change component parameters. Clean all parameters for all variants
Change component parameters (AddParameter): Name = "Value"; Value = "4Mhz"; VariantName = "[No Variations]"
Change Net Name : Old Net Name=NetC15_3 New Net Name=NetC1_3
Change Net Name : Old Net Name=NetC15_4 New Net Name=NetC1_4
Change Net Name : Old Net Name=NetC21_2 New Net Name=NetC7_2
Change Net Name : Old Net Name=NetC22_2 New Net Name=NetC8_2
Change Net Name : Old Net Name=NetC27_2 New Net Name=NetC13_2
Change Net Name : Old Net Name=NetC28_2 New Net Name=NetC14_2
Change Net Name : Old Net Name=NetC29_2 New Net Name=NetC15_2
Change Net Name : Old Net Name=NetJ5_2 New Net Name=NetJ1_2
Change Net Name : Old Net Name=NetJ5_3 New Net Name=NetJ1_3
Change Net Name : Old Net Name=NetR14_1 New Net Name=NetR2_1
Change Net Name : Old Net Name=NetR15_1 New Net Name=NetR3_1
Change Net Name : Old Net Name=NetU3_8 New Net Name=NetU1_8
Change Net Name : Old Net Name=NetU3_10 New Net Name=NetU1_10
Change Net Name : Old Net Name=NetU3_11 New Net Name=NetU1_11
Change Net Name : Old Net Name=NetU3_15 New Net Name=NetU1_15
Change Net Name : Old Net Name=NetU3_16 New Net Name=NetU1_16
Change Net Name : Old Net Name=NetU3_17 New Net Name=NetU1_17
Change Net Name : Old Net Name=NetU3_20 New Net Name=NetU1_20
Change Net Name : Old Net Name=NetU3_21 New Net Name=NetU1_21
Change Net Name : Old Net Name=NetU3_22 New Net Name=NetU1_22
Change Net Name : Old Net Name=NetU3_23 New Net Name=NetU1_23
Change Net Name : Old Net Name=NetU3_24 New Net Name=NetU1_24
Change Net Name : Old Net Name=NetU3_25 New Net Name=NetU1_25
Change Net Name : Old Net Name=NetU3_26 New Net Name=NetU1_26
Change Net Name : Old Net Name=NetU3_27 New Net Name=NetU1_27
Change Net Name : Old Net Name=NetU3_28 New Net Name=NetU1_28
Change Net Name : Old Net Name=NetU3_29 New Net Name=NetU1_29
Change Net Name : Old Net Name=NetU3_30 New Net Name=NetU1_30
Change Net Name : Old Net Name=NetU3_33 New Net Name=NetU1_33
Change Net Name : Old Net Name=NetU3_34 New Net Name=NetU1_34
Change Net Name : Old Net Name=NetU3_35 New Net Name=NetU1_35
Change Net Name : Old Net Name=NetU3_36 New Net Name=NetU1_36
Change Net Name : Old Net Name=NetU3_37 New Net Name=NetU1_37
Change Net Name : Old Net Name=NetU3_38 New Net Name=NetU1_38
Change Net Name : Old Net Name=NetU3_39 New Net Name=NetU1_39
Change Net Name : Old Net Name=NetU3_40 New Net Name=NetU1_40
Change Net Name : Old Net Name=NetU3_46 New Net Name=NetU1_46
Change Net Name : Old Net Name=NetU3_49 New Net Name=NetU1_49
Change Net Name : Old Net Name=NetU3_50 New Net Name=NetU1_50
Change Net Name : Old Net Name=NetU3_51 New Net Name=NetU1_51
Change Net Name : Old Net Name=NetU3_52 New Net Name=NetU1_52
Change Net Name : Old Net Name=NetU3_53 New Net Name=NetU1_53
Change Net Name : Old Net Name=NetU3_55 New Net Name=NetU1_55
Change Net Name : Old Net Name=NetU3_56 New Net Name=NetU1_56
Change Net Name : Old Net Name=NetU3_57 New Net Name=NetU1_57
Change Net Name : Old Net Name=NetU3_58 New Net Name=NetU1_58
Change Net Name : Old Net Name=NetU3_59 New Net Name=NetU1_59
Change Net Name : Old Net Name=NetU3_60 New Net Name=NetU1_60
Change Net Name : Old Net Name=NetU3_61 New Net Name=NetU1_61
Change Net Name : Old Net Name=NetU3_62 New Net Name=NetU1_62
