Change Component Comment : Designator=Ready Old Comment=SW New Comment=Ready
Change Component Comment : Designator=RST Old Comment=SW New Comment=RST
Change Component Comment : Designator=Start Old Comment=SW New Comment=Start
Change Component Comment : Designator=Stop Old Comment=SW New Comment=Stop
Change Component Designator: OldDesignator=BOOT0 NewDesignator=BOOT1
Change Component Designator: OldDesignator=C10 NewDesignator=C11
Change Component Designator: OldDesignator=C11 NewDesignator=C12
Change Component Designator: OldDesignator=C12 NewDesignator=C13
Change Component Designator: OldDesignator=C13 NewDesignator=C14
Change Component Designator: OldDesignator=C14 NewDesignator=C15
Change Component Designator: OldDesignator=C15 NewDesignator=C16
Change Component Designator: OldDesignator=C16 NewDesignator=C17
Change Component Designator: OldDesignator=C17 NewDesignator=C18
Change Component Designator: OldDesignator=C18 NewDesignator=C19
Change Component Designator: OldDesignator=C19 NewDesignator=C20
Change Component Designator: OldDesignator=C20 NewDesignator=C21
Change Component Designator: OldDesignator=C21 NewDesignator=C22
Change Component Designator: OldDesignator=C22 NewDesignator=C23
Change Component Designator: OldDesignator=C23 NewDesignator=C24
Change Component Designator: OldDesignator=LED2 NewDesignator=LED1
Change Component Designator: OldDesignator=LED3 NewDesignator=LED2
Change Component Designator: OldDesignator=LED4 NewDesignator=LED3
Change Component Designator: OldDesignator=R5 NewDesignator=R4
Change Component Designator: OldDesignator=R6 NewDesignator=R5
Change Component Designator: OldDesignator=R7 NewDesignator=R6
Change Component Designator: OldDesignator=R8 NewDesignator=R7
Change Component Designator: OldDesignator=R9 NewDesignator=R8
Change Component Designator: OldDesignator=R10 NewDesignator=R9
Change Component Designator: OldDesignator=R11 NewDesignator=R10
Change Component Designator: OldDesignator=R12 NewDesignator=R11
Change Component Designator: OldDesignator=R13 NewDesignator=R12
Change Component Designator: OldDesignator=R14 NewDesignator=R13
Change Component Designator: OldDesignator=R15 NewDesignator=R14
Change Component Designator: OldDesignator=R16 NewDesignator=R15
Change Component Designator: OldDesignator=R17 NewDesignator=R16
Change Component Designator: OldDesignator=R18 NewDesignator=R17
Change Component Designator: OldDesignator=R19 NewDesignator=R18
Change Component Designator: OldDesignator=R20 NewDesignator=R19
Change Component Designator: OldDesignator=R21 NewDesignator=R20
Change Component Designator: OldDesignator=R22 NewDesignator=R21
Change Component Designator: OldDesignator=R23 NewDesignator=R22
Change Component Designator: OldDesignator=R24 NewDesignator=R23
Change Component Designator: OldDesignator=R25 NewDesignator=R24
Change Component Designator: OldDesignator=Ready NewDesignator=SW3
Change Component Designator: OldDesignator=RST NewDesignator=RST1
Change Component Designator: OldDesignator=Start NewDesignator=Start1
Change Component Designator: OldDesignator=Stop NewDesignator=Stop1
Change Component Designator: OldDesignator=SW3 NewDesignator=SW4
Change Component Designator: OldDesignator=SW6 NewDesignator=SW5
Change Net Name : Old Net Name=NetC10_3 New Net Name=NetC11_3
Change Net Name : Old Net Name=NetC10_4 New Net Name=NetC11_4
Change Net Name : Old Net Name=NetC11_1 New Net Name=NetC12_1
Change Net Name : Old Net Name=NetC16_3 New Net Name=NetC17_3
Change Net Name : Old Net Name=NetLED2_1 New Net Name=NetLED1_1
Change Net Name : Old Net Name=NetLED2_2 New Net Name=NetLED1_2
Change Net Name : Old Net Name=NetLED3_1 New Net Name=NetLED2_1
Change Net Name : Old Net Name=NetLED3_2 New Net Name=NetLED2_2
Change Net Name : Old Net Name=NetLED4_1 New Net Name=NetLED3_1
Change Net Name : Old Net Name=NetR8_1 New Net Name=NetR7_1
Change Net Name : Old Net Name=NetR10_2 New Net Name=NetR9_2
Change Net Name : Old Net Name=NetR11_1 New Net Name=NetR10_1
Added Member To Class: ClassName=STM32 Member=Component C24 103
Added Room: Name=STM32
