Removed Pin From Net: NetName=VCC5 Pin=LS-1
Removed Pin From Net: NetName=GND Pin=Q?-1
Removed Pin From Net: NetName=NetPT1_5 Pin=R19-2
Removed Pin From Net: NetName=GND Pin=R20-2
Removed Pin From Net: NetName=RST Pin=R21-1
Removed Pin From Net: NetName=VCC3.3 Pin=R21-2
Removed Pin From Net: NetName=USB D- Pin=R22-1
Removed Pin From Net: NetName=NetJ1_2 Pin=R22-2
Removed Member From Class: ClassName=STM32 Member=LS
Removed Member From Class: ClassName=STM32 Member=Q?
Removed Member From Class: ClassName=STM32 Member=R?
Change Component Footprint: Designator=R19 Old Footprint=RES-1/4W New Footprint=RES-SMD-0805
Change Component Footprint: Designator=R20 Old Footprint=RES-1/4W New Footprint=RES-SMD-0805
Change Component Comment : Designator=R20 Old Comment=10k New Comment=22
Change Component Comment : Designator=R22 Old Comment=22 New Comment=10k
Change component parameters: Designator = "R19"; Footprint = "RES-SMD-0805"; UniqueID = "\KIBTCGMR"
Change component parameters. Clean all parameters for all variants
Change component parameters (AddParameter): Name = "Class"; Value = "Passive"; VariantName = "[No Variations]"
Change component parameters (AddParameter): Name = "Manufacturer"; Value = "Generic Components"; VariantName = "[No Variations]"
Change component parameters (AddParameter): Name = "Published"; Value = "08/06/2000"; VariantName = "[No Variations]"
Change component parameters (AddParameter): Name = "Publisher"; Value = "Altium Hobart Technology Centre"; VariantName = "[No Variations]"
Change component parameters: Designator = "R20"; Footprint = "RES-SMD-0805"; UniqueID = "\YHKWDEDA"
Change component parameters. Clean all parameters for all variants
Change component parameters (AddParameter): Name = "Class"; Value = "Passive"; VariantName = "[No Variations]"
Change component parameters (AddParameter): Name = "Manufacturer"; Value = "Generic Components"; VariantName = "[No Variations]"
Change component parameters (AddParameter): Name = "Published"; Value = "08/06/2000"; VariantName = "[No Variations]"
Change component parameters (AddParameter): Name = "Publisher"; Value = "Altium Hobart Technology Centre"; VariantName = "[No Variations]"
Added Component: Designator=LS1(XDCR_MCKPM-G1201A-K4037)
Add component. Clean all parameters for all variants
Add component (AddParameter): Name = "Availability"; Value = "Unavailable"; VariantName = "[No Variations]"
Add component (AddParameter): Name = "MF"; Value = "Multicomp"; VariantName = "[No Variations]"
Add component (AddParameter): Name = "MP"; Value = "MCKPM-G1201A-K4037"; VariantName = "[No Variations]"
Add component (AddParameter): Name = "Package"; Value = "None"; VariantName = "[No Variations]"
Add component (AddParameter): Name = "Price"; Value = "None"; VariantName = "[No Variations]"
Add component (AddParameter): Name = "SnapEDA_Link"; Value = "https://www.snapeda.com/parts/MCKPM-G1201A-K4037/Multicomp/view-part/231709/?ref=snap"; VariantName = "[No Variations]"
Add component (AddParameter): Name = "Value"; Value = ""; VariantName = "[No Variations]"
Added Component: Designator=Q3(SOT23B)
Add component. Clean all parameters for all variants
Add component (AddParameter): Name = ""; Value = "C2383"; VariantName = "[No Variations]"
Add component (AddParameter): Name = "Value"; Value = "C1815"; VariantName = "[No Variations]"
Added Component: Designator=R25(RES-SMD-0805)
Add component. Clean all parameters for all variants
Add component (AddParameter): Name = "Class"; Value = "Passive"; VariantName = "[No Variations]"
Add component (AddParameter): Name = "Manufacturer"; Value = "Generic Components"; VariantName = "[No Variations]"
Add component (AddParameter): Name = "Published"; Value = "08/06/2000"; VariantName = "[No Variations]"
Add component (AddParameter): Name = "Publisher"; Value = "Altium Hobart Technology Centre"; VariantName = "[No Variations]"
Added Component: Designator=SW7(SW-DIP1-1)
Add component. Clean all parameters for all variants
Add component (AddParameter): Name = "Value"; Value = "SW chip 2 pin"; VariantName = "[No Variations]"
Added Component: Designator=SW8(SW-DIP1-1)
Add component. Clean all parameters for all variants
Add component (AddParameter): Name = "Value"; Value = "SW chip 2 pin"; VariantName = "[No Variations]"
Added Pin To Net: NetName=NetPT1_10 Pin=C16-4
Added Pin To Net: NetName=VCC5 Pin=LS1-1
Added Pin To Net: NetName=KEY1 Pin=P1-16
Added Pin To Net: NetName=VCC3.3 Pin=P1-17
Added Pin To Net: NetName=VCC3.3 Pin=P1-18
Added Pin To Net: NetName=GND Pin=Q3-1
Added Pin To Net: NetName=RST Pin=R19-1
Added Pin To Net: NetName=VCC3.3 Pin=R19-2
Added Pin To Net: NetName=USB D- Pin=R20-1
Added Pin To Net: NetName=NetJ1_2 Pin=R20-2
Added Pin To Net: NetName=GND Pin=R22-1
Added Pin To Net: NetName=NetPT1_5 Pin=SW7-1
Added Pin To Net: NetName=NetPT1_7 Pin=U1-28
Added Pin To Net: NetName=NetPT1_10 Pin=U1-42
Change Net Name : Old Net Name=NetPT1_10 New Net Name=Torch
Change Net Name : Old Net Name=NetU1_27 New Net Name=Charge Ctrl
Added Pin To Net: NetName=BatInfo(ADC3) Pin=R21-1
Added Pin To Net: NetName=BatInfo(ADC3) Pin=R22-2
Added Pin To Net: NetName=BatInfo(ADC3) Pin=U1-8
Added Net: Name=BatInfo(ADC3)
Added Pin To Net: NetName=Block(ADC3) Pin=P1-12
Added Pin To Net: NetName=Block(ADC3) Pin=SW4-2
Added Pin To Net: NetName=Block(ADC3) Pin=U1-9
Added Net: Name=Block(ADC3)
Added Pin To Net: NetName=Buzzer Pin=SW8-1
Added Pin To Net: NetName=Buzzer Pin=U1-33
Added Net: Name=Buzzer
Added Pin To Net: NetName=IT block Pin=P1-14
Added Pin To Net: NetName=IT block Pin=U1-61
Added Net: Name=IT block
Added Pin To Net: NetName=IT charge Pin=P1-15
Added Pin To Net: NetName=IT charge Pin=U1-62
Added Net: Name=IT charge
Added Pin To Net: NetName=Left backward Pin=PT1-8
Added Pin To Net: NetName=Left backward Pin=U1-38
Added Net: Name=Left backward
Added Pin To Net: NetName=Left forward Pin=PT1-6
Added Pin To Net: NetName=Left forward Pin=U1-37
Added Net: Name=Left forward
Added Pin To Net: NetName=Line1 Pin=P1-3
Added Pin To Net: NetName=Line1 Pin=SW3-2
Added Pin To Net: NetName=Line1 Pin=U1-14
Added Net: Name=Line1
Added Pin To Net: NetName=Line2 Pin=P1-4
Added Pin To Net: NetName=Line2 Pin=U1-15
Added Net: Name=Line2
Added Pin To Net: NetName=Line3 Pin=P1-5
Added Pin To Net: NetName=Line3 Pin=U1-16
Added Net: Name=Line3
Added Pin To Net: NetName=Line4 Pin=P1-6
Added Pin To Net: NetName=Line4 Pin=U1-17
Added Net: Name=Line4
Added Pin To Net: NetName=Line5 Pin=P1-7
Added Pin To Net: NetName=Line5 Pin=U1-20
Added Net: Name=Line5
Added Pin To Net: NetName=Line6 Pin=P1-8
Added Pin To Net: NetName=Line6 Pin=U1-21
Added Net: Name=Line6
Added Pin To Net: NetName=Line7 Pin=P1-9
Added Pin To Net: NetName=Line7 Pin=U1-22
Added Net: Name=Line7
Added Pin To Net: NetName=Line8 Pin=P1-10
Added Pin To Net: NetName=Line8 Pin=U1-23
Added Net: Name=Line8
Added Pin To Net: NetName=Line9 Pin=P1-11
Added Pin To Net: NetName=Line9 Pin=U1-26
Added Net: Name=Line9
Added Pin To Net: NetName=NetLS1_2 Pin=LS1-2
Added Pin To Net: NetName=NetLS1_2 Pin=Q3-2
Added Net: Name=NetLS1_2
Added Pin To Net: NetName=NetQ3_3 Pin=Q3-3
Added Pin To Net: NetName=NetQ3_3 Pin=R25-1
Added Net: Name=NetQ3_3
Added Pin To Net: NetName=NetR21_2 Pin=R21-2
Added Pin To Net: NetName=NetR21_2 Pin=SW7-2
Added Net: Name=NetR21_2
Added Pin To Net: NetName=NetR25_2 Pin=R25-2
Added Pin To Net: NetName=NetR25_2 Pin=SW8-2
Added Net: Name=NetR25_2
Added Pin To Net: NetName=Right backward Pin=PP1-2
Added Pin To Net: NetName=Right backward Pin=U1-40
Added Net: Name=Right backward
Added Pin To Net: NetName=Right forward Pin=PP1-3
Added Pin To Net: NetName=Right forward Pin=U1-39
Added Net: Name=Right forward
Added Pin To Net: NetName=Stop light Pin=P1-13
Added Pin To Net: NetName=Stop light Pin=U1-58
Added Net: Name=Stop light
Added Member To Class: ClassName=STM32 Member=Component LS1 MCKPM-G1201A-K4037
Added Member To Class: ClassName=STM32 Member=Component Q3 C1815
Added Member To Class: ClassName=STM32 Member=Component R25 1k
Added Member To Class: ClassName=STM32 Member=Component SW7 SW
Added Member To Class: ClassName=STM32 Member=Component SW8 SW
Added Room: Name=STM32
