Change Component Designator: Old Designator=R1 New Designator=R2
Change Component Designator: Old Designator=R2 New Designator=R5
Change Component Designator: Old Designator=R3 New Designator=R7
Change Component Designator: Old Designator=R5 New Designator=R10
Change Component Designator: Old Designator=R6 New Designator=R11
Change Component Designator: Old Designator=R7 New Designator=R12
Change Component Designator: Old Designator=R8 New Designator=R13
Change Component Designator: Old Designator=R9 New Designator=R14
Change Component Designator: Old Designator=R10 New Designator=R15
Change Component Designator: Old Designator=R11 New Designator=R16
Change Component Designator: Old Designator=R12 New Designator=R17
Change Component Designator: Old Designator=R13 New Designator=R18
Change Component Designator: Old Designator=R14 New Designator=R19
Change Component Designator: Old Designator=R15 New Designator=R20
Change Component Designator: Old Designator=R16 New Designator=R21
Change Component Designator: Old Designator=R17 New Designator=R22
Change Component Designator: Old Designator=R18 New Designator=R23
Change Component Designator: Old Designator=R19 New Designator=R24
Change Component Designator: Old Designator=R20 New Designator=R25
Change Component Designator: Old Designator=R? New Designator=R1
Change Component Designator: Old Designator=R? New Designator=R3
Change Component Designator: Old Designator=R? New Designator=R4
Change Component Designator: Old Designator=R? New Designator=R6
Change Component Designator: Old Designator=R? New Designator=R8
Change Component Designator: Old Designator=R? New Designator=R9
Change Component Designator: Old Designator=Ready New Designator=Ready1
Change Component Designator: Old Designator=RS New Designator=RS1
Change Component Designator: Old Designator=Start New Designator=Start1
Change Component Designator: Old Designator=Stop New Designator=Stop1
Change Component Designator: Old Designator=SW5 New Designator=SW1
Change Component Designator: Old Designator=SW6 New Designator=SW2
Change Component Designator: Old Designator=SW7 New Designator=SW3
Change Component Designator: Old Designator=SW8 New Designator=SW4
Change Component Designator: Old Designator=SW9 New Designator=SW5
Change Component Designator: Old Designator=SW10 New Designator=SW6
