Change Component Designator: Old Designator=C1 New Designator=C7
Change Component Designator: Old Designator=C2 New Designator=C8
Change Component Designator: Old Designator=C3 New Designator=C9
Change Component Designator: Old Designator=C4 New Designator=C10
Change Component Designator: Old Designator=C5 New Designator=C11
Change Component Designator: Old Designator=C6 New Designator=C12
Change Component Designator: Old Designator=C7 New Designator=C13
Change Component Designator: Old Designator=C8 New Designator=C14
Change Component Designator: Old Designator=C9 New Designator=C15
Change Component Designator: Old Designator=C10 New Designator=C16
Change Component Designator: Old Designator=C11 New Designator=C17
Change Component Designator: Old Designator=C12 New Designator=C18
Change Component Designator: Old Designator=C13 New Designator=C19
Change Component Designator: Old Designator=C14 New Designator=C20
Change Component Designator: Old Designator=C15 New Designator=C21
Change Component Designator: Old Designator=C? New Designator=C1
Change Component Designator: Old Designator=C? New Designator=C2
Change Component Designator: Old Designator=C? New Designator=C3
Change Component Designator: Old Designator=C? New Designator=C4
Change Component Designator: Old Designator=C? New Designator=C5
Change Component Designator: Old Designator=C? New Designator=C6
Change Component Designator: Old Designator=Q? New Designator=Q1
Change Component Designator: Old Designator=Q? New Designator=Q2
Change Component Designator: Old Designator=R1 New Designator=R13
Change Component Designator: Old Designator=R2 New Designator=R14
Change Component Designator: Old Designator=R3 New Designator=R15
Change Component Designator: Old Designator=R4 New Designator=R16
Change Component Designator: Old Designator=R5 New Designator=R17
Change Component Designator: Old Designator=R6 New Designator=R18
Change Component Designator: Old Designator=R7 New Designator=R19
Change Component Designator: Old Designator=R8 New Designator=R20
Change Component Designator: Old Designator=R? New Designator=R1
Change Component Designator: Old Designator=R? New Designator=R2
Change Component Designator: Old Designator=R? New Designator=R3
Change Component Designator: Old Designator=R? New Designator=R4
Change Component Designator: Old Designator=R? New Designator=R5
Change Component Designator: Old Designator=R? New Designator=R6
Change Component Designator: Old Designator=R? New Designator=R7
Change Component Designator: Old Designator=R? New Designator=R8
Change Component Designator: Old Designator=R? New Designator=R9
Change Component Designator: Old Designator=R? New Designator=R10
Change Component Designator: Old Designator=R? New Designator=R11
Change Component Designator: Old Designator=R? New Designator=R12
Change Component Designator: Old Designator=S? New Designator=S1
Change Component Designator: Old Designator=SW1 New Designator=SW6
Change Component Designator: Old Designator=SW2 New Designator=SW7
Change Component Designator: Old Designator=SW3 New Designator=SW8
Change Component Designator: Old Designator=SW4 New Designator=SW9
Change Component Designator: Old Designator=SW? New Designator=SW1
Change Component Designator: Old Designator=SW? New Designator=SW2
Change Component Designator: Old Designator=SW? New Designator=SW3
Change Component Designator: Old Designator=SW? New Designator=SW4
Change Component Designator: Old Designator=SW? New Designator=SW5
Change Component Designator: Old Designator=U2 New Designator=U3
Change Component Designator: Old Designator=U New Designator=U2
