Change Component Designator: Old Designator=C15 New Designator=C1
Change Component Designator: Old Designator=C16 New Designator=C2
Change Component Designator: Old Designator=C17 New Designator=C3
Change Component Designator: Old Designator=C18 New Designator=C4
Change Component Designator: Old Designator=C19 New Designator=C5
Change Component Designator: Old Designator=C20 New Designator=C6
Change Component Designator: Old Designator=C21 New Designator=C7
Change Component Designator: Old Designator=C22 New Designator=C8
Change Component Designator: Old Designator=C23 New Designator=C9
Change Component Designator: Old Designator=C24 New Designator=C10
Change Component Designator: Old Designator=C25 New Designator=C11
Change Component Designator: Old Designator=C26 New Designator=C12
Change Component Designator: Old Designator=C27 New Designator=C13
Change Component Designator: Old Designator=C28 New Designator=C14
Change Component Designator: Old Designator=C29 New Designator=C15
Change Component Designator: Old Designator=J5 New Designator=J1
Change Component Designator: Old Designator=R13 New Designator=R1
Change Component Designator: Old Designator=R14 New Designator=R2
Change Component Designator: Old Designator=R15 New Designator=R3
Change Component Designator: Old Designator=R16 New Designator=R4
Change Component Designator: Old Designator=R17 New Designator=R5
Change Component Designator: Old Designator=R18 New Designator=R6
Change Component Designator: Old Designator=R19 New Designator=R7
Change Component Designator: Old Designator=R20 New Designator=R8
Change Component Designator: Old Designator=U3 New Designator=U1
Change Component Designator: Old Designator=U4 New Designator=U2
Change Component Designator: Old Designator=X? New Designator=X2
