PCAD Importer Log
Project : IRF3205SPBF.LibPkg

Section : D:\AGV_ver2.0\hardware\IRF3205SPBF.lia
    Section : PCB Library - IRF3205SPBF.PcbLib
        Section : Load Messages
            Warning - 1 : Skipping Token IRF3205SPBF On Line 131
            Warning - 1 : Skipping Token attachedSymbol On Line 214
        EndSection

        Section : Import Messages
        EndSection
    EndSection

    Section : SCH Library - IRF3205SPBF.SchLib
        Section : Parsing Messages
            Warning - 1 : Skipping Token padStyleDef On Line 9
            Warning - 1 : Skipping Token padStyleDef On Line 21
            Warning - 1 : Skipping Token multiLayer On Line 96
            Warning - 1 : Skipping Token layerContents On Line 101
            Warning - 1 : Skipping Token layerContents On Line 107
            Warning - 1 : Skipping Token layerContents On Line 113
            Warning - 1 : Skipping Token layerContents On Line 121
        EndSection

        Section : Generating SCH Library - IRF3205SPBF.SchLib
        EndSection
    EndSection
EndSection
