PCAD Importer Log
Project : MAL214699103E3.LibPkg

Section : D:\AGV_ver2.0\hardware\alu cap\MAL214699103E3.lia
    Section : PCB Library - MAL214699103E3.PcbLib
        Section : Load Messages
            Warning - 1 : Skipping Token MAL214699103E3 On Line 137
            Warning - 1 : Skipping Token attachedSymbol On Line 196
        EndSection

        Section : Import Messages
        EndSection
    EndSection

    Section : SCH Library - MAL214699103E3.SchLib
        Section : Parsing Messages
            Warning - 1 : Skipping Token padStyleDef On Line 9
            Warning - 1 : Skipping Token multiLayer On Line 84
            Warning - 1 : Skipping Token layerContents On Line 88
            Warning - 1 : Skipping Token layerContents On Line 99
            Warning - 1 : Skipping Token layerContents On Line 110
            Warning - 1 : Skipping Token layerContents On Line 121
        EndSection

        Section : Generating SCH Library - MAL214699103E3.SchLib
        EndSection
    EndSection
EndSection
