PCAD Importer Log
Project : AMS1117-3.3.LibPkg

Section : D:\AGV_ver2.0\hardware\AMS1117-3.3.lia
    Section : PCB Library - AMS1117-3.3.PcbLib
        Section : Load Messages
            Warning - 1 : Skipping Token AMS1117-3.3 On Line 143
            Warning - 1 : Skipping Token attachedSymbol On Line 200
        EndSection

        Section : Import Messages
        EndSection
    EndSection

    Section : SCH Library - AMS1117-3.3.SchLib
        Section : Parsing Messages
            Warning - 1 : Skipping Token padStyleDef On Line 9
            Warning - 1 : Skipping Token padStyleDef On Line 21
            Warning - 1 : Skipping Token multiLayer On Line 96
            Warning - 1 : Skipping Token layerContents On Line 102
            Warning - 1 : Skipping Token layerContents On Line 116
            Warning - 1 : Skipping Token layerContents On Line 125
            Warning - 1 : Skipping Token layerContents On Line 133
        EndSection

        Section : Generating SCH Library - AMS1117-3.3.SchLib
        EndSection
    EndSection
EndSection
