Change Component Designator: OldDesignator=LS? NewDesignator=LS1
Change Component Designator: OldDesignator=P1 NewDesignator=P2
Change Component Designator: OldDesignator=P? NewDesignator=P3
Added Component: Designator=P1(HDR1X6)
Add component. Clean all parameters for all variants
Add component (AddParameter): Name = "LatestRevisionDate"; Value = "17-Jul-2002"; VariantName = "[No Variations]"
Add component (AddParameter): Name = "LatestRevisionNote"; Value = "Re-released for DXP Platform."; VariantName = "[No Variations]"
Add component (AddParameter): Name = "Publisher"; Value = "Altium Limited"; VariantName = "[No Variations]"
Added Pin To Net: NetName=GND Pin=P1-2
Added Pin To Net: NetName=GND Pin=P3-1
Added Pin To Net: NetName=GND Pin=P3-2
Added Pin To Net: NetName=NetP1_2 Pin=P3-8
Change Net Name : Old Net Name=NetLS?_1 New Net Name=NetLS1_1
Change Net Name : Old Net Name=NetLS?_2 New Net Name=NetLS1_2
Change Net Name : Old Net Name=NetP1_2 New Net Name=NetP2_2
Change Net Name : Old Net Name=NetP1_3 New Net Name=NetP2_3
Change Net Name : Old Net Name=NetP1_4 New Net Name=NetP2_4
Change Net Name : Old Net Name=NetP1_5 New Net Name=NetP2_5
Change Net Name : Old Net Name=NetP1_6 New Net Name=NetP2_6
Change Net Name : Old Net Name=NetP1_7 New Net Name=NetP2_7
Change Net Name : Old Net Name=NetP1_8 New Net Name=NetP2_8
Change Net Name : Old Net Name=NetP1_9 New Net Name=NetP2_9
Change Net Name : Old Net Name=NetP1_10 New Net Name=NetP2_10
Change Net Name : Old Net Name=NetP1_11 New Net Name=NetP2_11
Change Net Name : Old Net Name=NetP1_13 New Net Name=NetP2_13
Change Net Name : Old Net Name=NetP1_14 New Net Name=NetP2_14
Change Net Name : Old Net Name=NetP1_15 New Net Name=NetP2_15
Change Net Name : Old Net Name=NetP1_16 New Net Name=NetP2_16
Change Net Name : Old Net Name=NetP1_17 New Net Name=NetP2_17
Added Pin To Net: NetName=NetP1_1 Pin=P1-1
Added Pin To Net: NetName=NetP1_1 Pin=P3-7
Added Net: Name=NetP1_1
Added Pin To Net: NetName=NetP1_3 Pin=P1-3
Added Pin To Net: NetName=NetP1_3 Pin=P3-3
Added Net: Name=NetP1_3
Added Pin To Net: NetName=NetP1_4 Pin=P1-4
Added Pin To Net: NetName=NetP1_4 Pin=P3-5
Added Net: Name=NetP1_4
Added Pin To Net: NetName=NetP1_5 Pin=P1-5
Added Pin To Net: NetName=NetP1_5 Pin=P3-4
Added Net: Name=NetP1_5
Added Pin To Net: NetName=NetP1_6 Pin=P1-6
Added Pin To Net: NetName=NetP1_6 Pin=P3-6
Added Net: Name=NetP1_6
Added Member To Class: ClassName=Sheet1 Member=Component P2 Header 18
Added Room: Name=Sheet1
