Change Component Footprint: Designator=PP2 Old Footprint=HDR2X14 New Footprint=HDR2X14_CEN
Change Component Footprint: Designator=PT2 Old Footprint=HDR2X14 New Footprint=HDR2X14_CEN
Change Component Comment : Designator=PP2 Old Comment=Header 14X2 New Comment=Header 14X2A
Change Component Comment : Designator=PT2 Old Comment=Header 14X2 New Comment=Header 14X2A
Added Component: Designator=SP1(SP1)
Add component. Clean all parameters for all variants
Add component (AddParameter): Name = "Value"; Value = "Speaker Chip"; VariantName = "[No Variations]"
Added Pin To Net: NetName=GND Pin=P1-1
Added Pin To Net: NetName=GND Pin=PT1-1
Added Pin To Net: NetName=GND Pin=PT1-2
Added Pin To Net: NetName=GND Pin=PT1-3
Added Pin To Net: NetName=GND Pin=PT1-4
Added Net: Name=GND
Added Pin To Net: NetName=NetP1_2 Pin=P1-2
Added Pin To Net: NetName=NetP1_2 Pin=PP1-5
Added Pin To Net: NetName=NetP1_2 Pin=PP1-6
Added Pin To Net: NetName=NetP1_2 Pin=PP1-7
Added Pin To Net: NetName=NetP1_2 Pin=PP1-8
Added Pin To Net: NetName=NetP1_2 Pin=PP1-9
Added Pin To Net: NetName=NetP1_2 Pin=PP1-10
Added Net: Name=NetP1_2
Added Pin To Net: NetName=NetP1_3 Pin=P1-3
Added Net: Name=NetP1_3
Added Pin To Net: NetName=NetP1_4 Pin=P1-4
Added Net: Name=NetP1_4
Added Pin To Net: NetName=NetP1_5 Pin=P1-5
Added Net: Name=NetP1_5
Added Pin To Net: NetName=NetP1_6 Pin=P1-6
Added Net: Name=NetP1_6
Added Pin To Net: NetName=NetP1_7 Pin=P1-7
Added Net: Name=NetP1_7
Added Pin To Net: NetName=NetP1_8 Pin=P1-8
Added Net: Name=NetP1_8
Added Pin To Net: NetName=NetP1_9 Pin=P1-9
Added Net: Name=NetP1_9
Added Pin To Net: NetName=NetP1_10 Pin=P1-10
Added Net: Name=NetP1_10
Added Pin To Net: NetName=NetP1_11 Pin=P1-11
Added Net: Name=NetP1_11
Added Pin To Net: NetName=NetP1_13 Pin=P1-13
Added Net: Name=NetP1_13
Added Pin To Net: NetName=NetP1_14 Pin=P1-14
Added Net: Name=NetP1_14
Added Pin To Net: NetName=NetP1_15 Pin=P1-15
Added Net: Name=NetP1_15
Added Pin To Net: NetName=NetP1_16 Pin=P1-16
Added Net: Name=NetP1_16
Added Pin To Net: NetName=NetP1_17 Pin=P1-17
Added Pin To Net: NetName=NetP1_17 Pin=P1-18
Added Net: Name=NetP1_17
Added Pin To Net: NetName=NetPP1_2 Pin=PP1-2
Added Net: Name=NetPP1_2
Added Pin To Net: NetName=NetPP1_3 Pin=PP1-3
Added Net: Name=NetPP1_3
Added Pin To Net: NetName=NetPT1_5 Pin=PT1-5
Added Net: Name=NetPT1_5
Added Pin To Net: NetName=NetPT1_6 Pin=PT1-6
Added Net: Name=NetPT1_6
Added Pin To Net: NetName=NetPT1_7 Pin=PT1-7
Added Net: Name=NetPT1_7
Added Pin To Net: NetName=NetPT1_8 Pin=PT1-8
Added Net: Name=NetPT1_8
Added Pin To Net: NetName=NetPT1_10 Pin=PT1-10
Added Net: Name=NetPT1_10
Added Member To Class: ClassName=Sheet1 Member=Component PP2 Header 14X2A
Added Member To Class: ClassName=Sheet1 Member=Component SP1 Speaker
Added Room: Name=Sheet1
