Added Pin To Net: NetName=GND Pin=PP2-1
Added Pin To Net: NetName=NetP2_4 Pin=PP2-4
Added Pin To Net: NetName=NetP2_6 Pin=PP2-5
Added Pin To Net: NetName=NetP2_8 Pin=PP2-6
Added Pin To Net: NetName=NetP2_10 Pin=PP2-7
Added Pin To Net: NetName=NetP2_3 Pin=PP2-18
Added Pin To Net: NetName=NetP2_5 Pin=PP2-19
Added Pin To Net: NetName=NetP2_7 Pin=PP2-20
Added Pin To Net: NetName=NetP2_9 Pin=PP2-21
Added Pin To Net: NetName=NetP2_11 Pin=PP2-23
Added Pin To Net: NetName=NetP2_14 Pin=PT2-4
Added Pin To Net: NetName=NetP2_16 Pin=PT2-10
Added Pin To Net: NetName=NetPP1_2 Pin=PT2-12
Added Pin To Net: NetName=GND Pin=PT2-15
Added Pin To Net: NetName=NetP2_15 Pin=PT2-17
Added Pin To Net: NetName=NetP2_13 Pin=PT2-25
Added Pin To Net: NetName=NetPP1_3 Pin=PT2-27
Added Pin To Net: NetName=NetPP2_16 Pin=PP2-16
Added Pin To Net: NetName=NetPP2_16 Pin=R?-1
Added Pin To Net: NetName=NetPP2_16 Pin=R?-1
Added Net: Name=NetPP2_16
Added Pin To Net: NetName=NetPP2_27 Pin=PP2-27
Added Pin To Net: NetName=NetPP2_27 Pin=R?-1
Added Net: Name=NetPP2_27
Added Member To Class: ClassName=Sheet1 Member=Component R? 1k
Added Member To Class: ClassName=Sheet1 Member=Component R? 1k
Added Room: Name=Sheet1
