Change Component Library : Designator=3 Old Library=Thu Vi?n Altium FULL HD.IntLib New Library=Thu Vi?n Altium FULL HD.IntLib
Change Component Library : Designator=4 Old Library=Thu Vi?n Altium FULL HD.IntLib New Library=Thu Vi?n Altium FULL HD.IntLib
Change Component Library : Designator=7 Old Library=Thu Vi?n Altium FULL HD.IntLib New Library=Thu Vi?n Altium FULL HD.IntLib
Change Component Library : Designator=8 Old Library=Thu Vi?n Altium FULL HD.IntLib New Library=Thu Vi?n Altium FULL HD.IntLib
Change Component Library : Designator=11 Old Library=Thu Vi?n Altium FULL HD.IntLib New Library=Thu Vi?n Altium FULL HD.IntLib
Change Component Library : Designator=12 Old Library=Thu Vi?n Altium FULL HD.IntLib New Library=Thu Vi?n Altium FULL HD.IntLib
Change Component Library : Designator=15 Old Library=Thu Vi?n Altium FULL HD.IntLib New Library=Thu Vi?n Altium FULL HD.IntLib
Change Component Library : Designator=16 Old Library=Thu Vi?n Altium FULL HD.IntLib New Library=Thu Vi?n Altium FULL HD.IntLib
Change Component Library : Designator=C1 Old Library=Thu Vi?n Altium FULL HD.IntLib New Library=Thu Vi?n Altium FULL HD.IntLib
Change Component Library : Designator=C2 Old Library=Thu Vi?n Altium FULL HD.IntLib New Library=Thu Vi?n Altium FULL HD.IntLib
Change Component Library : Designator=C3 Old Library=Thu Vi?n Altium FULL HD.IntLib New Library=Thu Vi?n Altium FULL HD.IntLib
Change Component Library : Designator=C4 Old Library=Thu Vi?n Altium FULL HD.IntLib New Library=Thu Vi?n Altium FULL HD.IntLib
Change Component Library : Designator=C5 Old Library=Thu Vi?n Altium FULL HD.IntLib New Library=Thu Vi?n Altium FULL HD.IntLib
Change Component Library : Designator=C6 Old Library=Thu Vi?n Altium FULL HD.IntLib New Library=Thu Vi?n Altium FULL HD.IntLib
Change Component Library : Designator=Cx1 Old Library=Thu Vi?n Altium FULL HD.IntLib New Library=Thu Vi?n Altium FULL HD.IntLib
Change Component Library : Designator=Cx2 Old Library=Thu Vi?n Altium FULL HD.IntLib New Library=Thu Vi?n Altium FULL HD.IntLib
Change Component Library : Designator=Cx3 Old Library=Thu Vi?n Altium FULL HD.IntLib New Library=Thu Vi?n Altium FULL HD.IntLib
Change Component Library : Designator=Cx4 Old Library=Thu Vi?n Altium FULL HD.IntLib New Library=Thu Vi?n Altium FULL HD.IntLib
Change Component Library : Designator=Cx5 Old Library=Thu Vi?n Altium FULL HD.IntLib New Library=Thu Vi?n Altium FULL HD.IntLib
Change Component Library : Designator=Cx6 Old Library=Thu Vi?n Altium FULL HD.IntLib New Library=Thu Vi?n Altium FULL HD.IntLib
Change Component Library : Designator=Cx7 Old Library=Thu Vi?n Altium FULL HD.IntLib New Library=Thu Vi?n Altium FULL HD.IntLib
Change Component Library : Designator=Cx8 Old Library=Thu Vi?n Altium FULL HD.IntLib New Library=Thu Vi?n Altium FULL HD.IntLib
Change Component Library : Designator=F1 Old Library=Thu Vi?n Altium FULL HD.IntLib New Library=Thu Vi?n Altium FULL HD.IntLib
Change Component Library : Designator=IC1 Old Library=Thu Vi?n Altium FULL HD.IntLib New Library=Thu Vi?n Altium FULL HD.IntLib
Change Component Library : Designator=JP1 Old Library=Thu Vi?n Altium FULL HD.IntLib New Library=Thu Vi?n Altium FULL HD.IntLib
Change Component Library : Designator=L1 Old Library=Thu Vi?n Altium FULL HD.IntLib New Library=Thu Vi?n Altium FULL HD.IntLib
Change Component Library : Designator=LED1 Old Library=Thu Vi?n Altium FULL HD.IntLib New Library=Thu Vi?n Altium FULL HD.IntLib
Change Component Library : Designator=LED2 Old Library=Thu Vi?n Altium FULL HD.IntLib New Library=Thu Vi?n Altium FULL HD.IntLib
Change Component Library : Designator=LED3 Old Library=Thu Vi?n Altium FULL HD.IntLib New Library=Thu Vi?n Altium FULL HD.IntLib
Change Component Library : Designator=LED4 Old Library=Thu Vi?n Altium FULL HD.IntLib New Library=Thu Vi?n Altium FULL HD.IntLib
Change Component Library : Designator=LED5 Old Library=Thu Vi?n Altium FULL HD.IntLib New Library=Thu Vi?n Altium FULL HD.IntLib
Change Component Library : Designator=LED6 Old Library=Thu Vi?n Altium FULL HD.IntLib New Library=Thu Vi?n Altium FULL HD.IntLib
Change Component Library : Designator=LED7 Old Library=Thu Vi?n Altium FULL HD.IntLib New Library=Thu Vi?n Altium FULL HD.IntLib
Change Component Library : Designator=LED8 Old Library=Thu Vi?n Altium FULL HD.IntLib New Library=Thu Vi?n Altium FULL HD.IntLib
Change Component Library : Designator=LED9 Old Library=Thu Vi?n Altium FULL HD.IntLib New Library=Thu Vi?n Altium FULL HD.IntLib
Change Component Library : Designator=LED10 Old Library=Thu Vi?n Altium FULL HD.IntLib New Library=Thu Vi?n Altium FULL HD.IntLib
Change Component Library : Designator=LED11 Old Library=Thu Vi?n Altium FULL HD.IntLib New Library=Thu Vi?n Altium FULL HD.IntLib
Change Component Library : Designator=LED12 Old Library=Thu Vi?n Altium FULL HD.IntLib New Library=Thu Vi?n Altium FULL HD.IntLib
Change Component Library : Designator=LED14 Old Library=Thu Vi?n Altium FULL HD.IntLib New Library=Thu Vi?n Altium FULL HD.IntLib
Change Component Library : Designator=LED15 Old Library=Thu Vi?n Altium FULL HD.IntLib New Library=Thu Vi?n Altium FULL HD.IntLib
Change Component Library : Designator=LED16 Old Library=Thu Vi?n Altium FULL HD.IntLib New Library=Thu Vi?n Altium FULL HD.IntLib
Change Component Library : Designator=LED17 Old Library=Thu Vi?n Altium FULL HD.IntLib New Library=Thu Vi?n Altium FULL HD.IntLib
Change Component Library : Designator=LED18 Old Library=Thu Vi?n Altium FULL HD.IntLib New Library=Thu Vi?n Altium FULL HD.IntLib
Change Component Library : Designator=LED19 Old Library=Thu Vi?n Altium FULL HD.IntLib New Library=Thu Vi?n Altium FULL HD.IntLib
Change Component Library : Designator=LINE1 Old Library=Thu Vi?n Altium FULL HD.IntLib New Library=Thu Vi?n Altium FULL HD.IntLib
Change Component Library : Designator=PD1 Old Library=Thu Vi?n Altium FULL HD.IntLib New Library=Thu Vi?n Altium FULL HD.IntLib
Change Component Library : Designator=R1 Old Library=Thu Vi?n Altium FULL HD.IntLib New Library=Thu Vi?n Altium FULL HD.IntLib
Change Component Library : Designator=R2 Old Library=Thu Vi?n Altium FULL HD.IntLib New Library=Thu Vi?n Altium FULL HD.IntLib
Change Component Library : Designator=R3 Old Library=Thu Vi?n Altium FULL HD.IntLib New Library=Thu Vi?n Altium FULL HD.IntLib
Change Component Library : Designator=R4 Old Library=Thu Vi?n Altium FULL HD.IntLib New Library=Thu Vi?n Altium FULL HD.IntLib
Change Component Library : Designator=R5 Old Library=Thu Vi?n Altium FULL HD.IntLib New Library=Thu Vi?n Altium FULL HD.IntLib
Change Component Library : Designator=R6 Old Library=Thu Vi?n Altium FULL HD.IntLib New Library=Thu Vi?n Altium FULL HD.IntLib
Change Component Library : Designator=R7 Old Library=Thu Vi?n Altium FULL HD.IntLib New Library=Thu Vi?n Altium FULL HD.IntLib
Change Component Library : Designator=R8 Old Library=Thu Vi?n Altium FULL HD.IntLib New Library=Thu Vi?n Altium FULL HD.IntLib
Change Component Library : Designator=R9 Old Library=Thu Vi?n Altium FULL HD.IntLib New Library=Thu Vi?n Altium FULL HD.IntLib
Change Component Library : Designator=R10 Old Library=Thu Vi?n Altium FULL HD.IntLib New Library=Thu Vi?n Altium FULL HD.IntLib
Change Component Library : Designator=R11 Old Library=Thu Vi?n Altium FULL HD.IntLib New Library=Thu Vi?n Altium FULL HD.IntLib
Change Component Library : Designator=R12 Old Library=Thu Vi?n Altium FULL HD.IntLib New Library=Thu Vi?n Altium FULL HD.IntLib
Change Component Library : Designator=R13 Old Library=Thu Vi?n Altium FULL HD.IntLib New Library=Thu Vi?n Altium FULL HD.IntLib
Change Component Library : Designator=R14 Old Library=Thu Vi?n Altium FULL HD.IntLib New Library=Thu Vi?n Altium FULL HD.IntLib
Change Component Library : Designator=R15 Old Library=Thu Vi?n Altium FULL HD.IntLib New Library=Thu Vi?n Altium FULL HD.IntLib
Change Component Library : Designator=R16 Old Library=Thu Vi?n Altium FULL HD.IntLib New Library=Thu Vi?n Altium FULL HD.IntLib
Change Component Library : Designator=R17 Old Library=Thu Vi?n Altium FULL HD.IntLib New Library=Thu Vi?n Altium FULL HD.IntLib
Change Component Library : Designator=R18 Old Library=Thu Vi?n Altium FULL HD.IntLib New Library=Thu Vi?n Altium FULL HD.IntLib
Change Component Library : Designator=R19 Old Library=Thu Vi?n Altium FULL HD.IntLib New Library=Thu Vi?n Altium FULL HD.IntLib
Change Component Library : Designator=R20 Old Library=Thu Vi?n Altium FULL HD.IntLib New Library=Thu Vi?n Altium FULL HD.IntLib
Change Component Library : Designator=R21 Old Library=Thu Vi?n Altium FULL HD.IntLib New Library=Thu Vi?n Altium FULL HD.IntLib
Change Component Library : Designator=R22 Old Library=Thu Vi?n Altium FULL HD.IntLib New Library=Thu Vi?n Altium FULL HD.IntLib
Change Component Library : Designator=R23 Old Library=Thu Vi?n Altium FULL HD.IntLib New Library=Thu Vi?n Altium FULL HD.IntLib
Change Component Library : Designator=R24 Old Library=Thu Vi?n Altium FULL HD.IntLib New Library=Thu Vi?n Altium FULL HD.IntLib
Change Component Library : Designator=R25 Old Library=Thu Vi?n Altium FULL HD.IntLib New Library=Thu Vi?n Altium FULL HD.IntLib
Change Component Library : Designator=R26 Old Library=Thu Vi?n Altium FULL HD.IntLib New Library=Thu Vi?n Altium FULL HD.IntLib
Change Component Library : Designator=R27 Old Library=Thu Vi?n Altium FULL HD.IntLib New Library=Thu Vi?n Altium FULL HD.IntLib
Change Component Library : Designator=R28 Old Library=Thu Vi?n Altium FULL HD.IntLib New Library=Thu Vi?n Altium FULL HD.IntLib
Change Component Library : Designator=R29 Old Library=Thu Vi?n Altium FULL HD.IntLib New Library=Thu Vi?n Altium FULL HD.IntLib
Change Component Library : Designator=R30 Old Library=Thu Vi?n Altium FULL HD.IntLib New Library=Thu Vi?n Altium FULL HD.IntLib
Change Component Library : Designator=R31 Old Library=Thu Vi?n Altium FULL HD.IntLib New Library=Thu Vi?n Altium FULL HD.IntLib
Change Component Library : Designator=R32 Old Library=Thu Vi?n Altium FULL HD.IntLib New Library=Thu Vi?n Altium FULL HD.IntLib
Change Component Library : Designator=R33 Old Library=Thu Vi?n Altium FULL HD.IntLib New Library=Thu Vi?n Altium FULL HD.IntLib
Change Component Library : Designator=R34 Old Library=Thu Vi?n Altium FULL HD.IntLib New Library=Thu Vi?n Altium FULL HD.IntLib
Change Component Library : Designator=R35 Old Library=Thu Vi?n Altium FULL HD.IntLib New Library=Thu Vi?n Altium FULL HD.IntLib
Change Component Library : Designator=R37 Old Library=Thu Vi?n Altium FULL HD.IntLib New Library=Thu Vi?n Altium FULL HD.IntLib
Change Component Library : Designator=R38 Old Library=Thu Vi?n Altium FULL HD.IntLib New Library=Thu Vi?n Altium FULL HD.IntLib
Change Component Library : Designator=R39 Old Library=Thu Vi?n Altium FULL HD.IntLib New Library=Thu Vi?n Altium FULL HD.IntLib
Change Component Library : Designator=R40 Old Library=Thu Vi?n Altium FULL HD.IntLib New Library=Thu Vi?n Altium FULL HD.IntLib
Change Component Library : Designator=R41 Old Library=Thu Vi?n Altium FULL HD.IntLib New Library=Thu Vi?n Altium FULL HD.IntLib
Change Component Library : Designator=R42 Old Library=Thu Vi?n Altium FULL HD.IntLib New Library=Thu Vi?n Altium FULL HD.IntLib
Change Component Library : Designator=R43 Old Library=Thu Vi?n Altium FULL HD.IntLib New Library=Thu Vi?n Altium FULL HD.IntLib
Change Component Library : Designator=R44 Old Library=Thu Vi?n Altium FULL HD.IntLib New Library=Thu Vi?n Altium FULL HD.IntLib
Change Component Library : Designator=R45 Old Library=Thu Vi?n Altium FULL HD.IntLib New Library=Thu Vi?n Altium FULL HD.IntLib
Change Component Library : Designator=R46 Old Library=Thu Vi?n Altium FULL HD.IntLib New Library=Thu Vi?n Altium FULL HD.IntLib
Change Component Library : Designator=R47 Old Library=Thu Vi?n Altium FULL HD.IntLib New Library=Thu Vi?n Altium FULL HD.IntLib
Change Component Library : Designator=R48 Old Library=Thu Vi?n Altium FULL HD.IntLib New Library=Thu Vi?n Altium FULL HD.IntLib
Change Component Library : Designator=R49 Old Library=Thu Vi?n Altium FULL HD.IntLib New Library=Thu Vi?n Altium FULL HD.IntLib
Change Component Library : Designator=R50 Old Library=Thu Vi?n Altium FULL HD.IntLib New Library=Thu Vi?n Altium FULL HD.IntLib
Change Component Library : Designator=R51 Old Library=Thu Vi?n Altium FULL HD.IntLib New Library=Thu Vi?n Altium FULL HD.IntLib
Change Component Library : Designator=R52 Old Library=Thu Vi?n Altium FULL HD.IntLib New Library=Thu Vi?n Altium FULL HD.IntLib
Change Component Library : Designator=R53 Old Library=Thu Vi?n Altium FULL HD.IntLib New Library=Thu Vi?n Altium FULL HD.IntLib
Change Component Library : Designator=R54 Old Library=Thu Vi?n Altium FULL HD.IntLib New Library=Thu Vi?n Altium FULL HD.IntLib
Change Component Library : Designator=R55 Old Library=Thu Vi?n Altium FULL HD.IntLib New Library=Thu Vi?n Altium FULL HD.IntLib
Change Component Library : Designator=R56 Old Library=Thu Vi?n Altium FULL HD.IntLib New Library=Thu Vi?n Altium FULL HD.IntLib
Change Component Library : Designator=R57 Old Library=Thu Vi?n Altium FULL HD.IntLib New Library=Thu Vi?n Altium FULL HD.IntLib
Change Component Library : Designator=R58 Old Library=Thu Vi?n Altium FULL HD.IntLib New Library=Thu Vi?n Altium FULL HD.IntLib
Change Component Library : Designator=R59 Old Library=Thu Vi?n Altium FULL HD.IntLib New Library=Thu Vi?n Altium FULL HD.IntLib
Change Component Library : Designator=R60 Old Library=Thu Vi?n Altium FULL HD.IntLib New Library=Thu Vi?n Altium FULL HD.IntLib
Change Component Library : Designator=R61 Old Library=Thu Vi?n Altium FULL HD.IntLib New Library=Thu Vi?n Altium FULL HD.IntLib
Change Component Library : Designator=R62 Old Library=Thu Vi?n Altium FULL HD.IntLib New Library=Thu Vi?n Altium FULL HD.IntLib
Change Component Library : Designator=T1 Old Library=Thu Vi?n Altium FULL HD.IntLib New Library=Thu Vi?n Altium FULL HD.IntLib
Change Component Library : Designator=TD1 Old Library=Thu Vi?n Altium FULL HD.IntLib New Library=Thu Vi?n Altium FULL HD.IntLib
Change Component Library : Designator=VR2 Old Library=Thu Vi?n Altium FULL HD.IntLib New Library=Thu Vi?n Altium FULL HD.IntLib
Added Component: Designator=BT?(PIN3V)
Add component. Clean all parameters for all variants
Add component (AddParameter): Name = "Value"; Value = "PIN 3V"; VariantName = "[No Variations]"
Added Component: Designator=LED?(LED-0805-Blue)
Add component. Clean all parameters for all variants
Add component (AddParameter): Name = "Value"; Value = "LED 3 - 5 ly 2 Colour"; VariantName = "[No Variations]"
Added Component: Designator=LED?(LED-0805-Blue)
Add component. Clean all parameters for all variants
Add component (AddParameter): Name = "Value"; Value = "LED 3 - 5 ly 2 Colour"; VariantName = "[No Variations]"
Added Component: Designator=LED?(LED-0805-Blue)
Add component. Clean all parameters for all variants
Add component (AddParameter): Name = "Value"; Value = "LED 3 - 5 ly 2 Colour"; VariantName = "[No Variations]"
Added Component: Designator=LED?(LED-0805-Blue)
Add component. Clean all parameters for all variants
Add component (AddParameter): Name = "Value"; Value = "LED 3 - 5 ly 2 Colour"; VariantName = "[No Variations]"
Added Component: Designator=LED?(LED-0805-Blue)
Add component. Clean all parameters for all variants
Add component (AddParameter): Name = "Value"; Value = "LED 3 - 5 ly 2 Colour"; VariantName = "[No Variations]"
Added Component: Designator=LED?(LED-0805-Blue)
Add component. Clean all parameters for all variants
Add component (AddParameter): Name = "Value"; Value = "LED 3 - 5 ly 2 Colour"; VariantName = "[No Variations]"
Added Component: Designator=LED?(LED-0805-Blue)
Add component. Clean all parameters for all variants
Add component (AddParameter): Name = "Value"; Value = "LED 3 - 5 ly 2 Colour"; VariantName = "[No Variations]"
Added Component: Designator=LED?(LED-0805-Blue)
Add component. Clean all parameters for all variants
Add component (AddParameter): Name = "Value"; Value = "LED 3 - 5 ly 2 Colour"; VariantName = "[No Variations]"
Added Component: Designator=LED?(LED-0805-Blue)
Add component. Clean all parameters for all variants
Add component (AddParameter): Name = "Value"; Value = "LED 3 - 5 ly 2 Colour"; VariantName = "[No Variations]"
Added Component: Designator=LED?(LED-0805-Blue)
Add component. Clean all parameters for all variants
Add component (AddParameter): Name = "Value"; Value = "LED 3 - 5 ly 2 Colour"; VariantName = "[No Variations]"
Added Component: Designator=LED?(LED-0805-Blue)
Add component. Clean all parameters for all variants
Add component (AddParameter): Name = "Value"; Value = "LED 3 - 5 ly 2 Colour"; VariantName = "[No Variations]"
Added Component: Designator=LED?(LED-0805-Blue)
Add component. Clean all parameters for all variants
Add component (AddParameter): Name = "Value"; Value = "LED 3 - 5 ly 2 Colour"; VariantName = "[No Variations]"
Added Component: Designator=LED?(LED-0805-Blue)
Add component. Clean all parameters for all variants
Add component (AddParameter): Name = "Value"; Value = "LED 3 - 5 ly 2 Colour"; VariantName = "[No Variations]"
Added Component: Designator=LED?(LED-0805-Blue)
Add component. Clean all parameters for all variants
Add component (AddParameter): Name = "Value"; Value = "LED 3 - 5 ly 2 Colour"; VariantName = "[No Variations]"
Added Component: Designator=LED?(LED-0805-Blue)
Add component. Clean all parameters for all variants
Add component (AddParameter): Name = "Value"; Value = "LED 3 - 5 ly 2 Colour"; VariantName = "[No Variations]"
Added Component: Designator=LED?(LED-0805-Blue)
Add component. Clean all parameters for all variants
Add component (AddParameter): Name = "Value"; Value = "LED 3 - 5 ly 2 Colour"; VariantName = "[No Variations]"
Added Component: Designator=LED?(LED-0805-Blue)
Add component. Clean all parameters for all variants
Add component (AddParameter): Name = "Value"; Value = "LED 3 - 5 ly 2 Colour"; VariantName = "[No Variations]"
Added Component: Designator=LED?(LED-0805-Blue)
Add component. Clean all parameters for all variants
Add component (AddParameter): Name = "Value"; Value = "LED 3 - 5 ly 2 Colour"; VariantName = "[No Variations]"
Added Component: Designator=LED?(LED-0805-Blue)
Add component. Clean all parameters for all variants
Add component (AddParameter): Name = "Value"; Value = "LED 3 - 5 ly 2 Colour"; VariantName = "[No Variations]"
Added Component: Designator=LED?(LED-0805-Blue)
Add component. Clean all parameters for all variants
Add component (AddParameter): Name = "Value"; Value = "LED 3 - 5 ly 2 Colour"; VariantName = "[No Variations]"
Added Component: Designator=LED?(LED-0805-Blue)
Add component. Clean all parameters for all variants
Add component (AddParameter): Name = "Value"; Value = "LED 3 - 5 ly 2 Colour"; VariantName = "[No Variations]"
Added Component: Designator=LED?(LED-0805-Blue)
Add component. Clean all parameters for all variants
Add component (AddParameter): Name = "Value"; Value = "LED 3 - 5 ly 2 Colour"; VariantName = "[No Variations]"
Added Component: Designator=LED?(LED-0805-Blue)
Add component. Clean all parameters for all variants
Add component (AddParameter): Name = "Value"; Value = "LED 3 - 5 ly 2 Colour"; VariantName = "[No Variations]"
Added Component: Designator=LED?(LED-0805-Blue)
Add component. Clean all parameters for all variants
Add component (AddParameter): Name = "Value"; Value = "LED 3 - 5 ly 2 Colour"; VariantName = "[No Variations]"
Added Component: Designator=LED?(LED-0805-Blue)
Add component. Clean all parameters for all variants
Add component (AddParameter): Name = "Value"; Value = "LED 3 - 5 ly 2 Colour"; VariantName = "[No Variations]"
Added Component: Designator=LED?(LED-0805-Blue)
Add component. Clean all parameters for all variants
Add component (AddParameter): Name = "Value"; Value = "LED 3 - 5 ly 2 Colour"; VariantName = "[No Variations]"
Added Component: Designator=LED?(LED-0805-Blue)
Add component. Clean all parameters for all variants
Add component (AddParameter): Name = "Value"; Value = "LED 3 - 5 ly 2 Colour"; VariantName = "[No Variations]"
Added Component: Designator=LED?(LED-0805-Blue)
Add component. Clean all parameters for all variants
Add component (AddParameter): Name = "Value"; Value = "LED 3 - 5 ly 2 Colour"; VariantName = "[No Variations]"
Added Component: Designator=R?(RES-SMD-0805)
Add component. Clean all parameters for all variants
Add component (AddParameter): Name = "Class"; Value = "Passive"; VariantName = "[No Variations]"
Add component (AddParameter): Name = "Manufacturer"; Value = "Generic Components"; VariantName = "[No Variations]"
Add component (AddParameter): Name = "Published"; Value = "08/06/2000"; VariantName = "[No Variations]"
Add component (AddParameter): Name = "Publisher"; Value = "Altium Hobart Technology Centre"; VariantName = "[No Variations]"
Added Component: Designator=R?(RES-SMD-0805)
Add component. Clean all parameters for all variants
Add component (AddParameter): Name = "Class"; Value = "Passive"; VariantName = "[No Variations]"
Add component (AddParameter): Name = "Manufacturer"; Value = "Generic Components"; VariantName = "[No Variations]"
Add component (AddParameter): Name = "Published"; Value = "08/06/2000"; VariantName = "[No Variations]"
Add component (AddParameter): Name = "Publisher"; Value = "Altium Hobart Technology Centre"; VariantName = "[No Variations]"
Added Component: Designator=R?(RES-SMD-0805)
Add component. Clean all parameters for all variants
Add component (AddParameter): Name = "Class"; Value = "Passive"; VariantName = "[No Variations]"
Add component (AddParameter): Name = "Manufacturer"; Value = "Generic Components"; VariantName = "[No Variations]"
Add component (AddParameter): Name = "Published"; Value = "08/06/2000"; VariantName = "[No Variations]"
Add component (AddParameter): Name = "Publisher"; Value = "Altium Hobart Technology Centre"; VariantName = "[No Variations]"
Added Component: Designator=R?(RES-SMD-0805)
Add component. Clean all parameters for all variants
Add component (AddParameter): Name = "Class"; Value = "Passive"; VariantName = "[No Variations]"
Add component (AddParameter): Name = "Manufacturer"; Value = "Generic Components"; VariantName = "[No Variations]"
Add component (AddParameter): Name = "Published"; Value = "08/06/2000"; VariantName = "[No Variations]"
Add component (AddParameter): Name = "Publisher"; Value = "Altium Hobart Technology Centre"; VariantName = "[No Variations]"
Added Component: Designator=R?(RES-SMD-0805)
Add component. Clean all parameters for all variants
Add component (AddParameter): Name = "Class"; Value = "Passive"; VariantName = "[No Variations]"
Add component (AddParameter): Name = "Manufacturer"; Value = "Generic Components"; VariantName = "[No Variations]"
Add component (AddParameter): Name = "Published"; Value = "08/06/2000"; VariantName = "[No Variations]"
Add component (AddParameter): Name = "Publisher"; Value = "Altium Hobart Technology Centre"; VariantName = "[No Variations]"
Added Component: Designator=R?(RES-SMD-0805)
Add component. Clean all parameters for all variants
Add component (AddParameter): Name = "Class"; Value = "Passive"; VariantName = "[No Variations]"
Add component (AddParameter): Name = "Manufacturer"; Value = "Generic Components"; VariantName = "[No Variations]"
Add component (AddParameter): Name = "Published"; Value = "08/06/2000"; VariantName = "[No Variations]"
Add component (AddParameter): Name = "Publisher"; Value = "Altium Hobart Technology Centre"; VariantName = "[No Variations]"
Added Component: Designator=R?(RES-SMD-0805)
Add component. Clean all parameters for all variants
Add component (AddParameter): Name = "Class"; Value = "Passive"; VariantName = "[No Variations]"
Add component (AddParameter): Name = "Manufacturer"; Value = "Generic Components"; VariantName = "[No Variations]"
Add component (AddParameter): Name = "Published"; Value = "08/06/2000"; VariantName = "[No Variations]"
Add component (AddParameter): Name = "Publisher"; Value = "Altium Hobart Technology Centre"; VariantName = "[No Variations]"
Added Component: Designator=R?(RES-SMD-0805)
Add component. Clean all parameters for all variants
Add component (AddParameter): Name = "Class"; Value = "Passive"; VariantName = "[No Variations]"
Add component (AddParameter): Name = "Manufacturer"; Value = "Generic Components"; VariantName = "[No Variations]"
Add component (AddParameter): Name = "Published"; Value = "08/06/2000"; VariantName = "[No Variations]"
Add component (AddParameter): Name = "Publisher"; Value = "Altium Hobart Technology Centre"; VariantName = "[No Variations]"
Added Component: Designator=R?(RES-SMD-0805)
Add component. Clean all parameters for all variants
Add component (AddParameter): Name = "Class"; Value = "Passive"; VariantName = "[No Variations]"
Add component (AddParameter): Name = "Manufacturer"; Value = "Generic Components"; VariantName = "[No Variations]"
Add component (AddParameter): Name = "Published"; Value = "08/06/2000"; VariantName = "[No Variations]"
Add component (AddParameter): Name = "Publisher"; Value = "Altium Hobart Technology Centre"; VariantName = "[No Variations]"
Added Component: Designator=R?(RES-SMD-0805)
Add component. Clean all parameters for all variants
Add component (AddParameter): Name = "Class"; Value = "Passive"; VariantName = "[No Variations]"
Add component (AddParameter): Name = "Manufacturer"; Value = "Generic Components"; VariantName = "[No Variations]"
Add component (AddParameter): Name = "Published"; Value = "08/06/2000"; VariantName = "[No Variations]"
Add component (AddParameter): Name = "Publisher"; Value = "Altium Hobart Technology Centre"; VariantName = "[No Variations]"
Added Component: Designator=R?(RES-SMD-0805)
Add component. Clean all parameters for all variants
Add component (AddParameter): Name = "Class"; Value = "Passive"; VariantName = "[No Variations]"
Add component (AddParameter): Name = "Manufacturer"; Value = "Generic Components"; VariantName = "[No Variations]"
Add component (AddParameter): Name = "Published"; Value = "08/06/2000"; VariantName = "[No Variations]"
Add component (AddParameter): Name = "Publisher"; Value = "Altium Hobart Technology Centre"; VariantName = "[No Variations]"
Added Component: Designator=R?(RES-SMD-0805)
Add component. Clean all parameters for all variants
Add component (AddParameter): Name = "Class"; Value = "Passive"; VariantName = "[No Variations]"
Add component (AddParameter): Name = "Manufacturer"; Value = "Generic Components"; VariantName = "[No Variations]"
Add component (AddParameter): Name = "Published"; Value = "08/06/2000"; VariantName = "[No Variations]"
Add component (AddParameter): Name = "Publisher"; Value = "Altium Hobart Technology Centre"; VariantName = "[No Variations]"
Added Component: Designator=R?(RES-SMD-0805)
Add component. Clean all parameters for all variants
Add component (AddParameter): Name = "Class"; Value = "Passive"; VariantName = "[No Variations]"
Add component (AddParameter): Name = "Manufacturer"; Value = "Generic Components"; VariantName = "[No Variations]"
Add component (AddParameter): Name = "Published"; Value = "08/06/2000"; VariantName = "[No Variations]"
Add component (AddParameter): Name = "Publisher"; Value = "Altium Hobart Technology Centre"; VariantName = "[No Variations]"
Added Component: Designator=R?(RES-SMD-0805)
Add component. Clean all parameters for all variants
Add component (AddParameter): Name = "Class"; Value = "Passive"; VariantName = "[No Variations]"
Add component (AddParameter): Name = "Manufacturer"; Value = "Generic Components"; VariantName = "[No Variations]"
Add component (AddParameter): Name = "Published"; Value = "08/06/2000"; VariantName = "[No Variations]"
Add component (AddParameter): Name = "Publisher"; Value = "Altium Hobart Technology Centre"; VariantName = "[No Variations]"
Added Component: Designator=R?(RES-SMD-0805)
Add component. Clean all parameters for all variants
Add component (AddParameter): Name = "Class"; Value = "Passive"; VariantName = "[No Variations]"
Add component (AddParameter): Name = "Manufacturer"; Value = "Generic Components"; VariantName = "[No Variations]"
Add component (AddParameter): Name = "Published"; Value = "08/06/2000"; VariantName = "[No Variations]"
Add component (AddParameter): Name = "Publisher"; Value = "Altium Hobart Technology Centre"; VariantName = "[No Variations]"
Added Component: Designator=R?(RES-SMD-0805)
Add component. Clean all parameters for all variants
Add component (AddParameter): Name = "Class"; Value = "Passive"; VariantName = "[No Variations]"
Add component (AddParameter): Name = "Manufacturer"; Value = "Generic Components"; VariantName = "[No Variations]"
Add component (AddParameter): Name = "Published"; Value = "08/06/2000"; VariantName = "[No Variations]"
Add component (AddParameter): Name = "Publisher"; Value = "Altium Hobart Technology Centre"; VariantName = "[No Variations]"
Added Component: Designator=R?(RES-SMD-0805)
Add component. Clean all parameters for all variants
Add component (AddParameter): Name = "Class"; Value = "Passive"; VariantName = "[No Variations]"
Add component (AddParameter): Name = "Manufacturer"; Value = "Generic Components"; VariantName = "[No Variations]"
Add component (AddParameter): Name = "Published"; Value = "08/06/2000"; VariantName = "[No Variations]"
Add component (AddParameter): Name = "Publisher"; Value = "Altium Hobart Technology Centre"; VariantName = "[No Variations]"
Added Component: Designator=R?(RES-SMD-0805)
Add component. Clean all parameters for all variants
Add component (AddParameter): Name = "Class"; Value = "Passive"; VariantName = "[No Variations]"
Add component (AddParameter): Name = "Manufacturer"; Value = "Generic Components"; VariantName = "[No Variations]"
Add component (AddParameter): Name = "Published"; Value = "08/06/2000"; VariantName = "[No Variations]"
Add component (AddParameter): Name = "Publisher"; Value = "Altium Hobart Technology Centre"; VariantName = "[No Variations]"
Added Component: Designator=R?(RES-SMD-0805)
Add component. Clean all parameters for all variants
Add component (AddParameter): Name = "Class"; Value = "Passive"; VariantName = "[No Variations]"
Add component (AddParameter): Name = "Manufacturer"; Value = "Generic Components"; VariantName = "[No Variations]"
Add component (AddParameter): Name = "Published"; Value = "08/06/2000"; VariantName = "[No Variations]"
Add component (AddParameter): Name = "Publisher"; Value = "Altium Hobart Technology Centre"; VariantName = "[No Variations]"
Added Component: Designator=R?(RES-SMD-0805)
Add component. Clean all parameters for all variants
Add component (AddParameter): Name = "Class"; Value = "Passive"; VariantName = "[No Variations]"
Add component (AddParameter): Name = "Manufacturer"; Value = "Generic Components"; VariantName = "[No Variations]"
Add component (AddParameter): Name = "Published"; Value = "08/06/2000"; VariantName = "[No Variations]"
Add component (AddParameter): Name = "Publisher"; Value = "Altium Hobart Technology Centre"; VariantName = "[No Variations]"
Added Component: Designator=R?(RES-SMD-0805)
Add component. Clean all parameters for all variants
Add component (AddParameter): Name = "Class"; Value = "Passive"; VariantName = "[No Variations]"
Add component (AddParameter): Name = "Manufacturer"; Value = "Generic Components"; VariantName = "[No Variations]"
Add component (AddParameter): Name = "Published"; Value = "08/06/2000"; VariantName = "[No Variations]"
Add component (AddParameter): Name = "Publisher"; Value = "Altium Hobart Technology Centre"; VariantName = "[No Variations]"
Added Component: Designator=R?(RES-SMD-0805)
Add component. Clean all parameters for all variants
Add component (AddParameter): Name = "Class"; Value = "Passive"; VariantName = "[No Variations]"
Add component (AddParameter): Name = "Manufacturer"; Value = "Generic Components"; VariantName = "[No Variations]"
Add component (AddParameter): Name = "Published"; Value = "08/06/2000"; VariantName = "[No Variations]"
Add component (AddParameter): Name = "Publisher"; Value = "Altium Hobart Technology Centre"; VariantName = "[No Variations]"
Added Component: Designator=R?(RES-SMD-0805)
Add component. Clean all parameters for all variants
Add component (AddParameter): Name = "Class"; Value = "Passive"; VariantName = "[No Variations]"
Add component (AddParameter): Name = "Manufacturer"; Value = "Generic Components"; VariantName = "[No Variations]"
Add component (AddParameter): Name = "Published"; Value = "08/06/2000"; VariantName = "[No Variations]"
Add component (AddParameter): Name = "Publisher"; Value = "Altium Hobart Technology Centre"; VariantName = "[No Variations]"
Added Component: Designator=R?(RES-SMD-0805)
Add component. Clean all parameters for all variants
Add component (AddParameter): Name = "Class"; Value = "Passive"; VariantName = "[No Variations]"
Add component (AddParameter): Name = "Manufacturer"; Value = "Generic Components"; VariantName = "[No Variations]"
Add component (AddParameter): Name = "Published"; Value = "08/06/2000"; VariantName = "[No Variations]"
Add component (AddParameter): Name = "Publisher"; Value = "Altium Hobart Technology Centre"; VariantName = "[No Variations]"
Added Component: Designator=R?(RES-SMD-0805)
Add component. Clean all parameters for all variants
Add component (AddParameter): Name = "Class"; Value = "Passive"; VariantName = "[No Variations]"
Add component (AddParameter): Name = "Manufacturer"; Value = "Generic Components"; VariantName = "[No Variations]"
Add component (AddParameter): Name = "Published"; Value = "08/06/2000"; VariantName = "[No Variations]"
Add component (AddParameter): Name = "Publisher"; Value = "Altium Hobart Technology Centre"; VariantName = "[No Variations]"
Added Component: Designator=R?(RES-SMD-0805)
Add component. Clean all parameters for all variants
Add component (AddParameter): Name = "Class"; Value = "Passive"; VariantName = "[No Variations]"
Add component (AddParameter): Name = "Manufacturer"; Value = "Generic Components"; VariantName = "[No Variations]"
Add component (AddParameter): Name = "Published"; Value = "08/06/2000"; VariantName = "[No Variations]"
Add component (AddParameter): Name = "Publisher"; Value = "Altium Hobart Technology Centre"; VariantName = "[No Variations]"
Added Component: Designator=R?(RES-SMD-0805)
Add component. Clean all parameters for all variants
Add component (AddParameter): Name = "Class"; Value = "Passive"; VariantName = "[No Variations]"
Add component (AddParameter): Name = "Manufacturer"; Value = "Generic Components"; VariantName = "[No Variations]"
Add component (AddParameter): Name = "Published"; Value = "08/06/2000"; VariantName = "[No Variations]"
Add component (AddParameter): Name = "Publisher"; Value = "Altium Hobart Technology Centre"; VariantName = "[No Variations]"
Added Component: Designator=R?(RES-SMD-0805)
Add component. Clean all parameters for all variants
Add component (AddParameter): Name = "Class"; Value = "Passive"; VariantName = "[No Variations]"
Add component (AddParameter): Name = "Manufacturer"; Value = "Generic Components"; VariantName = "[No Variations]"
Add component (AddParameter): Name = "Published"; Value = "08/06/2000"; VariantName = "[No Variations]"
Add component (AddParameter): Name = "Publisher"; Value = "Altium Hobart Technology Centre"; VariantName = "[No Variations]"
Added Component: Designator=SW?(SW-DIP1)
Add component. Clean all parameters for all variants
Add component (AddParameter): Name = "Value"; Value = "SW chip 2 pin"; VariantName = "[No Variations]"
Added Pin To Net: NetName=GND Pin=BT?-2
Added Pin To Net: NetName=GND Pin=LED?-2
Added Pin To Net: NetName=GND Pin=LED?-2
Added Pin To Net: NetName=GND Pin=LED?-2
Added Pin To Net: NetName=GND Pin=LED?-2
Added Pin To Net: NetName=GND Pin=LED?-2
Added Pin To Net: NetName=GND Pin=LED?-2
Added Pin To Net: NetName=GND Pin=LED?-2
Added Pin To Net: NetName=GND Pin=LED?-2
Added Pin To Net: NetName=GND Pin=LED?-2
Added Pin To Net: NetName=GND Pin=LED?-2
Added Pin To Net: NetName=GND Pin=LED?-2
Added Pin To Net: NetName=GND Pin=LED?-2
Added Pin To Net: NetName=GND Pin=LED?-2
Added Pin To Net: NetName=GND Pin=LED?-2
Added Pin To Net: NetName=GND Pin=LED?-2
Added Pin To Net: NetName=GND Pin=LED?-2
Added Pin To Net: NetName=GND Pin=LED?-2
Added Pin To Net: NetName=GND Pin=LED?-2
Added Pin To Net: NetName=GND Pin=LED?-2
Added Pin To Net: NetName=GND Pin=LED?-2
Added Pin To Net: NetName=GND Pin=LED?-2
Added Pin To Net: NetName=GND Pin=LED?-2
Added Pin To Net: NetName=GND Pin=LED?-2
Added Pin To Net: NetName=GND Pin=LED?-2
Added Pin To Net: NetName=GND Pin=LED?-2
Added Pin To Net: NetName=GND Pin=LED?-2
Added Pin To Net: NetName=GND Pin=LED?-2
Added Pin To Net: NetName=GND Pin=LED?-2
Added Pin To Net: NetName=NetBT?_1 Pin=BT?-1
Added Pin To Net: NetName=NetBT?_1 Pin=SW?-1
Added Net: Name=NetBT?_1
Added Pin To Net: NetName=NetLED?_1 Pin=LED?-1
Added Pin To Net: NetName=NetLED?_1 Pin=R?-2
Added Net: Name=NetLED?_1
Added Pin To Net: NetName=NetR?_1 Pin=R?-1
Added Pin To Net: NetName=NetR?_1 Pin=R?-1
Added Pin To Net: NetName=NetR?_1 Pin=R?-1
Added Pin To Net: NetName=NetR?_1 Pin=R?-1
Added Pin To Net: NetName=NetR?_1 Pin=R?-1
Added Pin To Net: NetName=NetR?_1 Pin=R?-1
Added Pin To Net: NetName=NetR?_1 Pin=R?-1
Added Pin To Net: NetName=NetR?_1 Pin=R?-1
Added Pin To Net: NetName=NetR?_1 Pin=R?-1
Added Pin To Net: NetName=NetR?_1 Pin=R?-1
Added Pin To Net: NetName=NetR?_1 Pin=R?-1
Added Pin To Net: NetName=NetR?_1 Pin=R?-1
Added Pin To Net: NetName=NetR?_1 Pin=R?-1
Added Pin To Net: NetName=NetR?_1 Pin=R?-1
Added Pin To Net: NetName=NetR?_1 Pin=R?-1
Added Pin To Net: NetName=NetR?_1 Pin=R?-1
Added Pin To Net: NetName=NetR?_1 Pin=R?-1
Added Pin To Net: NetName=NetR?_1 Pin=R?-1
Added Pin To Net: NetName=NetR?_1 Pin=R?-1
Added Pin To Net: NetName=NetR?_1 Pin=R?-1
Added Pin To Net: NetName=NetR?_1 Pin=R?-1
Added Pin To Net: NetName=NetR?_1 Pin=R?-1
Added Pin To Net: NetName=NetR?_1 Pin=R?-1
Added Pin To Net: NetName=NetR?_1 Pin=R?-1
Added Pin To Net: NetName=NetR?_1 Pin=R?-1
Added Pin To Net: NetName=NetR?_1 Pin=R?-1
Added Pin To Net: NetName=NetR?_1 Pin=R?-1
Added Pin To Net: NetName=NetR?_1 Pin=R?-1
Added Pin To Net: NetName=NetR?_1 Pin=SW?-2
Added Net: Name=NetR?_1
Added Class: Name=Nghich
Added Room: Name=CBLine
Added Room: Name=Nghich
Added Room: Name=PowerBroad
