Removed Pin From Net: NetName=GND Pin=TD-1
Change Component Library : Designator=3 Old Library=Thu Vi?n Altium FULL HD.IntLib New Library=Thu Vi?n Altium FULL HD.IntLib
Change Component Library : Designator=4 Old Library=Thu Vi?n Altium FULL HD.IntLib New Library=Thu Vi?n Altium FULL HD.IntLib
Change Component Library : Designator=7 Old Library=Thu Vi?n Altium FULL HD.IntLib New Library=Thu Vi?n Altium FULL HD.IntLib
Change Component Library : Designator=8 Old Library=Thu Vi?n Altium FULL HD.IntLib New Library=Thu Vi?n Altium FULL HD.IntLib
Change Component Library : Designator=11 Old Library=Thu Vi?n Altium FULL HD.IntLib New Library=Thu Vi?n Altium FULL HD.IntLib
Change Component Library : Designator=12 Old Library=Thu Vi?n Altium FULL HD.IntLib New Library=Thu Vi?n Altium FULL HD.IntLib
Change Component Library : Designator=15 Old Library=Thu Vi?n Altium FULL HD.IntLib New Library=Thu Vi?n Altium FULL HD.IntLib
Change Component Library : Designator=16 Old Library=Thu Vi?n Altium FULL HD.IntLib New Library=Thu Vi?n Altium FULL HD.IntLib
Change Component Library : Designator=C1 Old Library=Thu Vi?n Altium FULL HD.IntLib New Library=Thu Vi?n Altium FULL HD.IntLib
Change Component Library : Designator=C2 Old Library=Thu Vi?n Altium FULL HD.IntLib New Library=Thu Vi?n Altium FULL HD.IntLib
Change Component Library : Designator=C3 Old Library=Thu Vi?n Altium FULL HD.IntLib New Library=Thu Vi?n Altium FULL HD.IntLib
Change Component Library : Designator=C4 Old Library=Thu Vi?n Altium FULL HD.IntLib New Library=Thu Vi?n Altium FULL HD.IntLib
Change Component Library : Designator=C5 Old Library=Thu Vi?n Altium FULL HD.IntLib New Library=Thu Vi?n Altium FULL HD.IntLib
Change Component Library : Designator=C6 Old Library=Thu Vi?n Altium FULL HD.IntLib New Library=Thu Vi?n Altium FULL HD.IntLib
Change Component Library : Designator=Cx1 Old Library=Thu Vi?n Altium FULL HD.IntLib New Library=Thu Vi?n Altium FULL HD.IntLib
Change Component Library : Designator=Cx2 Old Library=Thu Vi?n Altium FULL HD.IntLib New Library=Thu Vi?n Altium FULL HD.IntLib
Change Component Library : Designator=Cx3 Old Library=Thu Vi?n Altium FULL HD.IntLib New Library=Thu Vi?n Altium FULL HD.IntLib
Change Component Library : Designator=Cx4 Old Library=Thu Vi?n Altium FULL HD.IntLib New Library=Thu Vi?n Altium FULL HD.IntLib
Change Component Library : Designator=Cx5 Old Library=Thu Vi?n Altium FULL HD.IntLib New Library=Thu Vi?n Altium FULL HD.IntLib
Change Component Library : Designator=Cx6 Old Library=Thu Vi?n Altium FULL HD.IntLib New Library=Thu Vi?n Altium FULL HD.IntLib
Change Component Library : Designator=Cx7 Old Library=Thu Vi?n Altium FULL HD.IntLib New Library=Thu Vi?n Altium FULL HD.IntLib
Change Component Library : Designator=Cx8 Old Library=Thu Vi?n Altium FULL HD.IntLib New Library=Thu Vi?n Altium FULL HD.IntLib
Change Component Library : Designator=F1 Old Library=Thu Vi?n Altium FULL HD.IntLib New Library=Thu Vi?n Altium FULL HD.IntLib
Change Component Library : Designator=IC1 Old Library=Thu Vi?n Altium FULL HD.IntLib New Library=Thu Vi?n Altium FULL HD.IntLib
Change Component Library : Designator=L1 Old Library=Thu Vi?n Altium FULL HD.IntLib New Library=Thu Vi?n Altium FULL HD.IntLib
Change Component Library : Designator=LED1 Old Library=Thu Vi?n Altium FULL HD.IntLib New Library=Thu Vi?n Altium FULL HD.IntLib
Change Component Library : Designator=LED2 Old Library=Thu Vi?n Altium FULL HD.IntLib New Library=Thu Vi?n Altium FULL HD.IntLib
Change Component Library : Designator=LED3 Old Library=Thu Vi?n Altium FULL HD.IntLib New Library=Thu Vi?n Altium FULL HD.IntLib
Change Component Library : Designator=LED4 Old Library=Thu Vi?n Altium FULL HD.IntLib New Library=Thu Vi?n Altium FULL HD.IntLib
Change Component Library : Designator=LED5 Old Library=Thu Vi?n Altium FULL HD.IntLib New Library=Thu Vi?n Altium FULL HD.IntLib
Change Component Library : Designator=LED6 Old Library=Thu Vi?n Altium FULL HD.IntLib New Library=Thu Vi?n Altium FULL HD.IntLib
Change Component Library : Designator=LED7 Old Library=Thu Vi?n Altium FULL HD.IntLib New Library=Thu Vi?n Altium FULL HD.IntLib
Change Component Library : Designator=LED8 Old Library=Thu Vi?n Altium FULL HD.IntLib New Library=Thu Vi?n Altium FULL HD.IntLib
Change Component Library : Designator=LED9 Old Library=Thu Vi?n Altium FULL HD.IntLib New Library=Thu Vi?n Altium FULL HD.IntLib
Change Component Library : Designator=LED10 Old Library=Thu Vi?n Altium FULL HD.IntLib New Library=Thu Vi?n Altium FULL HD.IntLib
Change Component Library : Designator=LED11 Old Library=Thu Vi?n Altium FULL HD.IntLib New Library=Thu Vi?n Altium FULL HD.IntLib
Change Component Library : Designator=LED12 Old Library=Thu Vi?n Altium FULL HD.IntLib New Library=Thu Vi?n Altium FULL HD.IntLib
Change Component Library : Designator=LINE1 Old Library=Thu Vi?n Altium FULL HD.IntLib New Library=Thu Vi?n Altium FULL HD.IntLib
Change Component Library : Designator=PD Old Library=Thu Vi?n Altium FULL HD.IntLib New Library=Thu Vi?n Altium FULL HD.IntLib
Change Component Library : Designator=R1 Old Library=Thu Vi?n Altium FULL HD.IntLib New Library=Thu Vi?n Altium FULL HD.IntLib
Change Component Library : Designator=R2 Old Library=Thu Vi?n Altium FULL HD.IntLib New Library=Thu Vi?n Altium FULL HD.IntLib
Change Component Library : Designator=R3 Old Library=Thu Vi?n Altium FULL HD.IntLib New Library=Thu Vi?n Altium FULL HD.IntLib
Change Component Library : Designator=R4 Old Library=Thu Vi?n Altium FULL HD.IntLib New Library=Thu Vi?n Altium FULL HD.IntLib
Change Component Library : Designator=R5 Old Library=Thu Vi?n Altium FULL HD.IntLib New Library=Thu Vi?n Altium FULL HD.IntLib
Change Component Library : Designator=R6 Old Library=Thu Vi?n Altium FULL HD.IntLib New Library=Thu Vi?n Altium FULL HD.IntLib
Change Component Library : Designator=R7 Old Library=Thu Vi?n Altium FULL HD.IntLib New Library=Thu Vi?n Altium FULL HD.IntLib
Change Component Library : Designator=R8 Old Library=Thu Vi?n Altium FULL HD.IntLib New Library=Thu Vi?n Altium FULL HD.IntLib
Change Component Library : Designator=R9 Old Library=Thu Vi?n Altium FULL HD.IntLib New Library=Thu Vi?n Altium FULL HD.IntLib
Change Component Library : Designator=R10 Old Library=Thu Vi?n Altium FULL HD.IntLib New Library=Thu Vi?n Altium FULL HD.IntLib
Change Component Library : Designator=R11 Old Library=Thu Vi?n Altium FULL HD.IntLib New Library=Thu Vi?n Altium FULL HD.IntLib
Change Component Library : Designator=R12 Old Library=Thu Vi?n Altium FULL HD.IntLib New Library=Thu Vi?n Altium FULL HD.IntLib
Change Component Library : Designator=R13 Old Library=Thu Vi?n Altium FULL HD.IntLib New Library=Thu Vi?n Altium FULL HD.IntLib
Change Component Library : Designator=R14 Old Library=Thu Vi?n Altium FULL HD.IntLib New Library=Thu Vi?n Altium FULL HD.IntLib
Change Component Library : Designator=R15 Old Library=Thu Vi?n Altium FULL HD.IntLib New Library=Thu Vi?n Altium FULL HD.IntLib
Change Component Library : Designator=R16 Old Library=Thu Vi?n Altium FULL HD.IntLib New Library=Thu Vi?n Altium FULL HD.IntLib
Change Component Library : Designator=R17 Old Library=Thu Vi?n Altium FULL HD.IntLib New Library=Thu Vi?n Altium FULL HD.IntLib
Change Component Library : Designator=R18 Old Library=Thu Vi?n Altium FULL HD.IntLib New Library=Thu Vi?n Altium FULL HD.IntLib
Change Component Library : Designator=R19 Old Library=Thu Vi?n Altium FULL HD.IntLib New Library=Thu Vi?n Altium FULL HD.IntLib
Change Component Library : Designator=R20 Old Library=Thu Vi?n Altium FULL HD.IntLib New Library=Thu Vi?n Altium FULL HD.IntLib
Change Component Library : Designator=R21 Old Library=Thu Vi?n Altium FULL HD.IntLib New Library=Thu Vi?n Altium FULL HD.IntLib
Change Component Library : Designator=R22 Old Library=Thu Vi?n Altium FULL HD.IntLib New Library=Thu Vi?n Altium FULL HD.IntLib
Change Component Library : Designator=R23 Old Library=Thu Vi?n Altium FULL HD.IntLib New Library=Thu Vi?n Altium FULL HD.IntLib
Change Component Library : Designator=R24 Old Library=Thu Vi?n Altium FULL HD.IntLib New Library=Thu Vi?n Altium FULL HD.IntLib
Change Component Library : Designator=R25 Old Library=Thu Vi?n Altium FULL HD.IntLib New Library=Thu Vi?n Altium FULL HD.IntLib
Change Component Library : Designator=R26 Old Library=Thu Vi?n Altium FULL HD.IntLib New Library=Thu Vi?n Altium FULL HD.IntLib
Change Component Library : Designator=R27 Old Library=Thu Vi?n Altium FULL HD.IntLib New Library=Thu Vi?n Altium FULL HD.IntLib
Change Component Library : Designator=R28 Old Library=Thu Vi?n Altium FULL HD.IntLib New Library=Thu Vi?n Altium FULL HD.IntLib
Change Component Library : Designator=R29 Old Library=Thu Vi?n Altium FULL HD.IntLib New Library=Thu Vi?n Altium FULL HD.IntLib
Change Component Library : Designator=R30 Old Library=Thu Vi?n Altium FULL HD.IntLib New Library=Thu Vi?n Altium FULL HD.IntLib
Change Component Library : Designator=R31 Old Library=Thu Vi?n Altium FULL HD.IntLib New Library=Thu Vi?n Altium FULL HD.IntLib
Change Component Library : Designator=R32 Old Library=Thu Vi?n Altium FULL HD.IntLib New Library=Thu Vi?n Altium FULL HD.IntLib
Change Component Library : Designator=R33 Old Library=Thu Vi?n Altium FULL HD.IntLib New Library=Thu Vi?n Altium FULL HD.IntLib
Change Component Library : Designator=R34 Old Library=Thu Vi?n Altium FULL HD.IntLib New Library=Thu Vi?n Altium FULL HD.IntLib
Change Component Library : Designator=R35 Old Library=Thu Vi?n Altium FULL HD.IntLib New Library=Thu Vi?n Altium FULL HD.IntLib
Change Component Library : Designator=R37 Old Library=Thu Vi?n Altium FULL HD.IntLib New Library=Thu Vi?n Altium FULL HD.IntLib
Change Component Library : Designator=R38 Old Library=Thu Vi?n Altium FULL HD.IntLib New Library=Thu Vi?n Altium FULL HD.IntLib
Change Component Library : Designator=T1 Old Library=Thu Vi?n Altium FULL HD.IntLib New Library=Thu Vi?n Altium FULL HD.IntLib
Change Component Library : Designator=TD Old Library=Thu Vi?n Altium FULL HD.IntLib New Library=Thu Vi?n Altium FULL HD.IntLib
Change Component Library : Designator=VR2 Old Library=Thu Vi?n Altium FULL HD.IntLib New Library=Thu Vi?n Altium FULL HD.IntLib
Added Pin To Net: NetName=NetC4_1 Pin=TD-1
Added Room: Name=Sheet1
