Removed Pin From Net: NetName=Net1_2 Pin=JP1-2
Removed Pin From Net: NetName=Net1_2 Pin=R39-1
Removed Pin From Net: NetName=Net1_2 Pin=R40-1
Removed Pin From Net: NetName=Net1_2 Pin=R41-1
Removed Pin From Net: NetName=Net1_2 Pin=R42-1
Removed Pin From Net: NetName=Net1_2 Pin=R43-1
Removed Pin From Net: NetName=Net1_2 Pin=R44-1
Removed Pin From Net: NetName=Net1_2 Pin=R45-1
Removed Pin From Net: NetName=Net1_2 Pin=R46-1
Removed Pin From Net: NetName=Net1_2 Pin=R47-1
Removed Pin From Net: NetName=Net1_2 Pin=R48-1
Removed Pin From Net: NetName=Net1_2 Pin=R49-1
Removed Pin From Net: NetName=Net1_2 Pin=R50-1
Removed Pin From Net: NetName=Net1_2 Pin=R51-1
Removed Pin From Net: NetName=Net1_2 Pin=R52-1
Removed Pin From Net: NetName=Net1_2 Pin=R53-1
Removed Pin From Net: NetName=Net1_2 Pin=R54-1
Removed Pin From Net: NetName=Net1_2 Pin=R55-1
Removed Pin From Net: NetName=Net1_2 Pin=R56-1
Removed Pin From Net: NetName=Net1_2 Pin=R57-1
Removed Pin From Net: NetName=Net1_2 Pin=R58-1
Removed Pin From Net: NetName=Net1_2 Pin=R59-1
Removed Pin From Net: NetName=Net1_2 Pin=R60-1
Removed Pin From Net: NetName=Net1_2 Pin=R61-1
Removed Pin From Net: NetName=Net1_2 Pin=R62-1
Added Pin To Net: NetName=+5 Pin=JP1-2
Added Pin To Net: NetName=+5 Pin=R39-1
Added Pin To Net: NetName=+5 Pin=R40-1
Added Pin To Net: NetName=+5 Pin=R41-1
Added Pin To Net: NetName=+5 Pin=R42-1
Added Pin To Net: NetName=+5 Pin=R43-1
Added Pin To Net: NetName=+5 Pin=R44-1
Added Pin To Net: NetName=+5 Pin=R45-1
Added Pin To Net: NetName=+5 Pin=R46-1
Added Pin To Net: NetName=+5 Pin=R47-1
Added Pin To Net: NetName=+5 Pin=R48-1
Added Pin To Net: NetName=+5 Pin=R49-1
Added Pin To Net: NetName=+5 Pin=R50-1
Added Pin To Net: NetName=+5 Pin=R51-1
Added Pin To Net: NetName=+5 Pin=R52-1
Added Pin To Net: NetName=+5 Pin=R53-1
Added Pin To Net: NetName=+5 Pin=R54-1
Added Pin To Net: NetName=+5 Pin=R55-1
Added Pin To Net: NetName=+5 Pin=R56-1
Added Pin To Net: NetName=+5 Pin=R57-1
Added Pin To Net: NetName=+5 Pin=R58-1
Added Pin To Net: NetName=+5 Pin=R59-1
Added Pin To Net: NetName=+5 Pin=R60-1
Added Pin To Net: NetName=+5 Pin=R61-1
Added Pin To Net: NetName=+5 Pin=R62-1
Added Net: Name=+5
Added Member To Class: ClassName=PowerBroad Member=Component PD1 JP10
Added Member To Class: ClassName=PowerBroad Member=Component TD1 JP10
Added Room: Name=CBLine
