Change Component Designator: OldDesignator=C2 NewDesignator=C3
Change Component Designator: OldDesignator=C3 NewDesignator=C4
Change Component Designator: OldDesignator=C4 NewDesignator=C5
Change Component Designator: OldDesignator=C5 NewDesignator=C6
Added Component: Designator=C2(Header4)
Add component. Clean all parameters for all variants
Add component (AddParameter): Name = "ComponentLink1 Description"; Value = "Manufacturer"; VariantName = "[No Variations]"
Add component (AddParameter): Name = "ComponentLink1URL"; Value = "http://www.we-online.com"; VariantName = "[No Variations]"
Add component (AddParameter): Name = "ComponentLink2 Description"; Value = "Datasheet"; VariantName = "[No Variations]"
Add component (AddParameter): Name = "ComponentLink2URL"; Value = "http://katalog.we-online.de/em/datasheet/6130xx143121.pdf"; VariantName = "[No Variations]"
Add component (AddParameter): Name = "Created by"; Value = "Karrer Zheng"; VariantName = "[No Variations]"
Add component (AddParameter): Name = "Created Date"; Value = "29 March 2013"; VariantName = "[No Variations]"
Add component (AddParameter): Name = "Manufacturer"; Value = "W¨¹rth Elektronik eiSos GmbH"; VariantName = "[No Variations]"
Add component (AddParameter): Name = "NoPins"; Value = "02"; VariantName = "[No Variations]"
Add component (AddParameter): Name = "partNo"; Value = "613002143121"; VariantName = "[No Variations]"
Added Component: Designator=F1(Fuse1)
Add component. Clean all parameters for all variants
Add component (AddParameter): Name = "Designed by"; Value = "VanDungEvn"; VariantName = "[No Variations]"
Add component (AddParameter): Name = "Value"; Value = "Fuse"; VariantName = "[No Variations]"
Added Pin To Net: NetName=GND Pin=C2-3
Added Pin To Net: NetName=GND Pin=C2-4
Added Pin To Net: NetName=NetC2_1 Pin=F1-2
Added Pin To Net: NetName=NetC2_1 Pin=F1-2
Change Net Name : Old Net Name=NetC2_1 New Net Name=NetC3_1
Added Pin To Net: NetName=NetC2_1 Pin=C2-1
Added Pin To Net: NetName=NetC2_1 Pin=C2-2
Added Pin To Net: NetName=NetC2_1 Pin=F1-1
Added Pin To Net: NetName=NetC2_1 Pin=F1-1
Added Net: Name=NetC2_1
Added Member To Class: ClassName=Sheet1 Member=Component C6 MAL214699103E3
Added Member To Class: ClassName=Sheet1 Member=Component F1 F1A
Added Room: Name=Sheet1
