Change Component Footprint: Designator=R12 Old Footprint=RES-SMD-0805 New Footprint=RES-2W
Change Component Comment : Designator=R12 Old Comment=Res New Comment=RI
Change Component Designator: OldDesignator=3 NewDesignator=2
Change Component Designator: OldDesignator=4 NewDesignator=3
Change Component Designator: OldDesignator=5 NewDesignator=4
Change Component Designator: OldDesignator=6 NewDesignator=5
Change Component Designator: OldDesignator=7 NewDesignator=6
Change Component Designator: OldDesignator=8 NewDesignator=7
Change Component Designator: OldDesignator=9 NewDesignator=8
Change Component Designator: OldDesignator=10 NewDesignator=9
Change Component Designator: OldDesignator=11 NewDesignator=10
Change Component Designator: OldDesignator=12 NewDesignator=11
Change Component Designator: OldDesignator=13 NewDesignator=12
Change Component Designator: OldDesignator=14 NewDesignator=13
Change Component Designator: OldDesignator=15 NewDesignator=14
Change Component Designator: OldDesignator=16 NewDesignator=15
Change Component Designator: OldDesignator=17 NewDesignator=16
Change Component Designator: OldDesignator=18 NewDesignator=17
Change Component Designator: OldDesignator=L? NewDesignator=L1
Change component parameters: Designator = "R12"; Footprint = "RES-2W"; UniqueID = "\YWTDUYXU"
Change component parameters. Clean all parameters for all variants
Change component parameters (AddParameter): Name = "Class"; Value = "Passive"; VariantName = "[No Variations]"
Change component parameters (AddParameter): Name = "Manufacturer"; Value = "Generic Components"; VariantName = "[No Variations]"
Change component parameters (AddParameter): Name = "Published"; Value = "08/06/2000"; VariantName = "[No Variations]"
Change component parameters (AddParameter): Name = "Publisher"; Value = "Altium Hobart Technology Centre"; VariantName = "[No Variations]"
Change component parameters (AddParameter): Name = "SubClass"; Value = "R"; VariantName = "[No Variations]"
Change Net Name : Old Net Name=Net3_1 New Net Name=Net2_1
Change Net Name : Old Net Name=Net3_3 New Net Name=Net2_3
Change Net Name : Old Net Name=Net10_1 New Net Name=Net9_1
Change Net Name : Old Net Name=Net10_3 New Net Name=Net9_3
Change Net Name : Old Net Name=Net11_1 New Net Name=Net10_1
Change Net Name : Old Net Name=Net11_3 New Net Name=Net10_3
Change Net Name : Old Net Name=Net18_1 New Net Name=Net17_1
Change Net Name : Old Net Name=Net18_2 New Net Name=Net17_2
Change Net Name : Old Net Name=Net18_3 New Net Name=Net17_3
Change Net Name : Old Net Name=NetL?_3 New Net Name=NetL1_3
Added Room: Name=Sheet1
