Change Component Designator: OldDesignator=PD NewDesignator=PD1
Change Component Designator: OldDesignator=TD NewDesignator=TD1
Change Component Library : Designator=3 Old Library=Thu Vi?n Altium FULL HD.IntLib New Library=Thu Vi?n Altium FULL HD.IntLib
Change Component Library : Designator=4 Old Library=Thu Vi?n Altium FULL HD.IntLib New Library=Thu Vi?n Altium FULL HD.IntLib
Change Component Library : Designator=7 Old Library=Thu Vi?n Altium FULL HD.IntLib New Library=Thu Vi?n Altium FULL HD.IntLib
Change Component Library : Designator=8 Old Library=Thu Vi?n Altium FULL HD.IntLib New Library=Thu Vi?n Altium FULL HD.IntLib
Change Component Library : Designator=11 Old Library=Thu Vi?n Altium FULL HD.IntLib New Library=Thu Vi?n Altium FULL HD.IntLib
Change Component Library : Designator=12 Old Library=Thu Vi?n Altium FULL HD.IntLib New Library=Thu Vi?n Altium FULL HD.IntLib
Change Component Library : Designator=15 Old Library=Thu Vi?n Altium FULL HD.IntLib New Library=Thu Vi?n Altium FULL HD.IntLib
Change Component Library : Designator=16 Old Library=Thu Vi?n Altium FULL HD.IntLib New Library=Thu Vi?n Altium FULL HD.IntLib
Change Component Library : Designator=C1 Old Library=Thu Vi?n Altium FULL HD.IntLib New Library=Thu Vi?n Altium FULL HD.IntLib
Change Component Library : Designator=C2 Old Library=Thu Vi?n Altium FULL HD.IntLib New Library=Thu Vi?n Altium FULL HD.IntLib
Change Component Library : Designator=C3 Old Library=Thu Vi?n Altium FULL HD.IntLib New Library=Thu Vi?n Altium FULL HD.IntLib
Change Component Library : Designator=C4 Old Library=Thu Vi?n Altium FULL HD.IntLib New Library=Thu Vi?n Altium FULL HD.IntLib
Change Component Library : Designator=C5 Old Library=Thu Vi?n Altium FULL HD.IntLib New Library=Thu Vi?n Altium FULL HD.IntLib
Change Component Library : Designator=C6 Old Library=Thu Vi?n Altium FULL HD.IntLib New Library=Thu Vi?n Altium FULL HD.IntLib
Change Component Library : Designator=Cx1 Old Library=Thu Vi?n Altium FULL HD.IntLib New Library=Thu Vi?n Altium FULL HD.IntLib
Change Component Library : Designator=Cx2 Old Library=Thu Vi?n Altium FULL HD.IntLib New Library=Thu Vi?n Altium FULL HD.IntLib
Change Component Library : Designator=Cx3 Old Library=Thu Vi?n Altium FULL HD.IntLib New Library=Thu Vi?n Altium FULL HD.IntLib
Change Component Library : Designator=Cx4 Old Library=Thu Vi?n Altium FULL HD.IntLib New Library=Thu Vi?n Altium FULL HD.IntLib
Change Component Library : Designator=Cx5 Old Library=Thu Vi?n Altium FULL HD.IntLib New Library=Thu Vi?n Altium FULL HD.IntLib
Change Component Library : Designator=Cx6 Old Library=Thu Vi?n Altium FULL HD.IntLib New Library=Thu Vi?n Altium FULL HD.IntLib
Change Component Library : Designator=Cx7 Old Library=Thu Vi?n Altium FULL HD.IntLib New Library=Thu Vi?n Altium FULL HD.IntLib
Change Component Library : Designator=Cx8 Old Library=Thu Vi?n Altium FULL HD.IntLib New Library=Thu Vi?n Altium FULL HD.IntLib
Change Component Library : Designator=F1 Old Library=Thu Vi?n Altium FULL HD.IntLib New Library=Thu Vi?n Altium FULL HD.IntLib
Change Component Library : Designator=IC1 Old Library=Thu Vi?n Altium FULL HD.IntLib New Library=Thu Vi?n Altium FULL HD.IntLib
Change Component Library : Designator=L1 Old Library=Thu Vi?n Altium FULL HD.IntLib New Library=Thu Vi?n Altium FULL HD.IntLib
Change Component Library : Designator=LED1 Old Library=Thu Vi?n Altium FULL HD.IntLib New Library=Thu Vi?n Altium FULL HD.IntLib
Change Component Library : Designator=LED2 Old Library=Thu Vi?n Altium FULL HD.IntLib New Library=Thu Vi?n Altium FULL HD.IntLib
Change Component Library : Designator=LED3 Old Library=Thu Vi?n Altium FULL HD.IntLib New Library=Thu Vi?n Altium FULL HD.IntLib
Change Component Library : Designator=LED4 Old Library=Thu Vi?n Altium FULL HD.IntLib New Library=Thu Vi?n Altium FULL HD.IntLib
Change Component Library : Designator=LED5 Old Library=Thu Vi?n Altium FULL HD.IntLib New Library=Thu Vi?n Altium FULL HD.IntLib
Change Component Library : Designator=LED6 Old Library=Thu Vi?n Altium FULL HD.IntLib New Library=Thu Vi?n Altium FULL HD.IntLib
Change Component Library : Designator=LED7 Old Library=Thu Vi?n Altium FULL HD.IntLib New Library=Thu Vi?n Altium FULL HD.IntLib
Change Component Library : Designator=LED8 Old Library=Thu Vi?n Altium FULL HD.IntLib New Library=Thu Vi?n Altium FULL HD.IntLib
Change Component Library : Designator=LED9 Old Library=Thu Vi?n Altium FULL HD.IntLib New Library=Thu Vi?n Altium FULL HD.IntLib
Change Component Library : Designator=LED10 Old Library=Thu Vi?n Altium FULL HD.IntLib New Library=Thu Vi?n Altium FULL HD.IntLib
Change Component Library : Designator=LED11 Old Library=Thu Vi?n Altium FULL HD.IntLib New Library=Thu Vi?n Altium FULL HD.IntLib
Change Component Library : Designator=LED12 Old Library=Thu Vi?n Altium FULL HD.IntLib New Library=Thu Vi?n Altium FULL HD.IntLib
Change Component Library : Designator=LINE1 Old Library=Thu Vi?n Altium FULL HD.IntLib New Library=Thu Vi?n Altium FULL HD.IntLib
Change Component Library : Designator=PD1 Old Library=Thu Vi?n Altium FULL HD.IntLib New Library=Thu Vi?n Altium FULL HD.IntLib
Change Component Library : Designator=R1 Old Library=Thu Vi?n Altium FULL HD.IntLib New Library=Thu Vi?n Altium FULL HD.IntLib
Change Component Library : Designator=R2 Old Library=Thu Vi?n Altium FULL HD.IntLib New Library=Thu Vi?n Altium FULL HD.IntLib
Change Component Library : Designator=R3 Old Library=Thu Vi?n Altium FULL HD.IntLib New Library=Thu Vi?n Altium FULL HD.IntLib
Change Component Library : Designator=R4 Old Library=Thu Vi?n Altium FULL HD.IntLib New Library=Thu Vi?n Altium FULL HD.IntLib
Change Component Library : Designator=R5 Old Library=Thu Vi?n Altium FULL HD.IntLib New Library=Thu Vi?n Altium FULL HD.IntLib
Change Component Library : Designator=R6 Old Library=Thu Vi?n Altium FULL HD.IntLib New Library=Thu Vi?n Altium FULL HD.IntLib
Change Component Library : Designator=R7 Old Library=Thu Vi?n Altium FULL HD.IntLib New Library=Thu Vi?n Altium FULL HD.IntLib
Change Component Library : Designator=R8 Old Library=Thu Vi?n Altium FULL HD.IntLib New Library=Thu Vi?n Altium FULL HD.IntLib
Change Component Library : Designator=R9 Old Library=Thu Vi?n Altium FULL HD.IntLib New Library=Thu Vi?n Altium FULL HD.IntLib
Change Component Library : Designator=R10 Old Library=Thu Vi?n Altium FULL HD.IntLib New Library=Thu Vi?n Altium FULL HD.IntLib
Change Component Library : Designator=R11 Old Library=Thu Vi?n Altium FULL HD.IntLib New Library=Thu Vi?n Altium FULL HD.IntLib
Change Component Library : Designator=R12 Old Library=Thu Vi?n Altium FULL HD.IntLib New Library=Thu Vi?n Altium FULL HD.IntLib
Change Component Library : Designator=R13 Old Library=Thu Vi?n Altium FULL HD.IntLib New Library=Thu Vi?n Altium FULL HD.IntLib
Change Component Library : Designator=R14 Old Library=Thu Vi?n Altium FULL HD.IntLib New Library=Thu Vi?n Altium FULL HD.IntLib
Change Component Library : Designator=R15 Old Library=Thu Vi?n Altium FULL HD.IntLib New Library=Thu Vi?n Altium FULL HD.IntLib
Change Component Library : Designator=R16 Old Library=Thu Vi?n Altium FULL HD.IntLib New Library=Thu Vi?n Altium FULL HD.IntLib
Change Component Library : Designator=R17 Old Library=Thu Vi?n Altium FULL HD.IntLib New Library=Thu Vi?n Altium FULL HD.IntLib
Change Component Library : Designator=R18 Old Library=Thu Vi?n Altium FULL HD.IntLib New Library=Thu Vi?n Altium FULL HD.IntLib
Change Component Library : Designator=R19 Old Library=Thu Vi?n Altium FULL HD.IntLib New Library=Thu Vi?n Altium FULL HD.IntLib
Change Component Library : Designator=R20 Old Library=Thu Vi?n Altium FULL HD.IntLib New Library=Thu Vi?n Altium FULL HD.IntLib
Change Component Library : Designator=R21 Old Library=Thu Vi?n Altium FULL HD.IntLib New Library=Thu Vi?n Altium FULL HD.IntLib
Change Component Library : Designator=R22 Old Library=Thu Vi?n Altium FULL HD.IntLib New Library=Thu Vi?n Altium FULL HD.IntLib
Change Component Library : Designator=R23 Old Library=Thu Vi?n Altium FULL HD.IntLib New Library=Thu Vi?n Altium FULL HD.IntLib
Change Component Library : Designator=R24 Old Library=Thu Vi?n Altium FULL HD.IntLib New Library=Thu Vi?n Altium FULL HD.IntLib
Change Component Library : Designator=R25 Old Library=Thu Vi?n Altium FULL HD.IntLib New Library=Thu Vi?n Altium FULL HD.IntLib
Change Component Library : Designator=R26 Old Library=Thu Vi?n Altium FULL HD.IntLib New Library=Thu Vi?n Altium FULL HD.IntLib
Change Component Library : Designator=R27 Old Library=Thu Vi?n Altium FULL HD.IntLib New Library=Thu Vi?n Altium FULL HD.IntLib
Change Component Library : Designator=R28 Old Library=Thu Vi?n Altium FULL HD.IntLib New Library=Thu Vi?n Altium FULL HD.IntLib
Change Component Library : Designator=R29 Old Library=Thu Vi?n Altium FULL HD.IntLib New Library=Thu Vi?n Altium FULL HD.IntLib
Change Component Library : Designator=R30 Old Library=Thu Vi?n Altium FULL HD.IntLib New Library=Thu Vi?n Altium FULL HD.IntLib
Change Component Library : Designator=R31 Old Library=Thu Vi?n Altium FULL HD.IntLib New Library=Thu Vi?n Altium FULL HD.IntLib
Change Component Library : Designator=R32 Old Library=Thu Vi?n Altium FULL HD.IntLib New Library=Thu Vi?n Altium FULL HD.IntLib
Change Component Library : Designator=R33 Old Library=Thu Vi?n Altium FULL HD.IntLib New Library=Thu Vi?n Altium FULL HD.IntLib
Change Component Library : Designator=R34 Old Library=Thu Vi?n Altium FULL HD.IntLib New Library=Thu Vi?n Altium FULL HD.IntLib
Change Component Library : Designator=R35 Old Library=Thu Vi?n Altium FULL HD.IntLib New Library=Thu Vi?n Altium FULL HD.IntLib
Change Component Library : Designator=R37 Old Library=Thu Vi?n Altium FULL HD.IntLib New Library=Thu Vi?n Altium FULL HD.IntLib
Change Component Library : Designator=R38 Old Library=Thu Vi?n Altium FULL HD.IntLib New Library=Thu Vi?n Altium FULL HD.IntLib
Change Component Library : Designator=T1 Old Library=Thu Vi?n Altium FULL HD.IntLib New Library=Thu Vi?n Altium FULL HD.IntLib
Change Component Library : Designator=TD1 Old Library=Thu Vi?n Altium FULL HD.IntLib New Library=Thu Vi?n Altium FULL HD.IntLib
Change Component Library : Designator=VR2 Old Library=Thu Vi?n Altium FULL HD.IntLib New Library=Thu Vi?n Altium FULL HD.IntLib
Added Component: Designator=JP1(Header12)
Add component. Clean all parameters for all variants
Add component (AddParameter): Name = "Value"; Value = "Connector 12"; VariantName = "[No Variations]"
Added Component: Designator=LED14(LED-3MM-YELLOW)
Add component. Clean all parameters for all variants
Add component (AddParameter): Name = "Value"; Value = "LED 3 ly Single Colour"; VariantName = "[No Variations]"
Added Component: Designator=LED15(LED-3MM-YELLOW)
Add component. Clean all parameters for all variants
Add component (AddParameter): Name = "Value"; Value = "LED 3 ly Single Colour"; VariantName = "[No Variations]"
Added Component: Designator=LED16(LED-3MM-YELLOW)
Add component. Clean all parameters for all variants
Add component (AddParameter): Name = "Value"; Value = "LED 3 ly Single Colour"; VariantName = "[No Variations]"
Added Component: Designator=LED17(LED-3MM-YELLOW)
Add component. Clean all parameters for all variants
Add component (AddParameter): Name = "Value"; Value = "LED 3 ly Single Colour"; VariantName = "[No Variations]"
Added Component: Designator=LED18(LED-3MM-YELLOW)
Add component. Clean all parameters for all variants
Add component (AddParameter): Name = "Value"; Value = "LED 3 ly Single Colour"; VariantName = "[No Variations]"
Added Component: Designator=LED19(LED-3MM-YELLOW)
Add component. Clean all parameters for all variants
Add component (AddParameter): Name = "Value"; Value = "LED 3 ly Single Colour"; VariantName = "[No Variations]"
Added Component: Designator=R39(RES-SMD-0805)
Add component. Clean all parameters for all variants
Add component (AddParameter): Name = "Class"; Value = "Passive"; VariantName = "[No Variations]"
Add component (AddParameter): Name = "Manufacturer"; Value = "Generic Components"; VariantName = "[No Variations]"
Add component (AddParameter): Name = "Published"; Value = "08/06/2000"; VariantName = "[No Variations]"
Add component (AddParameter): Name = "Publisher"; Value = "Altium Hobart Technology Centre"; VariantName = "[No Variations]"
Added Component: Designator=R40(RES-SMD-0805)
Add component. Clean all parameters for all variants
Add component (AddParameter): Name = "Class"; Value = "Passive"; VariantName = "[No Variations]"
Add component (AddParameter): Name = "Manufacturer"; Value = "Generic Components"; VariantName = "[No Variations]"
Add component (AddParameter): Name = "Published"; Value = "08/06/2000"; VariantName = "[No Variations]"
Add component (AddParameter): Name = "Publisher"; Value = "Altium Hobart Technology Centre"; VariantName = "[No Variations]"
Added Component: Designator=R41(RES-SMD-0805)
Add component. Clean all parameters for all variants
Add component (AddParameter): Name = "Class"; Value = "Passive"; VariantName = "[No Variations]"
Add component (AddParameter): Name = "Manufacturer"; Value = "Generic Components"; VariantName = "[No Variations]"
Add component (AddParameter): Name = "Published"; Value = "08/06/2000"; VariantName = "[No Variations]"
Add component (AddParameter): Name = "Publisher"; Value = "Altium Hobart Technology Centre"; VariantName = "[No Variations]"
Added Component: Designator=R42(RES-SMD-0805)
Add component. Clean all parameters for all variants
Add component (AddParameter): Name = "Class"; Value = "Passive"; VariantName = "[No Variations]"
Add component (AddParameter): Name = "Manufacturer"; Value = "Generic Components"; VariantName = "[No Variations]"
Add component (AddParameter): Name = "Published"; Value = "08/06/2000"; VariantName = "[No Variations]"
Add component (AddParameter): Name = "Publisher"; Value = "Altium Hobart Technology Centre"; VariantName = "[No Variations]"
Added Component: Designator=R43(RES-SMD-0805)
Add component. Clean all parameters for all variants
Add component (AddParameter): Name = "Class"; Value = "Passive"; VariantName = "[No Variations]"
Add component (AddParameter): Name = "Manufacturer"; Value = "Generic Components"; VariantName = "[No Variations]"
Add component (AddParameter): Name = "Published"; Value = "08/06/2000"; VariantName = "[No Variations]"
Add component (AddParameter): Name = "Publisher"; Value = "Altium Hobart Technology Centre"; VariantName = "[No Variations]"
Added Component: Designator=R44(RES-SMD-0805)
Add component. Clean all parameters for all variants
Add component (AddParameter): Name = "Class"; Value = "Passive"; VariantName = "[No Variations]"
Add component (AddParameter): Name = "Manufacturer"; Value = "Generic Components"; VariantName = "[No Variations]"
Add component (AddParameter): Name = "Published"; Value = "08/06/2000"; VariantName = "[No Variations]"
Add component (AddParameter): Name = "Publisher"; Value = "Altium Hobart Technology Centre"; VariantName = "[No Variations]"
Added Component: Designator=R45(RES-SMD-0805)
Add component. Clean all parameters for all variants
Add component (AddParameter): Name = "Class"; Value = "Passive"; VariantName = "[No Variations]"
Add component (AddParameter): Name = "Manufacturer"; Value = "Generic Components"; VariantName = "[No Variations]"
Add component (AddParameter): Name = "Published"; Value = "08/06/2000"; VariantName = "[No Variations]"
Add component (AddParameter): Name = "Publisher"; Value = "Altium Hobart Technology Centre"; VariantName = "[No Variations]"
Added Component: Designator=R46(RES-SMD-0805)
Add component. Clean all parameters for all variants
Add component (AddParameter): Name = "Class"; Value = "Passive"; VariantName = "[No Variations]"
Add component (AddParameter): Name = "Manufacturer"; Value = "Generic Components"; VariantName = "[No Variations]"
Add component (AddParameter): Name = "Published"; Value = "08/06/2000"; VariantName = "[No Variations]"
Add component (AddParameter): Name = "Publisher"; Value = "Altium Hobart Technology Centre"; VariantName = "[No Variations]"
Added Component: Designator=R47(RES-SMD-0805)
Add component. Clean all parameters for all variants
Add component (AddParameter): Name = "Class"; Value = "Passive"; VariantName = "[No Variations]"
Add component (AddParameter): Name = "Manufacturer"; Value = "Generic Components"; VariantName = "[No Variations]"
Add component (AddParameter): Name = "Published"; Value = "08/06/2000"; VariantName = "[No Variations]"
Add component (AddParameter): Name = "Publisher"; Value = "Altium Hobart Technology Centre"; VariantName = "[No Variations]"
Added Component: Designator=R48(RES-SMD-0805)
Add component. Clean all parameters for all variants
Add component (AddParameter): Name = "Class"; Value = "Passive"; VariantName = "[No Variations]"
Add component (AddParameter): Name = "Manufacturer"; Value = "Generic Components"; VariantName = "[No Variations]"
Add component (AddParameter): Name = "Published"; Value = "08/06/2000"; VariantName = "[No Variations]"
Add component (AddParameter): Name = "Publisher"; Value = "Altium Hobart Technology Centre"; VariantName = "[No Variations]"
Added Component: Designator=R49(RES-SMD-0805)
Add component. Clean all parameters for all variants
Add component (AddParameter): Name = "Class"; Value = "Passive"; VariantName = "[No Variations]"
Add component (AddParameter): Name = "Manufacturer"; Value = "Generic Components"; VariantName = "[No Variations]"
Add component (AddParameter): Name = "Published"; Value = "08/06/2000"; VariantName = "[No Variations]"
Add component (AddParameter): Name = "Publisher"; Value = "Altium Hobart Technology Centre"; VariantName = "[No Variations]"
Added Component: Designator=R50(RES-SMD-0805)
Add component. Clean all parameters for all variants
Add component (AddParameter): Name = "Class"; Value = "Passive"; VariantName = "[No Variations]"
Add component (AddParameter): Name = "Manufacturer"; Value = "Generic Components"; VariantName = "[No Variations]"
Add component (AddParameter): Name = "Published"; Value = "08/06/2000"; VariantName = "[No Variations]"
Add component (AddParameter): Name = "Publisher"; Value = "Altium Hobart Technology Centre"; VariantName = "[No Variations]"
Added Component: Designator=R51(RES-SMD-0805)
Add component. Clean all parameters for all variants
Add component (AddParameter): Name = "Class"; Value = "Passive"; VariantName = "[No Variations]"
Add component (AddParameter): Name = "Manufacturer"; Value = "Generic Components"; VariantName = "[No Variations]"
Add component (AddParameter): Name = "Published"; Value = "08/06/2000"; VariantName = "[No Variations]"
Add component (AddParameter): Name = "Publisher"; Value = "Altium Hobart Technology Centre"; VariantName = "[No Variations]"
Added Component: Designator=R52(RES-SMD-0805)
Add component. Clean all parameters for all variants
Add component (AddParameter): Name = "Class"; Value = "Passive"; VariantName = "[No Variations]"
Add component (AddParameter): Name = "Manufacturer"; Value = "Generic Components"; VariantName = "[No Variations]"
Add component (AddParameter): Name = "Published"; Value = "08/06/2000"; VariantName = "[No Variations]"
Add component (AddParameter): Name = "Publisher"; Value = "Altium Hobart Technology Centre"; VariantName = "[No Variations]"
Added Component: Designator=R53(RES-SMD-0805)
Add component. Clean all parameters for all variants
Add component (AddParameter): Name = "Class"; Value = "Passive"; VariantName = "[No Variations]"
Add component (AddParameter): Name = "Manufacturer"; Value = "Generic Components"; VariantName = "[No Variations]"
Add component (AddParameter): Name = "Published"; Value = "08/06/2000"; VariantName = "[No Variations]"
Add component (AddParameter): Name = "Publisher"; Value = "Altium Hobart Technology Centre"; VariantName = "[No Variations]"
Added Component: Designator=R54(RES-SMD-0805)
Add component. Clean all parameters for all variants
Add component (AddParameter): Name = "Class"; Value = "Passive"; VariantName = "[No Variations]"
Add component (AddParameter): Name = "Manufacturer"; Value = "Generic Components"; VariantName = "[No Variations]"
Add component (AddParameter): Name = "Published"; Value = "08/06/2000"; VariantName = "[No Variations]"
Add component (AddParameter): Name = "Publisher"; Value = "Altium Hobart Technology Centre"; VariantName = "[No Variations]"
Added Component: Designator=R55(RES-SMD-0805)
Add component. Clean all parameters for all variants
Add component (AddParameter): Name = "Class"; Value = "Passive"; VariantName = "[No Variations]"
Add component (AddParameter): Name = "Manufacturer"; Value = "Generic Components"; VariantName = "[No Variations]"
Add component (AddParameter): Name = "Published"; Value = "08/06/2000"; VariantName = "[No Variations]"
Add component (AddParameter): Name = "Publisher"; Value = "Altium Hobart Technology Centre"; VariantName = "[No Variations]"
Added Component: Designator=R56(RES-SMD-0805)
Add component. Clean all parameters for all variants
Add component (AddParameter): Name = "Class"; Value = "Passive"; VariantName = "[No Variations]"
Add component (AddParameter): Name = "Manufacturer"; Value = "Generic Components"; VariantName = "[No Variations]"
Add component (AddParameter): Name = "Published"; Value = "08/06/2000"; VariantName = "[No Variations]"
Add component (AddParameter): Name = "Publisher"; Value = "Altium Hobart Technology Centre"; VariantName = "[No Variations]"
Added Component: Designator=R57(RES-SMD-0805)
Add component. Clean all parameters for all variants
Add component (AddParameter): Name = "Class"; Value = "Passive"; VariantName = "[No Variations]"
Add component (AddParameter): Name = "Manufacturer"; Value = "Generic Components"; VariantName = "[No Variations]"
Add component (AddParameter): Name = "Published"; Value = "08/06/2000"; VariantName = "[No Variations]"
Add component (AddParameter): Name = "Publisher"; Value = "Altium Hobart Technology Centre"; VariantName = "[No Variations]"
Added Component: Designator=R58(RES-SMD-0805)
Add component. Clean all parameters for all variants
Add component (AddParameter): Name = "Class"; Value = "Passive"; VariantName = "[No Variations]"
Add component (AddParameter): Name = "Manufacturer"; Value = "Generic Components"; VariantName = "[No Variations]"
Add component (AddParameter): Name = "Published"; Value = "08/06/2000"; VariantName = "[No Variations]"
Add component (AddParameter): Name = "Publisher"; Value = "Altium Hobart Technology Centre"; VariantName = "[No Variations]"
Added Component: Designator=R59(RES-SMD-0805)
Add component. Clean all parameters for all variants
Add component (AddParameter): Name = "Class"; Value = "Passive"; VariantName = "[No Variations]"
Add component (AddParameter): Name = "Manufacturer"; Value = "Generic Components"; VariantName = "[No Variations]"
Add component (AddParameter): Name = "Published"; Value = "08/06/2000"; VariantName = "[No Variations]"
Add component (AddParameter): Name = "Publisher"; Value = "Altium Hobart Technology Centre"; VariantName = "[No Variations]"
Added Component: Designator=R60(RES-SMD-0805)
Add component. Clean all parameters for all variants
Add component (AddParameter): Name = "Class"; Value = "Passive"; VariantName = "[No Variations]"
Add component (AddParameter): Name = "Manufacturer"; Value = "Generic Components"; VariantName = "[No Variations]"
Add component (AddParameter): Name = "Published"; Value = "08/06/2000"; VariantName = "[No Variations]"
Add component (AddParameter): Name = "Publisher"; Value = "Altium Hobart Technology Centre"; VariantName = "[No Variations]"
Added Component: Designator=R61(RES-SMD-0805)
Add component. Clean all parameters for all variants
Add component (AddParameter): Name = "Class"; Value = "Passive"; VariantName = "[No Variations]"
Add component (AddParameter): Name = "Manufacturer"; Value = "Generic Components"; VariantName = "[No Variations]"
Add component (AddParameter): Name = "Published"; Value = "08/06/2000"; VariantName = "[No Variations]"
Add component (AddParameter): Name = "Publisher"; Value = "Altium Hobart Technology Centre"; VariantName = "[No Variations]"
Added Component: Designator=R62(RES-SMD-0805)
Add component. Clean all parameters for all variants
Add component (AddParameter): Name = "Class"; Value = "Passive"; VariantName = "[No Variations]"
Add component (AddParameter): Name = "Manufacturer"; Value = "Generic Components"; VariantName = "[No Variations]"
Add component (AddParameter): Name = "Published"; Value = "08/06/2000"; VariantName = "[No Variations]"
Add component (AddParameter): Name = "Publisher"; Value = "Altium Hobart Technology Centre"; VariantName = "[No Variations]"
Added Component: Designator=U3(*OPTO_TCRT5000_TCRT5000(Primary))
Add component. Clean all parameters for all variants
Add component (AddParameter): Name = "Availability"; Value = "Unavailable"; VariantName = "[No Variations]"
Add component (AddParameter): Name = "MF"; Value = "Vishay"; VariantName = "[No Variations]"
Add component (AddParameter): Name = "MP"; Value = "TCRT5000"; VariantName = "[No Variations]"
Add component (AddParameter): Name = "Package"; Value = "PCB Mount Vishay"; VariantName = "[No Variations]"
Add component (AddParameter): Name = "Price"; Value = "None"; VariantName = "[No Variations]"
Add component (AddParameter): Name = "SnapEDA_Link"; Value = "https://www.snapeda.com/parts/TCRT5000/Vishay%20Semiconductor%20Opto%20Division/view-part/?ref=snap"; VariantName = "[No Variations]"
Add component (AddParameter): Name = "Value"; Value = ""; VariantName = "[No Variations]"
Added Component: Designator=U4(*OPTO_TCRT5000_TCRT5000(Primary))
Add component. Clean all parameters for all variants
Add component (AddParameter): Name = "Availability"; Value = "Unavailable"; VariantName = "[No Variations]"
Add component (AddParameter): Name = "MF"; Value = "Vishay"; VariantName = "[No Variations]"
Add component (AddParameter): Name = "MP"; Value = "TCRT5000"; VariantName = "[No Variations]"
Add component (AddParameter): Name = "Package"; Value = "PCB Mount Vishay"; VariantName = "[No Variations]"
Add component (AddParameter): Name = "Price"; Value = "None"; VariantName = "[No Variations]"
Add component (AddParameter): Name = "SnapEDA_Link"; Value = "https://www.snapeda.com/parts/TCRT5000/Vishay%20Semiconductor%20Opto%20Division/view-part/?ref=snap"; VariantName = "[No Variations]"
Add component (AddParameter): Name = "Value"; Value = ""; VariantName = "[No Variations]"
Added Component: Designator=U5(*OPTO_TCRT5000_TCRT5000(Primary))
Add component. Clean all parameters for all variants
Add component (AddParameter): Name = "Availability"; Value = "Unavailable"; VariantName = "[No Variations]"
Add component (AddParameter): Name = "MF"; Value = "Vishay"; VariantName = "[No Variations]"
Add component (AddParameter): Name = "MP"; Value = "TCRT5000"; VariantName = "[No Variations]"
Add component (AddParameter): Name = "Package"; Value = "PCB Mount Vishay"; VariantName = "[No Variations]"
Add component (AddParameter): Name = "Price"; Value = "None"; VariantName = "[No Variations]"
Add component (AddParameter): Name = "SnapEDA_Link"; Value = "https://www.snapeda.com/parts/TCRT5000/Vishay%20Semiconductor%20Opto%20Division/view-part/?ref=snap"; VariantName = "[No Variations]"
Add component (AddParameter): Name = "Value"; Value = ""; VariantName = "[No Variations]"
Added Component: Designator=U6(*OPTO_TCRT5000_TCRT5000(Primary))
Add component. Clean all parameters for all variants
Add component (AddParameter): Name = "Availability"; Value = "Unavailable"; VariantName = "[No Variations]"
Add component (AddParameter): Name = "MF"; Value = "Vishay"; VariantName = "[No Variations]"
Add component (AddParameter): Name = "MP"; Value = "TCRT5000"; VariantName = "[No Variations]"
Add component (AddParameter): Name = "Package"; Value = "PCB Mount Vishay"; VariantName = "[No Variations]"
Add component (AddParameter): Name = "Price"; Value = "None"; VariantName = "[No Variations]"
Add component (AddParameter): Name = "SnapEDA_Link"; Value = "https://www.snapeda.com/parts/TCRT5000/Vishay%20Semiconductor%20Opto%20Division/view-part/?ref=snap"; VariantName = "[No Variations]"
Add component (AddParameter): Name = "Value"; Value = ""; VariantName = "[No Variations]"
Added Component: Designator=U7(*OPTO_TCRT5000_TCRT5000(Primary))
Add component. Clean all parameters for all variants
Add component (AddParameter): Name = "Availability"; Value = "Unavailable"; VariantName = "[No Variations]"
Add component (AddParameter): Name = "MF"; Value = "Vishay"; VariantName = "[No Variations]"
Add component (AddParameter): Name = "MP"; Value = "TCRT5000"; VariantName = "[No Variations]"
Add component (AddParameter): Name = "Package"; Value = "PCB Mount Vishay"; VariantName = "[No Variations]"
Add component (AddParameter): Name = "Price"; Value = "None"; VariantName = "[No Variations]"
Add component (AddParameter): Name = "SnapEDA_Link"; Value = "https://www.snapeda.com/parts/TCRT5000/Vishay%20Semiconductor%20Opto%20Division/view-part/?ref=snap"; VariantName = "[No Variations]"
Add component (AddParameter): Name = "Value"; Value = ""; VariantName = "[No Variations]"
Added Component: Designator=U8(*OPTO_TCRT5000_TCRT5000(Primary))
Add component. Clean all parameters for all variants
Add component (AddParameter): Name = "Availability"; Value = "Unavailable"; VariantName = "[No Variations]"
Add component (AddParameter): Name = "MF"; Value = "Vishay"; VariantName = "[No Variations]"
Add component (AddParameter): Name = "MP"; Value = "TCRT5000"; VariantName = "[No Variations]"
Add component (AddParameter): Name = "Package"; Value = "PCB Mount Vishay"; VariantName = "[No Variations]"
Add component (AddParameter): Name = "Price"; Value = "None"; VariantName = "[No Variations]"
Add component (AddParameter): Name = "SnapEDA_Link"; Value = "https://www.snapeda.com/parts/TCRT5000/Vishay%20Semiconductor%20Opto%20Division/view-part/?ref=snap"; VariantName = "[No Variations]"
Add component (AddParameter): Name = "Value"; Value = ""; VariantName = "[No Variations]"
Added Component: Designator=U9(*OPTO_TCRT5000_TCRT5000(Primary))
Add component. Clean all parameters for all variants
Add component (AddParameter): Name = "Availability"; Value = "Unavailable"; VariantName = "[No Variations]"
Add component (AddParameter): Name = "MF"; Value = "Vishay"; VariantName = "[No Variations]"
Add component (AddParameter): Name = "MP"; Value = "TCRT5000"; VariantName = "[No Variations]"
Add component (AddParameter): Name = "Package"; Value = "PCB Mount Vishay"; VariantName = "[No Variations]"
Add component (AddParameter): Name = "Price"; Value = "None"; VariantName = "[No Variations]"
Add component (AddParameter): Name = "SnapEDA_Link"; Value = "https://www.snapeda.com/parts/TCRT5000/Vishay%20Semiconductor%20Opto%20Division/view-part/?ref=snap"; VariantName = "[No Variations]"
Add component (AddParameter): Name = "Value"; Value = ""; VariantName = "[No Variations]"
Added Component: Designator=U10(*OPTO_TCRT5000_TCRT5000(Primary))
Add component. Clean all parameters for all variants
Add component (AddParameter): Name = "Availability"; Value = "Unavailable"; VariantName = "[No Variations]"
Add component (AddParameter): Name = "MF"; Value = "Vishay"; VariantName = "[No Variations]"
Add component (AddParameter): Name = "MP"; Value = "TCRT5000"; VariantName = "[No Variations]"
Add component (AddParameter): Name = "Package"; Value = "PCB Mount Vishay"; VariantName = "[No Variations]"
Add component (AddParameter): Name = "Price"; Value = "None"; VariantName = "[No Variations]"
Add component (AddParameter): Name = "SnapEDA_Link"; Value = "https://www.snapeda.com/parts/TCRT5000/Vishay%20Semiconductor%20Opto%20Division/view-part/?ref=snap"; VariantName = "[No Variations]"
Add component (AddParameter): Name = "Value"; Value = ""; VariantName = "[No Variations]"
Added Component: Designator=U11(*OPTO_TCRT5000_TCRT5000(Primary))
Add component. Clean all parameters for all variants
Add component (AddParameter): Name = "Availability"; Value = "Unavailable"; VariantName = "[No Variations]"
Add component (AddParameter): Name = "MF"; Value = "Vishay"; VariantName = "[No Variations]"
Add component (AddParameter): Name = "MP"; Value = "TCRT5000"; VariantName = "[No Variations]"
Add component (AddParameter): Name = "Package"; Value = "PCB Mount Vishay"; VariantName = "[No Variations]"
Add component (AddParameter): Name = "Price"; Value = "None"; VariantName = "[No Variations]"
Add component (AddParameter): Name = "SnapEDA_Link"; Value = "https://www.snapeda.com/parts/TCRT5000/Vishay%20Semiconductor%20Opto%20Division/view-part/?ref=snap"; VariantName = "[No Variations]"
Add component (AddParameter): Name = "Value"; Value = ""; VariantName = "[No Variations]"
Added Pin To Net: NetName=GND Pin=JP1-1
Added Pin To Net: NetName=Net1_2 Pin=JP1-2
Added Pin To Net: NetName=NetIC1_3 Pin=JP1-12
Added Pin To Net: NetName=GND Pin=LED14-2
Added Pin To Net: NetName=NetIC1_3 Pin=LED15-1
Added Pin To Net: NetName=GND Pin=LED15-2
Added Pin To Net: NetName=GND Pin=LED16-2
Added Pin To Net: NetName=NetIC1_3 Pin=LED17-1
Added Pin To Net: NetName=GND Pin=LED17-2
Added Pin To Net: NetName=GND Pin=LED18-2
Added Pin To Net: NetName=NetIC1_3 Pin=LED19-1
Added Pin To Net: NetName=GND Pin=LED19-2
Added Pin To Net: NetName=Net1_2 Pin=R39-1
Added Pin To Net: NetName=NetIC1_3 Pin=R39-2
Added Pin To Net: NetName=Net1_2 Pin=R40-1
Added Pin To Net: NetName=Net1_2 Pin=R41-1
Added Pin To Net: NetName=Net1_2 Pin=R42-1
Added Pin To Net: NetName=Net1_2 Pin=R43-1
Added Pin To Net: NetName=Net1_2 Pin=R44-1
Added Pin To Net: NetName=Net1_2 Pin=R45-1
Added Pin To Net: NetName=Net1_2 Pin=R46-1
Added Pin To Net: NetName=Net1_2 Pin=R47-1
Added Pin To Net: NetName=NetIC1_3 Pin=R47-2
Added Pin To Net: NetName=Net1_2 Pin=R48-1
Added Pin To Net: NetName=Net1_2 Pin=R49-1
Added Pin To Net: NetName=Net1_2 Pin=R50-1
Added Pin To Net: NetName=Net1_2 Pin=R51-1
Added Pin To Net: NetName=Net1_2 Pin=R52-1
Added Pin To Net: NetName=Net1_2 Pin=R53-1
Added Pin To Net: NetName=Net1_2 Pin=R54-1
Added Pin To Net: NetName=Net1_2 Pin=R55-1
Added Pin To Net: NetName=NetIC1_3 Pin=R55-2
Added Pin To Net: NetName=Net1_2 Pin=R56-1
Added Pin To Net: NetName=Net1_2 Pin=R57-1
Added Pin To Net: NetName=Net1_2 Pin=R58-1
Added Pin To Net: NetName=Net1_2 Pin=R59-1
Added Pin To Net: NetName=Net1_2 Pin=R60-1
Added Pin To Net: NetName=Net1_2 Pin=R61-1
Added Pin To Net: NetName=Net1_2 Pin=R62-1
Added Pin To Net: NetName=GND Pin=U3-CATH
Added Pin To Net: NetName=GND Pin=U3-E
Added Pin To Net: NetName=GND Pin=U4-CATH
Added Pin To Net: NetName=GND Pin=U4-E
Added Pin To Net: NetName=GND Pin=U5-CATH
Added Pin To Net: NetName=GND Pin=U5-E
Added Pin To Net: NetName=GND Pin=U6-CATH
Added Pin To Net: NetName=GND Pin=U6-E
Added Pin To Net: NetName=GND Pin=U7-CATH
Added Pin To Net: NetName=GND Pin=U7-E
Added Pin To Net: NetName=GND Pin=U8-CATH
Added Pin To Net: NetName=GND Pin=U8-E
Added Pin To Net: NetName=GND Pin=U9-CATH
Added Pin To Net: NetName=GND Pin=U9-E
Added Pin To Net: NetName=GND Pin=U10-CATH
Added Pin To Net: NetName=GND Pin=U10-E
Added Pin To Net: NetName=GND Pin=U11-CATH
Added Pin To Net: NetName=GND Pin=U11-E
Change Net Name : Old Net Name=NetPD_2 New Net Name=NetPD1_2
Change Net Name : Old Net Name=NetPD_3 New Net Name=NetPD1_3
Added Pin To Net: NetName=NetJP1_3 Pin=JP1-3
Added Pin To Net: NetName=NetJP1_3 Pin=R41-2
Added Pin To Net: NetName=NetJP1_3 Pin=U3-COLL
Added Net: Name=NetJP1_3
Added Pin To Net: NetName=NetJP1_4 Pin=JP1-4
Added Pin To Net: NetName=NetJP1_4 Pin=R43-2
Added Pin To Net: NetName=NetJP1_4 Pin=U4-COLL
Added Net: Name=NetJP1_4
Added Pin To Net: NetName=NetJP1_5 Pin=JP1-5
Added Pin To Net: NetName=NetJP1_5 Pin=R45-2
Added Pin To Net: NetName=NetJP1_5 Pin=U5-COLL
Added Net: Name=NetJP1_5
Added Pin To Net: NetName=NetJP1_6 Pin=JP1-6
Added Pin To Net: NetName=NetJP1_6 Pin=R50-2
Added Pin To Net: NetName=NetJP1_6 Pin=U6-COLL
Added Net: Name=NetJP1_6
Added Pin To Net: NetName=NetJP1_7 Pin=JP1-7
Added Pin To Net: NetName=NetJP1_7 Pin=R52-2
Added Pin To Net: NetName=NetJP1_7 Pin=U7-COLL
Added Net: Name=NetJP1_7
Added Pin To Net: NetName=NetJP1_8 Pin=JP1-8
Added Pin To Net: NetName=NetJP1_8 Pin=R54-2
Added Pin To Net: NetName=NetJP1_8 Pin=U8-COLL
Added Net: Name=NetJP1_8
Added Pin To Net: NetName=NetJP1_9 Pin=JP1-9
Added Pin To Net: NetName=NetJP1_9 Pin=R57-2
Added Pin To Net: NetName=NetJP1_9 Pin=U9-COLL
Added Net: Name=NetJP1_9
Added Pin To Net: NetName=NetJP1_10 Pin=JP1-10
Added Pin To Net: NetName=NetJP1_10 Pin=R59-2
Added Pin To Net: NetName=NetJP1_10 Pin=U10-COLL
Added Net: Name=NetJP1_10
Added Pin To Net: NetName=NetJP1_11 Pin=JP1-11
Added Pin To Net: NetName=NetJP1_11 Pin=R61-2
Added Pin To Net: NetName=NetJP1_11 Pin=U11-COLL
Added Net: Name=NetJP1_11
Added Pin To Net: NetName=NetLED14_1 Pin=LED14-1
Added Pin To Net: NetName=NetLED14_1 Pin=R46-2
Added Net: Name=NetLED14_1
Added Pin To Net: NetName=NetLED16_1 Pin=LED16-1
Added Pin To Net: NetName=NetLED16_1 Pin=R48-2
Added Net: Name=NetLED16_1
Added Pin To Net: NetName=NetLED18_1 Pin=LED18-1
Added Pin To Net: NetName=NetLED18_1 Pin=R62-2
Added Net: Name=NetLED18_1
Added Pin To Net: NetName=NetR40_2 Pin=R40-2
Added Pin To Net: NetName=NetR40_2 Pin=U3-A
Added Net: Name=NetR40_2
Added Pin To Net: NetName=NetR42_2 Pin=R42-2
Added Pin To Net: NetName=NetR42_2 Pin=U4-A
Added Net: Name=NetR42_2
Added Pin To Net: NetName=NetR44_2 Pin=R44-2
Added Pin To Net: NetName=NetR44_2 Pin=U5-A
Added Net: Name=NetR44_2
Added Pin To Net: NetName=NetR49_2 Pin=R49-2
Added Pin To Net: NetName=NetR49_2 Pin=U6-A
Added Net: Name=NetR49_2
Added Pin To Net: NetName=NetR51_2 Pin=R51-2
Added Pin To Net: NetName=NetR51_2 Pin=U7-A
Added Net: Name=NetR51_2
Added Pin To Net: NetName=NetR53_2 Pin=R53-2
Added Pin To Net: NetName=NetR53_2 Pin=U8-A
Added Net: Name=NetR53_2
Added Pin To Net: NetName=NetR56_2 Pin=R56-2
Added Pin To Net: NetName=NetR56_2 Pin=U9-A
Added Net: Name=NetR56_2
Added Pin To Net: NetName=NetR58_2 Pin=R58-2
Added Pin To Net: NetName=NetR58_2 Pin=U10-A
Added Net: Name=NetR58_2
Added Pin To Net: NetName=NetR60_2 Pin=R60-2
Added Pin To Net: NetName=NetR60_2 Pin=U11-A
Added Net: Name=NetR60_2
Change Class Name : Old Net Name=Sheet1 New Net Name=PowerBroad
Added Class: Name=CBLine
Added Room: Name=CBLine
Added Room: Name=PowerBroad
