Added Component: Designator=Cx1(CN-SMD-0805)
Add component. Clean all parameters for all variants
Add component (AddParameter): Name = "Value"; Value = "33pF"; VariantName = "[No Variations]"
Added Component: Designator=Cx2(CN-SMD-0805)
Add component. Clean all parameters for all variants
Add component (AddParameter): Name = "Value"; Value = "33pF"; VariantName = "[No Variations]"
Added Component: Designator=Cx3(CN-SMD-0805)
Add component. Clean all parameters for all variants
Add component (AddParameter): Name = "Value"; Value = "33pF"; VariantName = "[No Variations]"
Added Component: Designator=Cx4(CN-SMD-0805)
Add component. Clean all parameters for all variants
Add component (AddParameter): Name = "Value"; Value = "33pF"; VariantName = "[No Variations]"
Added Component: Designator=Cx5(CN-SMD-0805)
Add component. Clean all parameters for all variants
Add component (AddParameter): Name = "Value"; Value = "33pF"; VariantName = "[No Variations]"
Added Component: Designator=Cx6(CN-SMD-0805)
Add component. Clean all parameters for all variants
Add component (AddParameter): Name = "Value"; Value = "33pF"; VariantName = "[No Variations]"
Added Component: Designator=Cx7(CN-SMD-0805)
Add component. Clean all parameters for all variants
Add component (AddParameter): Name = "Value"; Value = "33pF"; VariantName = "[No Variations]"
Added Component: Designator=Cx8(CN-SMD-0805)
Add component. Clean all parameters for all variants
Add component (AddParameter): Name = "Value"; Value = "33pF"; VariantName = "[No Variations]"
Added Component: Designator=U2(*SOT229P700X180-4N)
Add component. Clean all parameters for all variants
Add component (AddParameter): Name = "Availability"; Value = "Unavailable"; VariantName = "[No Variations]"
Add component (AddParameter): Name = "MF"; Value = "Advanced Monolithic Systems"; VariantName = "[No Variations]"
Add component (AddParameter): Name = "MP"; Value = "AMS1117-3.3"; VariantName = "[No Variations]"
Add component (AddParameter): Name = "Package"; Value = "None"; VariantName = "[No Variations]"
Add component (AddParameter): Name = "Price"; Value = "None"; VariantName = "[No Variations]"
Add component (AddParameter): Name = "SnapEDA_Link"; Value = "https://www.snapeda.com/parts/AMS1117-3.3/Advanced%20Monolithic%20Systems/view-part/53450/?ref=snap"; VariantName = "[No Variations]"
Add component (AddParameter): Name = "Value"; Value = ""; VariantName = "[No Variations]"
Added Pin To Net: NetName=GND Pin=Cx1-1
Added Pin To Net: NetName=NetC4_1 Pin=Cx1-2
Added Pin To Net: NetName=GND Pin=Cx2-1
Added Pin To Net: NetName=NetC4_1 Pin=Cx2-2
Added Pin To Net: NetName=GND Pin=Cx3-1
Added Pin To Net: NetName=NetC4_1 Pin=Cx3-2
Added Pin To Net: NetName=GND Pin=Cx4-1
Added Pin To Net: NetName=NetC4_1 Pin=Cx4-2
Added Pin To Net: NetName=GND Pin=Cx5-1
Added Pin To Net: NetName=GND Pin=Cx6-1
Added Pin To Net: NetName=GND Pin=Cx7-1
Added Pin To Net: NetName=GND Pin=Cx8-1
Added Pin To Net: NetName=GND Pin=U1-1
Added Pin To Net: NetName=NetC4_1 Pin=U1-3
Added Pin To Net: NetName=GND Pin=U2-1
Added Pin To Net: NetName=NetC4_1 Pin=U2-3
Added Pin To Net: NetName=NetCx5_2 Pin=Cx5-2
Added Pin To Net: NetName=NetCx5_2 Pin=Cx6-2
Added Pin To Net: NetName=NetCx5_2 Pin=Cx7-2
Added Pin To Net: NetName=NetCx5_2 Pin=Cx8-2
Added Pin To Net: NetName=NetCx5_2 Pin=U1-2
Added Pin To Net: NetName=NetCx5_2 Pin=U2-2
Added Net: Name=NetCx5_2
Added Member To Class: ClassName=Sheet1 Member=Component C2 25V-220uF
Added Member To Class: ClassName=Sheet1 Member=Component C4 25V-220uF
Added Member To Class: ClassName=Sheet1 Member=Component Cx1 106
Added Member To Class: ClassName=Sheet1 Member=Component Cx2 104
Added Member To Class: ClassName=Sheet1 Member=Component Cx3 106
Added Member To Class: ClassName=Sheet1 Member=Component Cx4 104
Added Member To Class: ClassName=Sheet1 Member=Component Cx5 104
Added Member To Class: ClassName=Sheet1 Member=Component Cx6 106
Added Member To Class: ClassName=Sheet1 Member=Component Cx7 104
Added Member To Class: ClassName=Sheet1 Member=Component Cx8 106
Added Member To Class: ClassName=Sheet1 Member=Component LED1 LED
Added Member To Class: ClassName=Sheet1 Member=Component Q3 C1815
Added Member To Class: ClassName=Sheet1 Member=Component Q4 C1815
Added Member To Class: ClassName=Sheet1 Member=Component Q5 C1815
Added Member To Class: ClassName=Sheet1 Member=Component R8 1k
Added Member To Class: ClassName=Sheet1 Member=Component R9 1k
Added Member To Class: ClassName=Sheet1 Member=Component R10 1k
Added Member To Class: ClassName=Sheet1 Member=Component R11 1k
Added Member To Class: ClassName=Sheet1 Member=Component U2 AMS1117-3.3
Added Room: Name=Sheet1
