Change Component Designator: Old Designator= New Designator=18
Change Component Designator: Old Designator=2 New Designator=3
Change Component Designator: Old Designator=3 New Designator=4
Change Component Designator: Old Designator=4 New Designator=5
Change Component Designator: Old Designator=5 New Designator=6
Change Component Designator: Old Designator=6 New Designator=7
Change Component Designator: Old Designator=7 New Designator=8
Change Component Designator: Old Designator=8 New Designator=9
Change Component Designator: Old Designator=9 New Designator=10
Change Component Designator: Old Designator=10 New Designator=11
Change Component Designator: Old Designator=11 New Designator=12
Change Component Designator: Old Designator=12 New Designator=13
Change Component Designator: Old Designator=13 New Designator=14
Change Component Designator: Old Designator=14 New Designator=15
Change Component Designator: Old Designator=15 New Designator=16
Change Component Designator: Old Designator=16 New Designator=17
Change Component Designator: Old Designator=33uH New Designator=2
Change Component Designator: Old Designator=C1 New Designator=C3
Change Component Designator: Old Designator=C2 New Designator=C4
Change Component Designator: Old Designator=C? New Designator=C1
Change Component Designator: Old Designator=C? New Designator=C2
Change Component Designator: Old Designator=C? New Designator=C5
Change Component Designator: Old Designator=JDC New Designator=JDC1
Change Component Designator: Old Designator=LED? New Designator=LED1
Change Component Designator: Old Designator=Q? New Designator=Q5
Change Component Designator: Old Designator=R3 New Designator=R4
Change Component Designator: Old Designator=R4 New Designator=R5
Change Component Designator: Old Designator=R5 New Designator=R6
Change Component Designator: Old Designator=R6 New Designator=R7
Change Component Designator: Old Designator=R7 New Designator=R8
Change Component Designator: Old Designator=R8 New Designator=R9
Change Component Designator: Old Designator=R? New Designator=R3
Change Component Designator: Old Designator=R? New Designator=R10
Change Component Designator: Old Designator=R? New Designator=R11
Change Component Designator: Old Designator=R? New Designator=R12
Change Component Designator: Old Designator=SS34 New Designator=SS1
Change Component Designator: Old Designator=VR? New Designator=VR1
Change Component Designator: Old Designator=VR? New Designator=VR2
