Removed Pin From Net: NetName=Net2_1 Pin=2-1
Removed Pin From Net: NetName=Net2_2 Pin=2-2
Removed Member From Class: ClassName=Sheet1 Member=2
Added Component: Designator=L?(L-SMD-D-12.5x12.5)
Add component. Clean all parameters for all variants
Add component (AddParameter): Name = "ComponentLink1Description"; Value = "Manufacturer"; VariantName = "[No Variations]"
Add component (AddParameter): Name = "ComponentLink1URL"; Value = "http://www.we-online.de"; VariantName = "[No Variations]"
Add component (AddParameter): Name = "ComponentLink2Description"; Value = "Datasheet"; VariantName = "[No Variations]"
Add component (AddParameter): Name = "ComponentLink2URL"; Value = "http://katalog.we-online.de/pbs/datasheet/7448709022.pdf"; VariantName = "[No Variations]"
Add component (AddParameter): Name = "Created by"; Value = "Christin Otto"; VariantName = "[No Variations]"
Add component (AddParameter): Name = "Created Date"; Value = "August 2013"; VariantName = "[No Variations]"
Add component (AddParameter): Name = "Inductance"; Value = "2.20 µH"; VariantName = "[No Variations]"
Add component (AddParameter): Name = "Manufacturer"; Value = "Würth Elektronik eiSos GmbH"; VariantName = "[No Variations]"
Add component (AddParameter): Name = "partNo"; Value = "7448709022"; VariantName = "[No Variations]"
Added Pin To Net: NetName=Net2_1 Pin=L?-1
Added Pin To Net: NetName=Net2_1 Pin=L?-2
Added Pin To Net: NetName=Net2_2 Pin=L?-3
Added Pin To Net: NetName=Net2_2 Pin=L?-4
Change Net Name : Old Net Name=Net2_1 New Net Name=NetC2_1
Change Net Name : Old Net Name=Net2_2 New Net Name=NetL?_3
Added Member To Class: ClassName=Sheet1 Member=Component 9 1N4007
Added Member To Class: ClassName=Sheet1 Member=Component 13 1N4007
Added Member To Class: ClassName=Sheet1 Member=Component L? 2.20 µH
Added Room: Name=Sheet1
