Change Component Designator: OldDesignator=1 NewDesignator=2
Change Component Designator: OldDesignator=2 NewDesignator=1
Change Component Designator: OldDesignator=2 NewDesignator=3
Change Component Designator: OldDesignator=3 NewDesignator=4
Change Component Designator: OldDesignator=4 NewDesignator=6
Change Component Designator: OldDesignator=5 NewDesignator=7
Change Component Designator: OldDesignator=6 NewDesignator=8
Change Component Designator: OldDesignator=JP? NewDesignator=JP1
Change Component Designator: OldDesignator=Q1 NewDesignator=Q2
Change Component Designator: OldDesignator=Q2 NewDesignator=Q1
Change Component Designator: OldDesignator=R2 NewDesignator=R3
Change Component Designator: OldDesignator=R3 NewDesignator=R4
Change Net Name : Old Net Name=Net1_1 New Net Name=Net2_1
Change Net Name : Old Net Name=Net1_3 New Net Name=Net2_3
Change Net Name : Old Net Name=Net2_1 New Net Name=Net1_1
Change Net Name : Old Net Name=Net2_3 New Net Name=Net1_3
Change Net Name : Old Net Name=NetJP?_1 New Net Name=NetJP1_1
Change Net Name : Old Net Name=NetJP?_2 New Net Name=NetJP1_2
Change Net Name : Old Net Name=NetQ1_3 New Net Name=NetQ2_3
Change Net Name : Old Net Name=NetQ2_3 New Net Name=NetQ1_3
Added Member To Class: ClassName=Sheet1 Member=Component 7 1N4007
Added Member To Class: ClassName=Sheet1 Member=Component 8 1N4007
Added Member To Class: ClassName=Sheet1 Member=Component R4 1k
Added Room: Name=Sheet1
