Change Component Designator: OldDesignator=2 NewDesignator=3
Change Component Designator: OldDesignator=3 NewDesignator=4
Change Component Designator: OldDesignator=4 NewDesignator=5
Change Component Designator: OldDesignator=5 NewDesignator=6
Change Component Designator: OldDesignator=6 NewDesignator=7
Change Component Designator: OldDesignator=7 NewDesignator=8
Change Component Designator: OldDesignator=8 NewDesignator=9
Change Component Designator: OldDesignator=9 NewDesignator=10
Change Component Designator: OldDesignator=10 NewDesignator=11
Change Component Designator: OldDesignator=11 NewDesignator=12
Change Component Designator: OldDesignator=12 NewDesignator=13
Change Component Designator: OldDesignator=13 NewDesignator=14
Change Component Designator: OldDesignator=14 NewDesignator=15
Change Component Designator: OldDesignator=15 NewDesignator=16
Change Component Designator: OldDesignator=16 NewDesignator=17
Change Component Designator: OldDesignator=C1 NewDesignator=C3
Change Component Designator: OldDesignator=C2 NewDesignator=C4
Change Component Designator: OldDesignator=R3 NewDesignator=R4
Change Component Designator: OldDesignator=R4 NewDesignator=R5
Change Component Designator: OldDesignator=R5 NewDesignator=R6
Change Component Designator: OldDesignator=R6 NewDesignator=R7
Change Component Designator: OldDesignator=R7 NewDesignator=R8
Change Component Designator: OldDesignator=R8 NewDesignator=R9
Change Component Library : Designator=4 Old Library=Thu Vi?n Altium FULL HD.IntLib New Library=Thu Vi?n Altium FULL HD.IntLib
Change Component Library : Designator=5 Old Library=Thu Vi?n Altium FULL HD.IntLib New Library=Thu Vi?n Altium FULL HD.IntLib
Change Component Library : Designator=8 Old Library=Thu Vi?n Altium FULL HD.IntLib New Library=Thu Vi?n Altium FULL HD.IntLib
Change Component Library : Designator=9 Old Library=Thu Vi?n Altium FULL HD.IntLib New Library=Thu Vi?n Altium FULL HD.IntLib
Change Component Library : Designator=12 Old Library=Thu Vi?n Altium FULL HD.IntLib New Library=Thu Vi?n Altium FULL HD.IntLib
Change Component Library : Designator=13 Old Library=Thu Vi?n Altium FULL HD.IntLib New Library=Thu Vi?n Altium FULL HD.IntLib
Change Component Library : Designator=16 Old Library=Thu Vi?n Altium FULL HD.IntLib New Library=Thu Vi?n Altium FULL HD.IntLib
Change Component Library : Designator=17 Old Library=Thu Vi?n Altium FULL HD.IntLib New Library=Thu Vi?n Altium FULL HD.IntLib
Change Component Library : Designator=C3 Old Library=Thu Vi?n Altium FULL HD.IntLib New Library=Thu Vi?n Altium FULL HD.IntLib
Change Component Library : Designator=C4 Old Library=Thu Vi?n Altium FULL HD.IntLib New Library=Thu Vi?n Altium FULL HD.IntLib
Change Component Library : Designator=JP1 Old Library=Thu Vi?n Altium FULL HD.IntLib New Library=Thu Vi?n Altium FULL HD.IntLib
Change Component Library : Designator=R1 Old Library=Thu Vi?n Altium FULL HD.IntLib New Library=Thu Vi?n Altium FULL HD.IntLib
Change Component Library : Designator=R2 Old Library=Thu Vi?n Altium FULL HD.IntLib New Library=Thu Vi?n Altium FULL HD.IntLib
Change Component Library : Designator=R4 Old Library=Thu Vi?n Altium FULL HD.IntLib New Library=Thu Vi?n Altium FULL HD.IntLib
Change Component Library : Designator=R5 Old Library=Thu Vi?n Altium FULL HD.IntLib New Library=Thu Vi?n Altium FULL HD.IntLib
Change Component Library : Designator=R6 Old Library=Thu Vi?n Altium FULL HD.IntLib New Library=Thu Vi?n Altium FULL HD.IntLib
Change Component Library : Designator=R7 Old Library=Thu Vi?n Altium FULL HD.IntLib New Library=Thu Vi?n Altium FULL HD.IntLib
Change Component Library : Designator=R8 Old Library=Thu Vi?n Altium FULL HD.IntLib New Library=Thu Vi?n Altium FULL HD.IntLib
Change Component Library : Designator=R9 Old Library=Thu Vi?n Altium FULL HD.IntLib New Library=Thu Vi?n Altium FULL HD.IntLib
Added Component: Designator=2(L-SMD-M-12x10)
Add component. Clean all parameters for all variants
Add component (AddParameter): Name = "ComponentLink1Description"; Value = "Manufacturer"; VariantName = "[No Variations]"
Add component (AddParameter): Name = "ComponentLink1URL"; Value = "http://www.we-online.de"; VariantName = "[No Variations]"
Add component (AddParameter): Name = "ComponentLink2Description"; Value = "Datasheet"; VariantName = "[No Variations]"
Add component (AddParameter): Name = "ComponentLink2URL"; Value = "http://katalog.we-online.de/pbs/datasheet/78477010.pdf"; VariantName = "[No Variations]"
Add component (AddParameter): Name = "Created by"; Value = "Baojun Chen"; VariantName = "[No Variations]"
Add component (AddParameter): Name = "Created Date"; Value = "Nov.2015"; VariantName = "[No Variations]"
Add component (AddParameter): Name = "Inductance"; Value = "1.0 µH"; VariantName = "[No Variations]"
Add component (AddParameter): Name = "Manufacturer"; Value = "Wurth Elektronik"; VariantName = "[No Variations]"
Add component (AddParameter): Name = "partNo"; Value = "78477010"; VariantName = "[No Variations]"
Added Component: Designator=18(SC_TO-252AA)
Add component. Clean all parameters for all variants
Added Component: Designator=C1(*CAPAE1050X1050N)
Add component. Clean all parameters for all variants
Add component (AddParameter): Name = "Digi-Key_Part_Number"; Value = "4437PHCT-ND"; VariantName = "[No Variations]"
Add component (AddParameter): Name = "Digi-Key_Purchase_URL"; Value = "https://www.digikey.com/product-detail/en/vishay-bc-components/MAL214699103E3/4437PHCT-ND/2410460?utm_source=snapeda&utm_medium=aggregator&utm_campaign=symbol"; VariantName = "[No Variations]"
Add component (AddParameter): Name = "MF"; Value = "Vishay BC"; VariantName = "[No Variations]"
Add component (AddParameter): Name = "MP"; Value = "MAL214699103E3"; VariantName = "[No Variations]"
Add component (AddParameter): Name = "Package"; Value = "Radial Vishay BC"; VariantName = "[No Variations]"
Add component (AddParameter): Name = "SnapEDA_Link"; Value = "https://www.snapeda.com/parts/MAL214699103E3/Vishay%20BC%20Components/view-part/285948/?ref=snap"; VariantName = "[No Variations]"
Add component (AddParameter): Name = "Value"; Value = ""; VariantName = "[No Variations]"
Added Component: Designator=C2(*CAPAE1050X1050N)
Add component. Clean all parameters for all variants
Add component (AddParameter): Name = "Digi-Key_Part_Number"; Value = "4437PHCT-ND"; VariantName = "[No Variations]"
Add component (AddParameter): Name = "Digi-Key_Purchase_URL"; Value = "https://www.digikey.com/product-detail/en/vishay-bc-components/MAL214699103E3/4437PHCT-ND/2410460?utm_source=snapeda&utm_medium=aggregator&utm_campaign=symbol"; VariantName = "[No Variations]"
Add component (AddParameter): Name = "MF"; Value = "Vishay BC"; VariantName = "[No Variations]"
Add component (AddParameter): Name = "MP"; Value = "MAL214699103E3"; VariantName = "[No Variations]"
Add component (AddParameter): Name = "Package"; Value = "Radial Vishay BC"; VariantName = "[No Variations]"
Add component (AddParameter): Name = "SnapEDA_Link"; Value = "https://www.snapeda.com/parts/MAL214699103E3/Vishay%20BC%20Components/view-part/285948/?ref=snap"; VariantName = "[No Variations]"
Add component (AddParameter): Name = "Value"; Value = ""; VariantName = "[No Variations]"
Added Component: Designator=C5(*CAPAE1050X1050N)
Add component. Clean all parameters for all variants
Add component (AddParameter): Name = "Digi-Key_Part_Number"; Value = "4437PHCT-ND"; VariantName = "[No Variations]"
Add component (AddParameter): Name = "Digi-Key_Purchase_URL"; Value = "https://www.digikey.com/product-detail/en/vishay-bc-components/MAL214699103E3/4437PHCT-ND/2410460?utm_source=snapeda&utm_medium=aggregator&utm_campaign=symbol"; VariantName = "[No Variations]"
Add component (AddParameter): Name = "MF"; Value = "Vishay BC"; VariantName = "[No Variations]"
Add component (AddParameter): Name = "MP"; Value = "MAL214699103E3"; VariantName = "[No Variations]"
Add component (AddParameter): Name = "Package"; Value = "Radial Vishay BC"; VariantName = "[No Variations]"
Add component (AddParameter): Name = "SnapEDA_Link"; Value = "https://www.snapeda.com/parts/MAL214699103E3/Vishay%20BC%20Components/view-part/285948/?ref=snap"; VariantName = "[No Variations]"
Add component (AddParameter): Name = "Value"; Value = ""; VariantName = "[No Variations]"
Added Component: Designator=JDC1(DC0)
Add component. Clean all parameters for all variants
Add component (AddParameter): Name = "Value"; Value = "Jac DC"; VariantName = "[No Variations]"
Added Component: Designator=LED1(LED-0805-Blue)
Add component. Clean all parameters for all variants
Add component (AddParameter): Name = "Value"; Value = "LED 3 - 5 ly 2 Colour"; VariantName = "[No Variations]"
Added Component: Designator=Q5(SOT23B)
Add component. Clean all parameters for all variants
Add component (AddParameter): Name = ""; Value = "C2383"; VariantName = "[No Variations]"
Add component (AddParameter): Name = "Value"; Value = "C1815"; VariantName = "[No Variations]"
Added Component: Designator=R3(RES-SMD-0805)
Add component. Clean all parameters for all variants
Add component (AddParameter): Name = "Class"; Value = "Passive"; VariantName = "[No Variations]"
Add component (AddParameter): Name = "Manufacturer"; Value = "Generic Components"; VariantName = "[No Variations]"
Add component (AddParameter): Name = "Published"; Value = "08/06/2000"; VariantName = "[No Variations]"
Add component (AddParameter): Name = "Publisher"; Value = "Altium Hobart Technology Centre"; VariantName = "[No Variations]"
Added Component: Designator=R10(RES-SMD-0805)
Add component. Clean all parameters for all variants
Add component (AddParameter): Name = "Class"; Value = "Passive"; VariantName = "[No Variations]"
Add component (AddParameter): Name = "Manufacturer"; Value = "Generic Components"; VariantName = "[No Variations]"
Add component (AddParameter): Name = "Published"; Value = "08/06/2000"; VariantName = "[No Variations]"
Add component (AddParameter): Name = "Publisher"; Value = "Altium Hobart Technology Centre"; VariantName = "[No Variations]"
Added Component: Designator=R11(RES-SMD-0805)
Add component. Clean all parameters for all variants
Add component (AddParameter): Name = "Class"; Value = "Passive"; VariantName = "[No Variations]"
Add component (AddParameter): Name = "Manufacturer"; Value = "Generic Components"; VariantName = "[No Variations]"
Add component (AddParameter): Name = "Published"; Value = "08/06/2000"; VariantName = "[No Variations]"
Add component (AddParameter): Name = "Publisher"; Value = "Altium Hobart Technology Centre"; VariantName = "[No Variations]"
Added Component: Designator=R12(RES-SMD-0805)
Add component. Clean all parameters for all variants
Add component (AddParameter): Name = "Class"; Value = "Passive"; VariantName = "[No Variations]"
Add component (AddParameter): Name = "Manufacturer"; Value = "Generic Components"; VariantName = "[No Variations]"
Add component (AddParameter): Name = "Published"; Value = "08/06/2000"; VariantName = "[No Variations]"
Add component (AddParameter): Name = "Publisher"; Value = "Altium Hobart Technology Centre"; VariantName = "[No Variations]"
Added Component: Designator=SS1(DIO-SMD-B)
Add component. Clean all parameters for all variants
Add component (AddParameter): Name = "Code - JEDEC"; Value = "DO-214-AB"; VariantName = "[No Variations]"
Add component (AddParameter): Name = "Published"; Value = "8-Jun-2000"; VariantName = "[No Variations]"
Add component (AddParameter): Name = "Publisher"; Value = "Altium Limited"; VariantName = "[No Variations]"
Add component (AddParameter): Name = "Revision"; Value = "July-2002: Re-released for DXP Platform."; VariantName = "[No Variations]"
Add component (AddParameter): Name = "Value"; Value = "1N5007"; VariantName = "[No Variations]"
Added Component: Designator=VR1(*DPAK170P1435X465-6N)
Add component. Clean all parameters for all variants
Add component (AddParameter): Name = "Availability"; Value = "Unavailable"; VariantName = "[No Variations]"
Add component (AddParameter): Name = "MF"; Value = "XLSEMI"; VariantName = "[No Variations]"
Add component (AddParameter): Name = "MP"; Value = "XL6009"; VariantName = "[No Variations]"
Add component (AddParameter): Name = "Package"; Value = "Package Analog Devices"; VariantName = "[No Variations]"
Add component (AddParameter): Name = "Price"; Value = "None"; VariantName = "[No Variations]"
Add component (AddParameter): Name = "SnapEDA_Link"; Value = "https://www.snapeda.com/parts/XL6009/XLSEMI/view-part/3211005/?ref=snap"; VariantName = "[No Variations]"
Add component (AddParameter): Name = "Value"; Value = ""; VariantName = "[No Variations]"
Added Component: Designator=VR2(VR-S3)
Add component. Clean all parameters for all variants
Add component (AddParameter): Name = "Value"; Value = "Volume 50k"; VariantName = "[No Variations]"
Added Pin To Net: NetName=GND Pin=C1-2
Added Pin To Net: NetName=GND Pin=C2-2
Added Pin To Net: NetName=GND Pin=C5-2
Added Pin To Net: NetName=GND Pin=JDC1-2
Added Pin To Net: NetName=GND Pin=LED1-2
Added Pin To Net: NetName=GND Pin=Q5-1
Added Pin To Net: NetName=GND Pin=R3-2
Added Pin To Net: NetName=GND Pin=VR1-1
Change Net Name : Old Net Name=Net2_1 New Net Name=Net3_1
Change Net Name : Old Net Name=Net2_3 New Net Name=Net3_3
Change Net Name : Old Net Name=Net9_1 New Net Name=Net10_1
Change Net Name : Old Net Name=Net9_3 New Net Name=Net10_3
Change Net Name : Old Net Name=Net10_1 New Net Name=Net11_1
Change Net Name : Old Net Name=Net10_3 New Net Name=Net11_3
Added Pin To Net: NetName=Net2_1 Pin=2-1
Added Pin To Net: NetName=Net2_1 Pin=C2-1
Added Pin To Net: NetName=Net2_1 Pin=R12-2
Added Pin To Net: NetName=Net2_1 Pin=VR1-4
Added Net: Name=Net2_1
Added Pin To Net: NetName=Net2_2 Pin=2-2
Added Pin To Net: NetName=Net2_2 Pin=SS1-1
Added Pin To Net: NetName=Net2_2 Pin=VR1-3
Added Net: Name=Net2_2
Added Pin To Net: NetName=Net18_1 Pin=18-1
Added Pin To Net: NetName=Net18_1 Pin=Q5-2
Added Pin To Net: NetName=Net18_1 Pin=R11-1
Added Net: Name=Net18_1
Added Pin To Net: NetName=Net18_2 Pin=18-2
Added Pin To Net: NetName=Net18_2 Pin=C5-1
Added Pin To Net: NetName=Net18_2 Pin=JDC1-1
Added Pin To Net: NetName=Net18_2 Pin=R10-1
Added Net: Name=Net18_2
Added Pin To Net: NetName=Net18_3 Pin=18-3
Added Pin To Net: NetName=Net18_3 Pin=Q5-3
Added Pin To Net: NetName=Net18_3 Pin=R12-1
Added Net: Name=Net18_3
Added Pin To Net: NetName=NetC1_1 Pin=C1-1
Added Pin To Net: NetName=NetC1_1 Pin=SS1-2
Added Pin To Net: NetName=NetC1_1 Pin=VR2-1
Added Net: Name=NetC1_1
Added Pin To Net: NetName=NetLED1_1 Pin=LED1-1
Added Pin To Net: NetName=NetLED1_1 Pin=R10-2
Added Net: Name=NetLED1_1
Added Pin To Net: NetName=NetR3_1 Pin=R3-1
Added Pin To Net: NetName=NetR3_1 Pin=VR1-5
Added Pin To Net: NetName=NetR3_1 Pin=VR2-2
Added Pin To Net: NetName=NetR3_1 Pin=VR2-3
Added Net: Name=NetR3_1
Added Pin To Net: NetName=NetR11_2 Pin=R11-2
Added Net: Name=NetR11_2
Added Member To Class: ClassName=Sheet1 Member=Component 17 1N4007
Added Member To Class: ClassName=Sheet1 Member=Component 18 TIP41C
Added Member To Class: ClassName=Sheet1 Member=Component C3 Header4
Added Member To Class: ClassName=Sheet1 Member=Component C4 Header4
Added Member To Class: ClassName=Sheet1 Member=Component C5 MAL214699103E3
Added Member To Class: ClassName=Sheet1 Member=Component JDC1 Jac DC
Added Member To Class: ClassName=Sheet1 Member=Component LED1 LED
Added Member To Class: ClassName=Sheet1 Member=Component Q5 C1815
Added Member To Class: ClassName=Sheet1 Member=Component R9 1k
Added Member To Class: ClassName=Sheet1 Member=Component R10 Res
Added Member To Class: ClassName=Sheet1 Member=Component R11 Res
Added Member To Class: ClassName=Sheet1 Member=Component R12 Res
Added Member To Class: ClassName=Sheet1 Member=Component SS1 Diode SMD
Added Member To Class: ClassName=Sheet1 Member=Component VR1 XL6009
Added Member To Class: ClassName=Sheet1 Member=Component VR2 100k
Added Room: Name=Sheet1
